Performing C SOURCE FILE Test C_HAS_WARNING-Wno-long-double failed with the following output:
Change Dir: /Users/fabianhielscher/Dev/Masterarbeit/code/build/ITK-build/CMakeFiles/CMakeTmp

Run Build Command(s):/usr/bin/make cmTC_97bb9/fast 
/Library/Developer/CommandLineTools/usr/bin/make -f CMakeFiles/cmTC_97bb9.dir/build.make CMakeFiles/cmTC_97bb9.dir/build
Building C object CMakeFiles/cmTC_97bb9.dir/src.c.o
/Library/Developer/CommandLineTools/usr/bin/cc   -DC_HAS_WARNING-Wno-long-double -isysroot /Library/Developer/CommandLineTools/SDKs/MacOSX10.14.sdk -fPIE   -Wno-long-double -o CMakeFiles/cmTC_97bb9.dir/src.c.o   -c /Users/fabianhielscher/Dev/Masterarbeit/code/build/ITK-build/CMakeFiles/CMakeTmp/src.c
warning: unknown warning option '-Wno-long-double'; did you mean '-Wno-long-long'? [-Wunknown-warning-option]
In file included from <built-in>:361:
<command line>:1:22: warning: ISO C99 requires whitespace after the macro name [-Wc99-extensions]
#define C_HAS_WARNING-Wno-long-double 1
                     ^
2 warnings generated.
Linking C executable cmTC_97bb9
/Library/Frameworks/Python.framework/Versions/3.7/lib/python3.7/site-packages/cmake/data/CMake.app/Contents/bin/cmake -E cmake_link_script CMakeFiles/cmTC_97bb9.dir/link.txt --verbose=1
/Library/Developer/CommandLineTools/usr/bin/cc  -DC_HAS_WARNING-Wno-long-double -isysroot /Library/Developer/CommandLineTools/SDKs/MacOSX10.14.sdk -Wl,-search_paths_first -Wl,-headerpad_max_install_names   CMakeFiles/cmTC_97bb9.dir/src.c.o  -o cmTC_97bb9 

Source file was:
int main(void) { return 0; }
Performing C++ SOURCE FILE Test CXX_HAS_WARNING-Wno-long-double failed with the following output:
Change Dir: /Users/fabianhielscher/Dev/Masterarbeit/code/build/ITK-build/CMakeFiles/CMakeTmp

Run Build Command(s):/usr/bin/make cmTC_84ab1/fast 
/Library/Developer/CommandLineTools/usr/bin/make -f CMakeFiles/cmTC_84ab1.dir/build.make CMakeFiles/cmTC_84ab1.dir/build
Building CXX object CMakeFiles/cmTC_84ab1.dir/src.cxx.o
/Library/Developer/CommandLineTools/usr/bin/c++    -std=c++11 -DCXX_HAS_WARNING-Wno-long-double -isysroot /Library/Developer/CommandLineTools/SDKs/MacOSX10.14.sdk -fPIE   -Wno-long-double -o CMakeFiles/cmTC_84ab1.dir/src.cxx.o -c /Users/fabianhielscher/Dev/Masterarbeit/code/build/ITK-build/CMakeFiles/CMakeTmp/src.cxx
warning: unknown warning option '-Wno-long-double'; did you mean '-Wno-long-long'? [-Wunknown-warning-option]
In file included from <built-in>:391:
<command line>:1:24: warning: ISO C99 requires whitespace after the macro name [-Wc99-extensions]
#define CXX_HAS_WARNING-Wno-long-double 1
                       ^
2 warnings generated.
Linking CXX executable cmTC_84ab1
/Library/Frameworks/Python.framework/Versions/3.7/lib/python3.7/site-packages/cmake/data/CMake.app/Contents/bin/cmake -E cmake_link_script CMakeFiles/cmTC_84ab1.dir/link.txt --verbose=1
/Library/Developer/CommandLineTools/usr/bin/c++   -std=c++11 -DCXX_HAS_WARNING-Wno-long-double -isysroot /Library/Developer/CommandLineTools/SDKs/MacOSX10.14.sdk -Wl,-search_paths_first -Wl,-headerpad_max_install_names   CMakeFiles/cmTC_84ab1.dir/src.cxx.o  -o cmTC_84ab1 

Source file was:
int main() { return 0;}
Performing C++ SOURCE FILE Test CXX_HAS_WARNING-Wstrict-null-sentinel failed with the following output:
Change Dir: /Users/fabianhielscher/Dev/Masterarbeit/code/build/ITK-build/CMakeFiles/CMakeTmp

Run Build Command(s):/usr/bin/make cmTC_7f17a/fast 
/Library/Developer/CommandLineTools/usr/bin/make -f CMakeFiles/cmTC_7f17a.dir/build.make CMakeFiles/cmTC_7f17a.dir/build
Building CXX object CMakeFiles/cmTC_7f17a.dir/src.cxx.o
/Library/Developer/CommandLineTools/usr/bin/c++    -std=c++11 -DCXX_HAS_WARNING-Wstrict-null-sentinel -isysroot /Library/Developer/CommandLineTools/SDKs/MacOSX10.14.sdk -fPIE   -Wstrict-null-sentinel -o CMakeFiles/cmTC_7f17a.dir/src.cxx.o -c /Users/fabianhielscher/Dev/Masterarbeit/code/build/ITK-build/CMakeFiles/CMakeTmp/src.cxx
warning: unknown warning option '-Wstrict-null-sentinel' [-Wunknown-warning-option]
In file included from <built-in>:391:
<command line>:1:24: warning: ISO C99 requires whitespace after the macro name [-Wc99-extensions]
#define CXX_HAS_WARNING-Wstrict-null-sentinel 1
                       ^
2 warnings generated.
Linking CXX executable cmTC_7f17a
/Library/Frameworks/Python.framework/Versions/3.7/lib/python3.7/site-packages/cmake/data/CMake.app/Contents/bin/cmake -E cmake_link_script CMakeFiles/cmTC_7f17a.dir/link.txt --verbose=1
/Library/Developer/CommandLineTools/usr/bin/c++   -std=c++11 -DCXX_HAS_WARNING-Wstrict-null-sentinel -isysroot /Library/Developer/CommandLineTools/SDKs/MacOSX10.14.sdk -Wl,-search_paths_first -Wl,-headerpad_max_install_names   CMakeFiles/cmTC_7f17a.dir/src.cxx.o  -o cmTC_7f17a 

Source file was:
int main() { return 0;}
Checking whether C++ compiler has '__int64' failed to compile with the following output:
Change Dir: /Users/fabianhielscher/Dev/Masterarbeit/code/build/ITK-build/Modules/ThirdParty/KWSys/src/KWSys/CMakeFiles/CMakeTmp

Run Build Command(s):/usr/bin/make cmTC_c5977/fast 
/Library/Developer/CommandLineTools/usr/bin/make -f CMakeFiles/cmTC_c5977.dir/build.make CMakeFiles/cmTC_c5977.dir/build
Building CXX object CMakeFiles/cmTC_c5977.dir/kwsysPlatformTestsCXX.cxx.o
/Library/Developer/CommandLineTools/usr/bin/c++  -DTEST_KWSYS_CXX_HAS___INT64  -std=c++11  -Wall -Wcast-align -Wdisabled-optimization -Wextra -Wformat=2 -Winvalid-pch -Wno-format-nonliteral -Wpointer-arith -Wshadow -Wunused -Wwrite-strings -funit-at-a-time -Wno-strict-overflow -Wno-deprecated -Wno-invalid-offsetof -Woverloaded-virtual  -w  -isysroot /Library/Developer/CommandLineTools/SDKs/MacOSX10.14.sdk -fPIE   -o CMakeFiles/cmTC_c5977.dir/kwsysPlatformTestsCXX.cxx.o -c /Users/fabianhielscher/Dev/Masterarbeit/code/build/ITK/Modules/ThirdParty/KWSys/src/KWSys/kwsysPlatformTestsCXX.cxx
/Users/fabianhielscher/Dev/Masterarbeit/code/build/ITK/Modules/ThirdParty/KWSys/src/KWSys/kwsysPlatformTestsCXX.cxx:24:1: error: unknown type name '__int64'
__int64 f(__int64 n)
^
/Users/fabianhielscher/Dev/Masterarbeit/code/build/ITK/Modules/ThirdParty/KWSys/src/KWSys/kwsysPlatformTestsCXX.cxx:24:11: error: unknown type name '__int64'
__int64 f(__int64 n)
          ^
/Users/fabianhielscher/Dev/Masterarbeit/code/build/ITK/Modules/ThirdParty/KWSys/src/KWSys/kwsysPlatformTestsCXX.cxx:30:3: error: unknown type name '__int64'
  __int64 n = 0;
  ^
3 errors generated.
make[4]: *** [CMakeFiles/cmTC_c5977.dir/kwsysPlatformTestsCXX.cxx.o] Error 1
make[3]: *** [cmTC_c5977/fast] Error 2


Checking whether CXX compiler has environ in stdlib.h failed to compile with the following output:
Change Dir: /Users/fabianhielscher/Dev/Masterarbeit/code/build/ITK-build/Modules/ThirdParty/KWSys/src/KWSys/CMakeFiles/CMakeTmp

Run Build Command(s):/usr/bin/make cmTC_68e08/fast 
/Library/Developer/CommandLineTools/usr/bin/make -f CMakeFiles/cmTC_68e08.dir/build.make CMakeFiles/cmTC_68e08.dir/build
Building CXX object CMakeFiles/cmTC_68e08.dir/kwsysPlatformTestsCXX.cxx.o
/Library/Developer/CommandLineTools/usr/bin/c++  -DTEST_KWSYS_CXX_HAS_ENVIRON_IN_STDLIB_H  -std=c++11  -Wall -Wcast-align -Wdisabled-optimization -Wextra -Wformat=2 -Winvalid-pch -Wno-format-nonliteral -Wpointer-arith -Wshadow -Wunused -Wwrite-strings -funit-at-a-time -Wno-strict-overflow -Wno-deprecated -Wno-invalid-offsetof -Woverloaded-virtual  -w  -isysroot /Library/Developer/CommandLineTools/SDKs/MacOSX10.14.sdk -fPIE   -o CMakeFiles/cmTC_68e08.dir/kwsysPlatformTestsCXX.cxx.o -c /Users/fabianhielscher/Dev/Masterarbeit/code/build/ITK/Modules/ThirdParty/KWSys/src/KWSys/kwsysPlatformTestsCXX.cxx
/Users/fabianhielscher/Dev/Masterarbeit/code/build/ITK/Modules/ThirdParty/KWSys/src/KWSys/kwsysPlatformTestsCXX.cxx:196:13: error: use of undeclared identifier 'environ'
  char* e = environ[0];
            ^
1 error generated.
make[4]: *** [CMakeFiles/cmTC_68e08.dir/kwsysPlatformTestsCXX.cxx.o] Error 1
make[3]: *** [cmTC_68e08/fast] Error 2


Checking whether CXX compiler struct stat has st_mtim member failed to compile with the following output:
Change Dir: /Users/fabianhielscher/Dev/Masterarbeit/code/build/ITK-build/Modules/ThirdParty/KWSys/src/KWSys/CMakeFiles/CMakeTmp

Run Build Command(s):/usr/bin/make cmTC_761cd/fast 
/Library/Developer/CommandLineTools/usr/bin/make -f CMakeFiles/cmTC_761cd.dir/build.make CMakeFiles/cmTC_761cd.dir/build
Building CXX object CMakeFiles/cmTC_761cd.dir/kwsysPlatformTestsCXX.cxx.o
/Library/Developer/CommandLineTools/usr/bin/c++  -DTEST_KWSYS_CXX_STAT_HAS_ST_MTIM  -std=c++11  -Wall -Wcast-align -Wdisabled-optimization -Wextra -Wformat=2 -Winvalid-pch -Wno-format-nonliteral -Wpointer-arith -Wshadow -Wunused -Wwrite-strings -funit-at-a-time -Wno-strict-overflow -Wno-deprecated -Wno-invalid-offsetof -Woverloaded-virtual  -w  -isysroot /Library/Developer/CommandLineTools/SDKs/MacOSX10.14.sdk -fPIE   -o CMakeFiles/cmTC_761cd.dir/kwsysPlatformTestsCXX.cxx.o -c /Users/fabianhielscher/Dev/Masterarbeit/code/build/ITK/Modules/ThirdParty/KWSys/src/KWSys/kwsysPlatformTestsCXX.cxx
/Users/fabianhielscher/Dev/Masterarbeit/code/build/ITK/Modules/ThirdParty/KWSys/src/KWSys/kwsysPlatformTestsCXX.cxx:43:15: error: no member named 'st_mtim' in 'stat'
  (void)stat1.st_mtim.tv_sec;
        ~~~~~ ^
/Users/fabianhielscher/Dev/Masterarbeit/code/build/ITK/Modules/ThirdParty/KWSys/src/KWSys/kwsysPlatformTestsCXX.cxx:44:15: error: no member named 'st_mtim' in 'stat'
  (void)stat1.st_mtim.tv_nsec;
        ~~~~~ ^
2 errors generated.
make[4]: *** [CMakeFiles/cmTC_761cd.dir/kwsysPlatformTestsCXX.cxx.o] Error 1
make[3]: *** [cmTC_761cd/fast] Error 2


Checking whether CXX compiler has rlimit64 failed to compile with the following output:
Change Dir: /Users/fabianhielscher/Dev/Masterarbeit/code/build/ITK-build/Modules/ThirdParty/KWSys/src/KWSys/CMakeFiles/CMakeTmp

Run Build Command(s):/usr/bin/make cmTC_474ec/fast 
/Library/Developer/CommandLineTools/usr/bin/make -f CMakeFiles/cmTC_474ec.dir/build.make CMakeFiles/cmTC_474ec.dir/build
Building CXX object CMakeFiles/cmTC_474ec.dir/kwsysPlatformTestsCXX.cxx.o
/Library/Developer/CommandLineTools/usr/bin/c++  -DKWSYS_HAS_LFS=1 -DTEST_KWSYS_CXX_HAS_RLIMIT64  -std=c++11  -Wall -Wcast-align -Wdisabled-optimization -Wextra -Wformat=2 -Winvalid-pch -Wno-format-nonliteral -Wpointer-arith -Wshadow -Wunused -Wwrite-strings -funit-at-a-time -Wno-strict-overflow -Wno-deprecated -Wno-invalid-offsetof -Woverloaded-virtual  -w  -isysroot /Library/Developer/CommandLineTools/SDKs/MacOSX10.14.sdk -fPIE   -o CMakeFiles/cmTC_474ec.dir/kwsysPlatformTestsCXX.cxx.o -c /Users/fabianhielscher/Dev/Masterarbeit/code/build/ITK/Modules/ThirdParty/KWSys/src/KWSys/kwsysPlatformTestsCXX.cxx
/Users/fabianhielscher/Dev/Masterarbeit/code/build/ITK/Modules/ThirdParty/KWSys/src/KWSys/kwsysPlatformTestsCXX.cxx:224:19: error: variable has incomplete type 'struct rlimit64'
  struct rlimit64 rlim;
                  ^
/Users/fabianhielscher/Dev/Masterarbeit/code/build/ITK/Modules/ThirdParty/KWSys/src/KWSys/kwsysPlatformTestsCXX.cxx:224:10: note: forward declaration of 'rlimit64'
  struct rlimit64 rlim;
         ^
1 error generated.
make[4]: *** [CMakeFiles/cmTC_474ec.dir/kwsysPlatformTestsCXX.cxx.o] Error 1
make[3]: *** [cmTC_474ec/fast] Error 2


Checking whether CXX compiler has _atoi64 failed to compile with the following output:
Change Dir: /Users/fabianhielscher/Dev/Masterarbeit/code/build/ITK-build/Modules/ThirdParty/KWSys/src/KWSys/CMakeFiles/CMakeTmp

Run Build Command(s):/usr/bin/make cmTC_77aa3/fast 
/Library/Developer/CommandLineTools/usr/bin/make -f CMakeFiles/cmTC_77aa3.dir/build.make CMakeFiles/cmTC_77aa3.dir/build
Building CXX object CMakeFiles/cmTC_77aa3.dir/kwsysPlatformTestsCXX.cxx.o
/Library/Developer/CommandLineTools/usr/bin/c++  -DTEST_KWSYS_CXX_HAS__ATOI64  -std=c++11  -Wall -Wcast-align -Wdisabled-optimization -Wextra -Wformat=2 -Winvalid-pch -Wno-format-nonliteral -Wpointer-arith -Wshadow -Wunused -Wwrite-strings -funit-at-a-time -Wno-strict-overflow -Wno-deprecated -Wno-invalid-offsetof -Woverloaded-virtual  -w  -isysroot /Library/Developer/CommandLineTools/SDKs/MacOSX10.14.sdk -fPIE   -o CMakeFiles/cmTC_77aa3.dir/kwsysPlatformTestsCXX.cxx.o -c /Users/fabianhielscher/Dev/Masterarbeit/code/build/ITK/Modules/ThirdParty/KWSys/src/KWSys/kwsysPlatformTestsCXX.cxx
/Users/fabianhielscher/Dev/Masterarbeit/code/build/ITK/Modules/ThirdParty/KWSys/src/KWSys/kwsysPlatformTestsCXX.cxx:252:27: error: use of undeclared identifier '_atoi64'
  return static_cast<int>(_atoi64(str));
                          ^
1 error generated.
make[4]: *** [CMakeFiles/cmTC_77aa3.dir/kwsysPlatformTestsCXX.cxx.o] Error 1
make[3]: *** [cmTC_77aa3/fast] Error 2


Checking whether <ext/stdio_filebuf.h> is available failed to compile with the following output:
Change Dir: /Users/fabianhielscher/Dev/Masterarbeit/code/build/ITK-build/Modules/ThirdParty/KWSys/src/KWSys/CMakeFiles/CMakeTmp

Run Build Command(s):/usr/bin/make cmTC_ceb86/fast 
/Library/Developer/CommandLineTools/usr/bin/make -f CMakeFiles/cmTC_ceb86.dir/build.make CMakeFiles/cmTC_ceb86.dir/build
Building CXX object CMakeFiles/cmTC_ceb86.dir/kwsysPlatformTestsCXX.cxx.o
/Library/Developer/CommandLineTools/usr/bin/c++  -DTEST_KWSYS_CXX_HAS_EXT_STDIO_FILEBUF_H  -std=c++11  -Wall -Wcast-align -Wdisabled-optimization -Wextra -Wformat=2 -Winvalid-pch -Wno-format-nonliteral -Wpointer-arith -Wshadow -Wunused -Wwrite-strings -funit-at-a-time -Wno-strict-overflow -Wno-deprecated -Wno-invalid-offsetof -Woverloaded-virtual  -w  -isysroot /Library/Developer/CommandLineTools/SDKs/MacOSX10.14.sdk -fPIE   -o CMakeFiles/cmTC_ceb86.dir/kwsysPlatformTestsCXX.cxx.o -c /Users/fabianhielscher/Dev/Masterarbeit/code/build/ITK/Modules/ThirdParty/KWSys/src/KWSys/kwsysPlatformTestsCXX.cxx
/Users/fabianhielscher/Dev/Masterarbeit/code/build/ITK/Modules/ThirdParty/KWSys/src/KWSys/kwsysPlatformTestsCXX.cxx:372:10: fatal error: 'ext/stdio_filebuf.h' file not found
#include <ext/stdio_filebuf.h>
         ^~~~~~~~~~~~~~~~~~~~~
1 error generated.
make[4]: *** [CMakeFiles/cmTC_ceb86.dir/kwsysPlatformTestsCXX.cxx.o] Error 1
make[3]: *** [cmTC_ceb86/fast] Error 2


Performing Test VCL_OVERLOAD_CAST failed with the following output:
Change Dir: /Users/fabianhielscher/Dev/Masterarbeit/code/build/ITK-build/CMakeFiles/CMakeTmp

Run Build Command(s):/usr/bin/make cmTC_f9cd3/fast 
/Library/Developer/CommandLineTools/usr/bin/make -f CMakeFiles/cmTC_f9cd3.dir/build.make CMakeFiles/cmTC_f9cd3.dir/build
Building CXX object CMakeFiles/cmTC_f9cd3.dir/vxl_platform_tests.cxx.o
/Library/Developer/CommandLineTools/usr/bin/c++  -DVCL_OVERLOAD_CAST  -std=c++11  -Wall -Wcast-align -Wdisabled-optimization -Wextra -Wformat=2 -Winvalid-pch -Wno-format-nonliteral -Wpointer-arith -Wshadow -Wunused -Wwrite-strings -funit-at-a-time -Wno-strict-overflow -Wno-deprecated -Wno-invalid-offsetof -Woverloaded-virtual  -w  -fPIC  -isysroot /Library/Developer/CommandLineTools/SDKs/MacOSX10.14.sdk -fPIE   -o CMakeFiles/cmTC_f9cd3.dir/vxl_platform_tests.cxx.o -c /Users/fabianhielscher/Dev/Masterarbeit/code/build/ITK/Modules/ThirdParty/VNL/src/vxl/config/cmake/config/vxl_platform_tests.cxx
/Users/fabianhielscher/Dev/Masterarbeit/code/build/ITK/Modules/ThirdParty/VNL/src/vxl/config/cmake/config/vxl_platform_tests.cxx:312:41: error: use of undeclared identifier 'data_fixed'; did you mean 'data_fixedn'?
  vnl_vector_fixed() : vnl_vector<T>(n, data_fixed) {}
                                        ^~~~~~~~~~
                                        data_fixedn
/Users/fabianhielscher/Dev/Masterarbeit/code/build/ITK/Modules/ThirdParty/VNL/src/vxl/config/cmake/config/vxl_platform_tests.cxx:311:5: note: 'data_fixedn' declared here
  T data_fixedn;
    ^
1 error generated.
make[4]: *** [CMakeFiles/cmTC_f9cd3.dir/vxl_platform_tests.cxx.o] Error 1
make[3]: *** [cmTC_f9cd3/fast] Error 2

Performing Test VCL_NULL_TMPL_ARGS failed with the following output:
Change Dir: /Users/fabianhielscher/Dev/Masterarbeit/code/build/ITK-build/CMakeFiles/CMakeTmp

Run Build Command(s):/usr/bin/make cmTC_09a37/fast 
/Library/Developer/CommandLineTools/usr/bin/make -f CMakeFiles/cmTC_09a37.dir/build.make CMakeFiles/cmTC_09a37.dir/build
Building CXX object CMakeFiles/cmTC_09a37.dir/vxl_platform_tests.cxx.o
/Library/Developer/CommandLineTools/usr/bin/c++  -DVCL_NULL_TMPL_ARGS  -std=c++11  -Wall -Wcast-align -Wdisabled-optimization -Wextra -Wformat=2 -Winvalid-pch -Wno-format-nonliteral -Wpointer-arith -Wshadow -Wunused -Wwrite-strings -funit-at-a-time -Wno-strict-overflow -Wno-deprecated -Wno-invalid-offsetof -Woverloaded-virtual  -w  -fPIC  -isysroot /Library/Developer/CommandLineTools/SDKs/MacOSX10.14.sdk -fPIE   -o CMakeFiles/cmTC_09a37.dir/vxl_platform_tests.cxx.o -c /Users/fabianhielscher/Dev/Masterarbeit/code/build/ITK/Modules/ThirdParty/VNL/src/vxl/config/cmake/config/vxl_platform_tests.cxx
/Users/fabianhielscher/Dev/Masterarbeit/code/build/ITK/Modules/ThirdParty/VNL/src/vxl/config/cmake/config/vxl_platform_tests.cxx:365:7: error: 'data' is a private member of 'victor<double>'
    u.data[0] * v.data[0] +
      ^
/Users/fabianhielscher/Dev/Masterarbeit/code/build/ITK/Modules/ThirdParty/VNL/src/vxl/config/cmake/config/vxl_platform_tests.cxx:370:17: note: in instantiation of function template specialization 'dot<double>' requested here
template double dot(victor<double> const &, victor<double> const &);
                ^
/Users/fabianhielscher/Dev/Masterarbeit/code/build/ITK/Modules/ThirdParty/VNL/src/vxl/config/cmake/config/vxl_platform_tests.cxx:359:5: note: declared private here
  T data[3];
    ^
/Users/fabianhielscher/Dev/Masterarbeit/code/build/ITK/Modules/ThirdParty/VNL/src/vxl/config/cmake/config/vxl_platform_tests.cxx:365:19: error: 'data' is a private member of 'victor<double>'
    u.data[0] * v.data[0] +
                  ^
/Users/fabianhielscher/Dev/Masterarbeit/code/build/ITK/Modules/ThirdParty/VNL/src/vxl/config/cmake/config/vxl_platform_tests.cxx:359:5: note: declared private here
  T data[3];
    ^
/Users/fabianhielscher/Dev/Masterarbeit/code/build/ITK/Modules/ThirdParty/VNL/src/vxl/config/cmake/config/vxl_platform_tests.cxx:366:7: error: 'data' is a private member of 'victor<double>'
    u.data[1] * v.data[1] +
      ^
/Users/fabianhielscher/Dev/Masterarbeit/code/build/ITK/Modules/ThirdParty/VNL/src/vxl/config/cmake/config/vxl_platform_tests.cxx:359:5: note: declared private here
  T data[3];
    ^
/Users/fabianhielscher/Dev/Masterarbeit/code/build/ITK/Modules/ThirdParty/VNL/src/vxl/config/cmake/config/vxl_platform_tests.cxx:366:19: error: 'data' is a private member of 'victor<double>'
    u.data[1] * v.data[1] +
                  ^
/Users/fabianhielscher/Dev/Masterarbeit/code/build/ITK/Modules/ThirdParty/VNL/src/vxl/config/cmake/config/vxl_platform_tests.cxx:359:5: note: declared private here
  T data[3];
    ^
/Users/fabianhielscher/Dev/Masterarbeit/code/build/ITK/Modules/ThirdParty/VNL/src/vxl/config/cmake/config/vxl_platform_tests.cxx:367:7: error: 'data' is a private member of 'victor<double>'
    u.data[2] * v.data[2];
      ^
/Users/fabianhielscher/Dev/Masterarbeit/code/build/ITK/Modules/ThirdParty/VNL/src/vxl/config/cmake/config/vxl_platform_tests.cxx:359:5: note: declared private here
  T data[3];
    ^
/Users/fabianhielscher/Dev/Masterarbeit/code/build/ITK/Modules/ThirdParty/VNL/src/vxl/config/cmake/config/vxl_platform_tests.cxx:367:19: error: 'data' is a private member of 'victor<double>'
    u.data[2] * v.data[2];
                  ^
/Users/fabianhielscher/Dev/Masterarbeit/code/build/ITK/Modules/ThirdParty/VNL/src/vxl/config/cmake/config/vxl_platform_tests.cxx:359:5: note: declared private here
  T data[3];
    ^
6 errors generated.
make[4]: *** [CMakeFiles/cmTC_09a37.dir/vxl_platform_tests.cxx.o] Error 1
make[3]: *** [cmTC_09a37/fast] Error 2

Performing Try-Run Test VCL_HAS_TEMPLATE_SYMBOLS failed to compile with the following output:
Change Dir: /Users/fabianhielscher/Dev/Masterarbeit/code/build/ITK-build/CMakeFiles/CMakeTmp

Run Build Command(s):/usr/bin/make cmTC_eb7c9/fast 
/Library/Developer/CommandLineTools/usr/bin/make -f CMakeFiles/cmTC_eb7c9.dir/build.make CMakeFiles/cmTC_eb7c9.dir/build
Building CXX object CMakeFiles/cmTC_eb7c9.dir/vxl_platform_tests.cxx.o
/Library/Developer/CommandLineTools/usr/bin/c++    -std=c++11  -Wall -Wcast-align -Wdisabled-optimization -Wextra -Wformat=2 -Winvalid-pch -Wno-format-nonliteral -Wpointer-arith -Wshadow -Wunused -Wwrite-strings -funit-at-a-time -Wno-strict-overflow -Wno-deprecated -Wno-invalid-offsetof -Woverloaded-virtual  -w  -fPIC -DVCL_HAS_TEMPLATE_SYMBOLS -isysroot /Library/Developer/CommandLineTools/SDKs/MacOSX10.14.sdk -fPIE   -o CMakeFiles/cmTC_eb7c9.dir/vxl_platform_tests.cxx.o -c /Users/fabianhielscher/Dev/Masterarbeit/code/build/ITK/Modules/ThirdParty/VNL/src/vxl/config/cmake/config/vxl_platform_tests.cxx
Linking CXX executable cmTC_eb7c9
/Library/Frameworks/Python.framework/Versions/3.7/lib/python3.7/site-packages/cmake/data/CMake.app/Contents/bin/cmake -E cmake_link_script CMakeFiles/cmTC_eb7c9.dir/link.txt --verbose=1
/Library/Developer/CommandLineTools/usr/bin/c++   -std=c++11  -Wall -Wcast-align -Wdisabled-optimization -Wextra -Wformat=2 -Winvalid-pch -Wno-format-nonliteral -Wpointer-arith -Wshadow -Wunused -Wwrite-strings -funit-at-a-time -Wno-strict-overflow -Wno-deprecated -Wno-invalid-offsetof -Woverloaded-virtual  -w  -fPIC -DVCL_HAS_TEMPLATE_SYMBOLS -isysroot /Library/Developer/CommandLineTools/SDKs/MacOSX10.14.sdk -Wl,-search_paths_first -Wl,-headerpad_max_install_names   CMakeFiles/cmTC_eb7c9.dir/vxl_platform_tests.cxx.o  -o cmTC_eb7c9 
Undefined symbols for architecture x86_64:
  "void function<double>(double*, int)", referenced from:
      caller() in vxl_platform_tests.cxx.o
ld: symbol(s) not found for architecture x86_64
clang: error: linker command failed with exit code 1 (use -v to see invocation)
make[4]: *** [cmTC_eb7c9] Error 1
make[3]: *** [cmTC_eb7c9/fast] Error 2

Performing Test VCL_NEEDS_NAMESPACE_STD failed with the following output:
Change Dir: /Users/fabianhielscher/Dev/Masterarbeit/code/build/ITK-build/CMakeFiles/CMakeTmp

Run Build Command(s):/usr/bin/make cmTC_93ebf/fast 
/Library/Developer/CommandLineTools/usr/bin/make -f CMakeFiles/cmTC_93ebf.dir/build.make CMakeFiles/cmTC_93ebf.dir/build
Building CXX object CMakeFiles/cmTC_93ebf.dir/vxl_platform_tests.cxx.o
/Library/Developer/CommandLineTools/usr/bin/c++  -DVCL_NEEDS_NAMESPACE_STD  -std=c++11  -Wall -Wcast-align -Wdisabled-optimization -Wextra -Wformat=2 -Winvalid-pch -Wno-format-nonliteral -Wpointer-arith -Wshadow -Wunused -Wwrite-strings -funit-at-a-time -Wno-strict-overflow -Wno-deprecated -Wno-invalid-offsetof -Woverloaded-virtual  -w  -fPIC  -isysroot /Library/Developer/CommandLineTools/SDKs/MacOSX10.14.sdk -fPIE   -o CMakeFiles/cmTC_93ebf.dir/vxl_platform_tests.cxx.o -c /Users/fabianhielscher/Dev/Masterarbeit/code/build/ITK/Modules/ThirdParty/VNL/src/vxl/config/cmake/config/vxl_platform_tests.cxx
/Users/fabianhielscher/Dev/Masterarbeit/code/build/ITK/Modules/ThirdParty/VNL/src/vxl/config/cmake/config/vxl_platform_tests.cxx:723:3: error: no template named 'vector'; did you mean 'std::vector'?
  vector<double> flaz; // correct should be:  std::vector<double>
  ^~~~~~
  std::vector
/Library/Developer/CommandLineTools/usr/include/c++/v1/vector:464:28: note: 'std::vector' declared here
class _LIBCPP_TEMPLATE_VIS vector
                           ^
1 error generated.
make[4]: *** [CMakeFiles/cmTC_93ebf.dir/vxl_platform_tests.cxx.o] Error 1
make[3]: *** [cmTC_93ebf/fast] Error 2

Performing Test VCL_HAS_SLICED_DESTRUCTOR_BUG succeeded with the following output:
Change Dir: /Users/fabianhielscher/Dev/Masterarbeit/code/build/ITK-build/CMakeFiles/CMakeTmp

Run Build Command(s):/usr/bin/make cmTC_2e5b9/fast 
/Library/Developer/CommandLineTools/usr/bin/make -f CMakeFiles/cmTC_2e5b9.dir/build.make CMakeFiles/cmTC_2e5b9.dir/build
Building CXX object CMakeFiles/cmTC_2e5b9.dir/vxl_platform_tests.cxx.o
/Library/Developer/CommandLineTools/usr/bin/c++    -std=c++11  -Wall -Wcast-align -Wdisabled-optimization -Wextra -Wformat=2 -Winvalid-pch -Wno-format-nonliteral -Wpointer-arith -Wshadow -Wunused -Wwrite-strings -funit-at-a-time -Wno-strict-overflow -Wno-deprecated -Wno-invalid-offsetof -Woverloaded-virtual  -w  -fPIC -DVCL_HAS_SLICED_DESTRUCTOR_BUG -isysroot /Library/Developer/CommandLineTools/SDKs/MacOSX10.14.sdk -fPIE   -o CMakeFiles/cmTC_2e5b9.dir/vxl_platform_tests.cxx.o -c /Users/fabianhielscher/Dev/Masterarbeit/code/build/ITK/Modules/ThirdParty/VNL/src/vxl/config/cmake/config/vxl_platform_tests.cxx
Linking CXX executable cmTC_2e5b9
/Library/Frameworks/Python.framework/Versions/3.7/lib/python3.7/site-packages/cmake/data/CMake.app/Contents/bin/cmake -E cmake_link_script CMakeFiles/cmTC_2e5b9.dir/link.txt --verbose=1
/Library/Developer/CommandLineTools/usr/bin/c++   -std=c++11  -Wall -Wcast-align -Wdisabled-optimization -Wextra -Wformat=2 -Winvalid-pch -Wno-format-nonliteral -Wpointer-arith -Wshadow -Wunused -Wwrite-strings -funit-at-a-time -Wno-strict-overflow -Wno-deprecated -Wno-invalid-offsetof -Woverloaded-virtual  -w  -fPIC -DVCL_HAS_SLICED_DESTRUCTOR_BUG -isysroot /Library/Developer/CommandLineTools/SDKs/MacOSX10.14.sdk -Wl,-search_paths_first -Wl,-headerpad_max_install_names   CMakeFiles/cmTC_2e5b9.dir/vxl_platform_tests.cxx.o  -o cmTC_2e5b9 

Performing Test VCL_HAS_WORKING_STRINGSTREAM succeeded with the following output:
Change Dir: /Users/fabianhielscher/Dev/Masterarbeit/code/build/ITK-build/CMakeFiles/CMakeTmp

Run Build Command(s):/usr/bin/make cmTC_22162/fast 
/Library/Developer/CommandLineTools/usr/bin/make -f CMakeFiles/cmTC_22162.dir/build.make CMakeFiles/cmTC_22162.dir/build
Building CXX object CMakeFiles/cmTC_22162.dir/vxl_platform_tests.cxx.o
/Library/Developer/CommandLineTools/usr/bin/c++    -std=c++11  -Wall -Wcast-align -Wdisabled-optimization -Wextra -Wformat=2 -Winvalid-pch -Wno-format-nonliteral -Wpointer-arith -Wshadow -Wunused -Wwrite-strings -funit-at-a-time -Wno-strict-overflow -Wno-deprecated -Wno-invalid-offsetof -Woverloaded-virtual  -w  -fPIC -DVCL_HAS_WORKING_STRINGSTREAM -isysroot /Library/Developer/CommandLineTools/SDKs/MacOSX10.14.sdk -fPIE   -o CMakeFiles/cmTC_22162.dir/vxl_platform_tests.cxx.o -c /Users/fabianhielscher/Dev/Masterarbeit/code/build/ITK/Modules/ThirdParty/VNL/src/vxl/config/cmake/config/vxl_platform_tests.cxx
Linking CXX executable cmTC_22162
/Library/Frameworks/Python.framework/Versions/3.7/lib/python3.7/site-packages/cmake/data/CMake.app/Contents/bin/cmake -E cmake_link_script CMakeFiles/cmTC_22162.dir/link.txt --verbose=1
/Library/Developer/CommandLineTools/usr/bin/c++   -std=c++11  -Wall -Wcast-align -Wdisabled-optimization -Wextra -Wformat=2 -Winvalid-pch -Wno-format-nonliteral -Wpointer-arith -Wshadow -Wunused -Wwrite-strings -funit-at-a-time -Wno-strict-overflow -Wno-deprecated -Wno-invalid-offsetof -Woverloaded-virtual  -w  -fPIC -DVCL_HAS_WORKING_STRINGSTREAM -isysroot /Library/Developer/CommandLineTools/SDKs/MacOSX10.14.sdk -Wl,-search_paths_first -Wl,-headerpad_max_install_names   CMakeFiles/cmTC_22162.dir/vxl_platform_tests.cxx.o  -o cmTC_22162 

Performing Test VCL_HAS_LFS succeeded with the following output:
Change Dir: /Users/fabianhielscher/Dev/Masterarbeit/code/build/ITK-build/CMakeFiles/CMakeTmp

Run Build Command(s):/usr/bin/make cmTC_9a2d8/fast 
/Library/Developer/CommandLineTools/usr/bin/make -f CMakeFiles/cmTC_9a2d8.dir/build.make CMakeFiles/cmTC_9a2d8.dir/build
Building CXX object CMakeFiles/cmTC_9a2d8.dir/vxl_platform_tests.cxx.o
/Library/Developer/CommandLineTools/usr/bin/c++    -std=c++11  -Wall -Wcast-align -Wdisabled-optimization -Wextra -Wformat=2 -Winvalid-pch -Wno-format-nonliteral -Wpointer-arith -Wshadow -Wunused -Wwrite-strings -funit-at-a-time -Wno-strict-overflow -Wno-deprecated -Wno-invalid-offsetof -Woverloaded-virtual  -w  -fPIC -DVCL_HAS_LFS -isysroot /Library/Developer/CommandLineTools/SDKs/MacOSX10.14.sdk -fPIE   -o CMakeFiles/cmTC_9a2d8.dir/vxl_platform_tests.cxx.o -c /Users/fabianhielscher/Dev/Masterarbeit/code/build/ITK/Modules/ThirdParty/VNL/src/vxl/config/cmake/config/vxl_platform_tests.cxx
Linking CXX executable cmTC_9a2d8
/Library/Frameworks/Python.framework/Versions/3.7/lib/python3.7/site-packages/cmake/data/CMake.app/Contents/bin/cmake -E cmake_link_script CMakeFiles/cmTC_9a2d8.dir/link.txt --verbose=1
/Library/Developer/CommandLineTools/usr/bin/c++   -std=c++11  -Wall -Wcast-align -Wdisabled-optimization -Wextra -Wformat=2 -Winvalid-pch -Wno-format-nonliteral -Wpointer-arith -Wshadow -Wunused -Wwrite-strings -funit-at-a-time -Wno-strict-overflow -Wno-deprecated -Wno-invalid-offsetof -Woverloaded-virtual  -w  -fPIC -DVCL_HAS_LFS -isysroot /Library/Developer/CommandLineTools/SDKs/MacOSX10.14.sdk -Wl,-search_paths_first -Wl,-headerpad_max_install_names   CMakeFiles/cmTC_9a2d8.dir/vxl_platform_tests.cxx.o  -o cmTC_9a2d8 

Performing Test VXL_HAS_DBGHELP_H failed with the following output:
Change Dir: /Users/fabianhielscher/Dev/Masterarbeit/code/build/ITK-build/CMakeFiles/CMakeTmp

Run Build Command(s):/usr/bin/make cmTC_69858/fast 
/Library/Developer/CommandLineTools/usr/bin/make -f CMakeFiles/cmTC_69858.dir/build.make CMakeFiles/cmTC_69858.dir/build
Building CXX object CMakeFiles/cmTC_69858.dir/vxl_platform_tests.cxx.o
/Library/Developer/CommandLineTools/usr/bin/c++  -DVXL_HAS_DBGHELP_H  -std=c++11  -Wall -Wcast-align -Wdisabled-optimization -Wextra -Wformat=2 -Winvalid-pch -Wno-format-nonliteral -Wpointer-arith -Wshadow -Wunused -Wwrite-strings -funit-at-a-time -Wno-strict-overflow -Wno-deprecated -Wno-invalid-offsetof -Woverloaded-virtual  -w  -fPIC  -isysroot /Library/Developer/CommandLineTools/SDKs/MacOSX10.14.sdk -fPIE   -o CMakeFiles/cmTC_69858.dir/vxl_platform_tests.cxx.o -c /Users/fabianhielscher/Dev/Masterarbeit/code/build/ITK/Modules/ThirdParty/VNL/src/vxl/config/cmake/config/vxl_platform_tests.cxx
/Users/fabianhielscher/Dev/Masterarbeit/code/build/ITK/Modules/ThirdParty/VNL/src/vxl/config/cmake/config/vxl_platform_tests.cxx:1016:10: fatal error: 'Windows.h' file not found
#include <Windows.h>
         ^~~~~~~~~~~
1 error generated.
make[4]: *** [CMakeFiles/cmTC_69858.dir/vxl_platform_tests.cxx.o] Error 1
make[3]: *** [cmTC_69858/fast] Error 2

Determining if the include file windows.h exists failed with the following output:
Change Dir: /Users/fabianhielscher/Dev/Masterarbeit/code/build/ITK-build/CMakeFiles/CMakeTmp

Run Build Command(s):/usr/bin/make cmTC_01adc/fast 
/Library/Developer/CommandLineTools/usr/bin/make -f CMakeFiles/cmTC_01adc.dir/build.make CMakeFiles/cmTC_01adc.dir/build
Building CXX object CMakeFiles/cmTC_01adc.dir/CheckIncludeFile.cxx.o
/Library/Developer/CommandLineTools/usr/bin/c++    -std=c++11  -Wall -Wcast-align -Wdisabled-optimization -Wextra -Wformat=2 -Winvalid-pch -Wno-format-nonliteral -Wpointer-arith -Wshadow -Wunused -Wwrite-strings -funit-at-a-time -Wno-strict-overflow -Wno-deprecated -Wno-invalid-offsetof -Woverloaded-virtual  -w  -fPIC  -isysroot /Library/Developer/CommandLineTools/SDKs/MacOSX10.14.sdk -fPIE   -o CMakeFiles/cmTC_01adc.dir/CheckIncludeFile.cxx.o -c /Users/fabianhielscher/Dev/Masterarbeit/code/build/ITK-build/CMakeFiles/CMakeTmp/CheckIncludeFile.cxx
/Users/fabianhielscher/Dev/Masterarbeit/code/build/ITK-build/CMakeFiles/CMakeTmp/CheckIncludeFile.cxx:1:10: fatal error: 'windows.h' file not found
#include <windows.h>
         ^~~~~~~~~~~
1 error generated.
make[4]: *** [CMakeFiles/cmTC_01adc.dir/CheckIncludeFile.cxx.o] Error 1
make[3]: *** [cmTC_01adc/fast] Error 2


Determining if files malloc.h exist failed with the following output:
Change Dir: /Users/fabianhielscher/Dev/Masterarbeit/code/build/ITK-build/CMakeFiles/CMakeTmp

Run Build Command(s):/usr/bin/make cmTC_0373f/fast 
/Library/Developer/CommandLineTools/usr/bin/make -f CMakeFiles/cmTC_0373f.dir/build.make CMakeFiles/cmTC_0373f.dir/build
Building C object CMakeFiles/cmTC_0373f.dir/VCL_HAS_MALLOC_H.c.o
/Library/Developer/CommandLineTools/usr/bin/cc   -Wno-uninitialized -Wno-unused-parameter -Wall -Wcast-align -Wdisabled-optimization -Wextra -Wformat=2 -Winvalid-pch -Wno-format-nonliteral -Wpointer-arith -Wshadow -Wunused -Wwrite-strings -funit-at-a-time -Wno-strict-overflow  -w  -fPIC  -isysroot /Library/Developer/CommandLineTools/SDKs/MacOSX10.14.sdk -fPIE   -o CMakeFiles/cmTC_0373f.dir/VCL_HAS_MALLOC_H.c.o   -c /Users/fabianhielscher/Dev/Masterarbeit/code/build/ITK-build/CMakeFiles/CheckIncludeFiles/VCL_HAS_MALLOC_H.c
/Users/fabianhielscher/Dev/Masterarbeit/code/build/ITK-build/CMakeFiles/CheckIncludeFiles/VCL_HAS_MALLOC_H.c:2:10: fatal error: 'malloc.h' file not found
#include <malloc.h>
         ^~~~~~~~~~
1 error generated.
make[4]: *** [CMakeFiles/cmTC_0373f.dir/VCL_HAS_MALLOC_H.c.o] Error 1
make[3]: *** [cmTC_0373f/fast] Error 2

Source:
/* */
#include <malloc.h>


int main(void){return 0;}

Determining if the include file tr1/memory exists failed with the following output:
Change Dir: /Users/fabianhielscher/Dev/Masterarbeit/code/build/ITK-build/CMakeFiles/CMakeTmp

Run Build Command(s):/usr/bin/make cmTC_46ca8/fast 
/Library/Developer/CommandLineTools/usr/bin/make -f CMakeFiles/cmTC_46ca8.dir/build.make CMakeFiles/cmTC_46ca8.dir/build
Building CXX object CMakeFiles/cmTC_46ca8.dir/CheckIncludeFile.cxx.o
/Library/Developer/CommandLineTools/usr/bin/c++    -std=c++11  -Wall -Wcast-align -Wdisabled-optimization -Wextra -Wformat=2 -Winvalid-pch -Wno-format-nonliteral -Wpointer-arith -Wshadow -Wunused -Wwrite-strings -funit-at-a-time -Wno-strict-overflow -Wno-deprecated -Wno-invalid-offsetof -Woverloaded-virtual  -w  -fPIC  -isysroot /Library/Developer/CommandLineTools/SDKs/MacOSX10.14.sdk -fPIE   -o CMakeFiles/cmTC_46ca8.dir/CheckIncludeFile.cxx.o -c /Users/fabianhielscher/Dev/Masterarbeit/code/build/ITK-build/CMakeFiles/CMakeTmp/CheckIncludeFile.cxx
/Users/fabianhielscher/Dev/Masterarbeit/code/build/ITK-build/CMakeFiles/CMakeTmp/CheckIncludeFile.cxx:1:10: fatal error: 'tr1/memory' file not found
#include <tr1/memory>
         ^~~~~~~~~~~~
1 error generated.
make[4]: *** [CMakeFiles/cmTC_46ca8.dir/CheckIncludeFile.cxx.o] Error 1
make[3]: *** [cmTC_46ca8/fast] Error 2


Determining if the std::tr1::shared_ptr<void> exist failed with the following output:
Change Dir: /Users/fabianhielscher/Dev/Masterarbeit/code/build/ITK-build/CMakeFiles/CMakeTmp

Run Build Command(s):/usr/bin/make cmTC_776e5/fast 
/Library/Developer/CommandLineTools/usr/bin/make -f CMakeFiles/cmTC_776e5.dir/build.make CMakeFiles/cmTC_776e5.dir/build
Building CXX object CMakeFiles/cmTC_776e5.dir/CheckTypeExists.cxx.o
/Library/Developer/CommandLineTools/usr/bin/c++    -std=c++11  -Wall -Wcast-align -Wdisabled-optimization -Wextra -Wformat=2 -Winvalid-pch -Wno-format-nonliteral -Wpointer-arith -Wshadow -Wunused -Wwrite-strings -funit-at-a-time -Wno-strict-overflow -Wno-deprecated -Wno-invalid-offsetof -Woverloaded-virtual  -w  -fPIC  -isysroot /Library/Developer/CommandLineTools/SDKs/MacOSX10.14.sdk -fPIE   -o CMakeFiles/cmTC_776e5.dir/CheckTypeExists.cxx.o -c /Users/fabianhielscher/Dev/Masterarbeit/code/build/ITK-build/CMakeTmp/CheckTypeExists.cxx
/Users/fabianhielscher/Dev/Masterarbeit/code/build/ITK-build/CMakeTmp/CheckTypeExists.cxx:4:30: error: no member named 'tr1' in namespace 'std'
void cmakeRequireSymbol(std::tr1::shared_ptr<void> dummy){(void)dummy;}
                        ~~~~~^
/Users/fabianhielscher/Dev/Masterarbeit/code/build/ITK-build/CMakeTmp/CheckTypeExists.cxx:4:6: error: variable has incomplete type 'void'
void cmakeRequireSymbol(std::tr1::shared_ptr<void> dummy){(void)dummy;}
     ^
/Users/fabianhielscher/Dev/Masterarbeit/code/build/ITK-build/CMakeTmp/CheckTypeExists.cxx:4:50: error: expected '(' for function-style cast or type construction
void cmakeRequireSymbol(std::tr1::shared_ptr<void> dummy){(void)dummy;}
                                             ~~~~^
/Users/fabianhielscher/Dev/Masterarbeit/code/build/ITK-build/CMakeTmp/CheckTypeExists.cxx:4:52: error: use of undeclared identifier 'dummy'
void cmakeRequireSymbol(std::tr1::shared_ptr<void> dummy){(void)dummy;}
                                                   ^
/Users/fabianhielscher/Dev/Masterarbeit/code/build/ITK-build/CMakeTmp/CheckTypeExists.cxx:4:58: error: expected ';' after top level declarator
void cmakeRequireSymbol(std::tr1::shared_ptr<void> dummy){(void)dummy;}
                                                         ^
                                                         ;
5 errors generated.
make[4]: *** [CMakeFiles/cmTC_776e5.dir/CheckTypeExists.cxx.o] Error 1
make[3]: *** [cmTC_776e5/fast] Error 2

File /Users/fabianhielscher/Dev/Masterarbeit/code/build/ITK-build/CMakeTmp/CheckTypeExists.c:
/* */
#include <memory>

void cmakeRequireSymbol(std::tr1::shared_ptr<void> dummy){(void)dummy;}
int main()
{return 0;
}

Determining if the std::tr1::shared_ptr<void> exist failed with the following output:
Change Dir: /Users/fabianhielscher/Dev/Masterarbeit/code/build/ITK-build/CMakeFiles/CMakeTmp

Run Build Command(s):/usr/bin/make cmTC_b9941/fast 
/Library/Developer/CommandLineTools/usr/bin/make -f CMakeFiles/cmTC_b9941.dir/build.make CMakeFiles/cmTC_b9941.dir/build
Building CXX object CMakeFiles/cmTC_b9941.dir/CheckTypeExists.cxx.o
/Library/Developer/CommandLineTools/usr/bin/c++    -std=c++11  -Wall -Wcast-align -Wdisabled-optimization -Wextra -Wformat=2 -Winvalid-pch -Wno-format-nonliteral -Wpointer-arith -Wshadow -Wunused -Wwrite-strings -funit-at-a-time -Wno-strict-overflow -Wno-deprecated -Wno-invalid-offsetof -Woverloaded-virtual  -w  -fPIC  -isysroot /Library/Developer/CommandLineTools/SDKs/MacOSX10.14.sdk -fPIE   -o CMakeFiles/cmTC_b9941.dir/CheckTypeExists.cxx.o -c /Users/fabianhielscher/Dev/Masterarbeit/code/build/ITK-build/CMakeTmp/CheckTypeExists.cxx
/Users/fabianhielscher/Dev/Masterarbeit/code/build/ITK-build/CMakeTmp/CheckTypeExists.cxx:2:10: fatal error: 'tr1/memory' file not found
#include <tr1/memory>
         ^~~~~~~~~~~~
1 error generated.
make[4]: *** [CMakeFiles/cmTC_b9941.dir/CheckTypeExists.cxx.o] Error 1
make[3]: *** [cmTC_b9941/fast] Error 2

File /Users/fabianhielscher/Dev/Masterarbeit/code/build/ITK-build/CMakeTmp/CheckTypeExists.c:
/* */
#include <tr1/memory>

void cmakeRequireSymbol(std::tr1::shared_ptr<void> dummy){(void)dummy;}
int main()
{return 0;
}

Performing Test VXL_HAS_SSE2_HARDWARE_SUPPORT succeeded with the following output:
Change Dir: /Users/fabianhielscher/Dev/Masterarbeit/code/build/ITK-build/CMakeFiles/CMakeTmp

Run Build Command(s):/usr/bin/make cmTC_9c880/fast 
/Library/Developer/CommandLineTools/usr/bin/make -f CMakeFiles/cmTC_9c880.dir/build.make CMakeFiles/cmTC_9c880.dir/build
Building CXX object CMakeFiles/cmTC_9c880.dir/vxl_platform_tests.cxx.o
/Library/Developer/CommandLineTools/usr/bin/c++    -std=c++11  -Wall -Wcast-align -Wdisabled-optimization -Wextra -Wformat=2 -Winvalid-pch -Wno-format-nonliteral -Wpointer-arith -Wshadow -Wunused -Wwrite-strings -funit-at-a-time -Wno-strict-overflow -Wno-deprecated -Wno-invalid-offsetof -Woverloaded-virtual  -w  -fPIC -DVXL_HAS_SSE2_HARDWARE_SUPPORT -isysroot /Library/Developer/CommandLineTools/SDKs/MacOSX10.14.sdk -fPIE   -o CMakeFiles/cmTC_9c880.dir/vxl_platform_tests.cxx.o -c /Users/fabianhielscher/Dev/Masterarbeit/code/build/ITK/Modules/ThirdParty/VNL/src/vxl/config/cmake/config/vxl_platform_tests.cxx
Linking CXX executable cmTC_9c880
/Library/Frameworks/Python.framework/Versions/3.7/lib/python3.7/site-packages/cmake/data/CMake.app/Contents/bin/cmake -E cmake_link_script CMakeFiles/cmTC_9c880.dir/link.txt --verbose=1
/Library/Developer/CommandLineTools/usr/bin/c++   -std=c++11  -Wall -Wcast-align -Wdisabled-optimization -Wextra -Wformat=2 -Winvalid-pch -Wno-format-nonliteral -Wpointer-arith -Wshadow -Wunused -Wwrite-strings -funit-at-a-time -Wno-strict-overflow -Wno-deprecated -Wno-invalid-offsetof -Woverloaded-virtual  -w  -fPIC -DVXL_HAS_SSE2_HARDWARE_SUPPORT -isysroot /Library/Developer/CommandLineTools/SDKs/MacOSX10.14.sdk -Wl,-search_paths_first -Wl,-headerpad_max_install_names   CMakeFiles/cmTC_9c880.dir/vxl_platform_tests.cxx.o  -o cmTC_9c880 

Performing Test VXL_HAS_ALIGNED_MALLOC failed with the following output:
Change Dir: /Users/fabianhielscher/Dev/Masterarbeit/code/build/ITK-build/CMakeFiles/CMakeTmp

Run Build Command(s):/usr/bin/make cmTC_762d5/fast 
/Library/Developer/CommandLineTools/usr/bin/make -f CMakeFiles/cmTC_762d5.dir/build.make CMakeFiles/cmTC_762d5.dir/build
Building CXX object CMakeFiles/cmTC_762d5.dir/vxl_platform_tests.cxx.o
/Library/Developer/CommandLineTools/usr/bin/c++  -DVXL_HAS_ALIGNED_MALLOC  -std=c++11  -Wall -Wcast-align -Wdisabled-optimization -Wextra -Wformat=2 -Winvalid-pch -Wno-format-nonliteral -Wpointer-arith -Wshadow -Wunused -Wwrite-strings -funit-at-a-time -Wno-strict-overflow -Wno-deprecated -Wno-invalid-offsetof -Woverloaded-virtual  -w  -fPIC  -isysroot /Library/Developer/CommandLineTools/SDKs/MacOSX10.14.sdk -fPIE   -o CMakeFiles/cmTC_762d5.dir/vxl_platform_tests.cxx.o -c /Users/fabianhielscher/Dev/Masterarbeit/code/build/ITK/Modules/ThirdParty/VNL/src/vxl/config/cmake/config/vxl_platform_tests.cxx
/Users/fabianhielscher/Dev/Masterarbeit/code/build/ITK/Modules/ThirdParty/VNL/src/vxl/config/cmake/config/vxl_platform_tests.cxx:1057:10: fatal error: 'malloc.h' file not found
#include <malloc.h>
         ^~~~~~~~~~
1 error generated.
make[4]: *** [CMakeFiles/cmTC_762d5.dir/vxl_platform_tests.cxx.o] Error 1
make[3]: *** [cmTC_762d5/fast] Error 2

Performing Test VXL_HAS_MINGW_ALIGNED_MALLOC failed with the following output:
Change Dir: /Users/fabianhielscher/Dev/Masterarbeit/code/build/ITK-build/CMakeFiles/CMakeTmp

Run Build Command(s):/usr/bin/make cmTC_129ed/fast 
/Library/Developer/CommandLineTools/usr/bin/make -f CMakeFiles/cmTC_129ed.dir/build.make CMakeFiles/cmTC_129ed.dir/build
Building CXX object CMakeFiles/cmTC_129ed.dir/vxl_platform_tests.cxx.o
/Library/Developer/CommandLineTools/usr/bin/c++  -DVXL_HAS_MINGW_ALIGNED_MALLOC  -std=c++11  -Wall -Wcast-align -Wdisabled-optimization -Wextra -Wformat=2 -Winvalid-pch -Wno-format-nonliteral -Wpointer-arith -Wshadow -Wunused -Wwrite-strings -funit-at-a-time -Wno-strict-overflow -Wno-deprecated -Wno-invalid-offsetof -Woverloaded-virtual  -w  -fPIC  -isysroot /Library/Developer/CommandLineTools/SDKs/MacOSX10.14.sdk -fPIE   -o CMakeFiles/cmTC_129ed.dir/vxl_platform_tests.cxx.o -c /Users/fabianhielscher/Dev/Masterarbeit/code/build/ITK/Modules/ThirdParty/VNL/src/vxl/config/cmake/config/vxl_platform_tests.cxx
/Users/fabianhielscher/Dev/Masterarbeit/code/build/ITK/Modules/ThirdParty/VNL/src/vxl/config/cmake/config/vxl_platform_tests.cxx:1069:10: fatal error: 'malloc.h' file not found
#include <malloc.h>
         ^~~~~~~~~~
1 error generated.
make[4]: *** [CMakeFiles/cmTC_129ed.dir/vxl_platform_tests.cxx.o] Error 1
make[3]: *** [cmTC_129ed/fast] Error 2

Performing Test VXL_HAS_POSIX_MEMALIGN failed with the following output:
Change Dir: /Users/fabianhielscher/Dev/Masterarbeit/code/build/ITK-build/CMakeFiles/CMakeTmp

Run Build Command(s):/usr/bin/make cmTC_8b3bd/fast 
/Library/Developer/CommandLineTools/usr/bin/make -f CMakeFiles/cmTC_8b3bd.dir/build.make CMakeFiles/cmTC_8b3bd.dir/build
Building CXX object CMakeFiles/cmTC_8b3bd.dir/vxl_platform_tests.cxx.o
/Library/Developer/CommandLineTools/usr/bin/c++  -DVXL_HAS_POSIX_MEMALIGN  -std=c++11  -Wall -Wcast-align -Wdisabled-optimization -Wextra -Wformat=2 -Winvalid-pch -Wno-format-nonliteral -Wpointer-arith -Wshadow -Wunused -Wwrite-strings -funit-at-a-time -Wno-strict-overflow -Wno-deprecated -Wno-invalid-offsetof -Woverloaded-virtual  -w  -fPIC  -isysroot /Library/Developer/CommandLineTools/SDKs/MacOSX10.14.sdk -fPIE   -o CMakeFiles/cmTC_8b3bd.dir/vxl_platform_tests.cxx.o -c /Users/fabianhielscher/Dev/Masterarbeit/code/build/ITK/Modules/ThirdParty/VNL/src/vxl/config/cmake/config/vxl_platform_tests.cxx
/Users/fabianhielscher/Dev/Masterarbeit/code/build/ITK/Modules/ThirdParty/VNL/src/vxl/config/cmake/config/vxl_platform_tests.cxx:1084:13: error: use of undeclared identifier 'memalign'
  void* x = memalign(16,4*sizeof(float));
            ^
1 error generated.
make[4]: *** [CMakeFiles/cmTC_8b3bd.dir/vxl_platform_tests.cxx.o] Error 1
make[3]: *** [cmTC_8b3bd/fast] Error 2

Performing Test VCL_COMPLEX_POW_WORKS succeeded with the following output:
Change Dir: /Users/fabianhielscher/Dev/Masterarbeit/code/build/ITK-build/CMakeFiles/CMakeTmp

Run Build Command(s):/usr/bin/make cmTC_b59be/fast 
/Library/Developer/CommandLineTools/usr/bin/make -f CMakeFiles/cmTC_b59be.dir/build.make CMakeFiles/cmTC_b59be.dir/build
Building CXX object CMakeFiles/cmTC_b59be.dir/vxl_platform_tests.cxx.o
/Library/Developer/CommandLineTools/usr/bin/c++    -std=c++11  -Wall -Wcast-align -Wdisabled-optimization -Wextra -Wformat=2 -Winvalid-pch -Wno-format-nonliteral -Wpointer-arith -Wshadow -Wunused -Wwrite-strings -funit-at-a-time -Wno-strict-overflow -Wno-deprecated -Wno-invalid-offsetof -Woverloaded-virtual  -w  -fPIC -DVCL_COMPLEX_POW_WORKS -isysroot /Library/Developer/CommandLineTools/SDKs/MacOSX10.14.sdk -fPIE   -o CMakeFiles/cmTC_b59be.dir/vxl_platform_tests.cxx.o -c /Users/fabianhielscher/Dev/Masterarbeit/code/build/ITK/Modules/ThirdParty/VNL/src/vxl/config/cmake/config/vxl_platform_tests.cxx
Linking CXX executable cmTC_b59be
/Library/Frameworks/Python.framework/Versions/3.7/lib/python3.7/site-packages/cmake/data/CMake.app/Contents/bin/cmake -E cmake_link_script CMakeFiles/cmTC_b59be.dir/link.txt --verbose=1
/Library/Developer/CommandLineTools/usr/bin/c++   -std=c++11  -Wall -Wcast-align -Wdisabled-optimization -Wextra -Wformat=2 -Winvalid-pch -Wno-format-nonliteral -Wpointer-arith -Wshadow -Wunused -Wwrite-strings -funit-at-a-time -Wno-strict-overflow -Wno-deprecated -Wno-invalid-offsetof -Woverloaded-virtual  -w  -fPIC -DVCL_COMPLEX_POW_WORKS -isysroot /Library/Developer/CommandLineTools/SDKs/MacOSX10.14.sdk -Wl,-search_paths_first -Wl,-headerpad_max_install_names   CMakeFiles/cmTC_b59be.dir/vxl_platform_tests.cxx.o  -o cmTC_b59be 

Determining if the finitef exist failed with the following output:
Change Dir: /Users/fabianhielscher/Dev/Masterarbeit/code/build/ITK-build/CMakeFiles/CMakeTmp

Run Build Command(s):/usr/bin/make cmTC_620ec/fast 
/Library/Developer/CommandLineTools/usr/bin/make -f CMakeFiles/cmTC_620ec.dir/build.make CMakeFiles/cmTC_620ec.dir/build
Building CXX object CMakeFiles/cmTC_620ec.dir/CheckSymbolExists.cxx.o
/Library/Developer/CommandLineTools/usr/bin/c++    -std=c++11  -Wall -Wcast-align -Wdisabled-optimization -Wextra -Wformat=2 -Winvalid-pch -Wno-format-nonliteral -Wpointer-arith -Wshadow -Wunused -Wwrite-strings -funit-at-a-time -Wno-strict-overflow -Wno-deprecated -Wno-invalid-offsetof -Woverloaded-virtual  -w  -fPIC  -isysroot /Library/Developer/CommandLineTools/SDKs/MacOSX10.14.sdk -fPIE   -o CMakeFiles/cmTC_620ec.dir/CheckSymbolExists.cxx.o -c /Users/fabianhielscher/Dev/Masterarbeit/code/build/ITK-build/CMakeFiles/CMakeTmp/CheckSymbolExists.cxx
/Users/fabianhielscher/Dev/Masterarbeit/code/build/ITK-build/CMakeFiles/CMakeTmp/CheckSymbolExists.cxx:8:19: error: use of undeclared identifier 'finitef'; did you mean 'finite'?
  return ((int*)(&finitef))[argc];
                  ^~~~~~~
                  finite
/Library/Developer/CommandLineTools/SDKs/MacOSX10.14.sdk/usr/include/math.h:749:12: note: 'finite' declared here
extern int finite(double)
           ^
1 error generated.
make[4]: *** [CMakeFiles/cmTC_620ec.dir/CheckSymbolExists.cxx.o] Error 1
make[3]: *** [cmTC_620ec/fast] Error 2

File /Users/fabianhielscher/Dev/Masterarbeit/code/build/ITK-build/CMakeFiles/CMakeTmp/CheckSymbolExists.cxx:
/* */
#include <math.h>

int main(int argc, char** argv)
{
  (void)argv;
#ifndef finitef
  return ((int*)(&finitef))[argc];
#else
  (void)argc;
  return 0;
#endif
}

Determining if the finitel exist failed with the following output:
Change Dir: /Users/fabianhielscher/Dev/Masterarbeit/code/build/ITK-build/CMakeFiles/CMakeTmp

Run Build Command(s):/usr/bin/make cmTC_5e132/fast 
/Library/Developer/CommandLineTools/usr/bin/make -f CMakeFiles/cmTC_5e132.dir/build.make CMakeFiles/cmTC_5e132.dir/build
Building CXX object CMakeFiles/cmTC_5e132.dir/CheckSymbolExists.cxx.o
/Library/Developer/CommandLineTools/usr/bin/c++    -std=c++11  -Wall -Wcast-align -Wdisabled-optimization -Wextra -Wformat=2 -Winvalid-pch -Wno-format-nonliteral -Wpointer-arith -Wshadow -Wunused -Wwrite-strings -funit-at-a-time -Wno-strict-overflow -Wno-deprecated -Wno-invalid-offsetof -Woverloaded-virtual  -w  -fPIC  -isysroot /Library/Developer/CommandLineTools/SDKs/MacOSX10.14.sdk -fPIE   -o CMakeFiles/cmTC_5e132.dir/CheckSymbolExists.cxx.o -c /Users/fabianhielscher/Dev/Masterarbeit/code/build/ITK-build/CMakeFiles/CMakeTmp/CheckSymbolExists.cxx
/Users/fabianhielscher/Dev/Masterarbeit/code/build/ITK-build/CMakeFiles/CMakeTmp/CheckSymbolExists.cxx:8:19: error: use of undeclared identifier 'finitel'; did you mean 'finite'?
  return ((int*)(&finitel))[argc];
                  ^~~~~~~
                  finite
/Library/Developer/CommandLineTools/SDKs/MacOSX10.14.sdk/usr/include/math.h:749:12: note: 'finite' declared here
extern int finite(double)
           ^
1 error generated.
make[4]: *** [CMakeFiles/cmTC_5e132.dir/CheckSymbolExists.cxx.o] Error 1
make[3]: *** [cmTC_5e132/fast] Error 2

File /Users/fabianhielscher/Dev/Masterarbeit/code/build/ITK-build/CMakeFiles/CMakeTmp/CheckSymbolExists.cxx:
/* */
#include <math.h>

int main(int argc, char** argv)
{
  (void)argv;
#ifndef finitel
  return ((int*)(&finitel))[argc];
#else
  (void)argc;
  return 0;
#endif
}

Determining if the finite exist failed with the following output:
Change Dir: /Users/fabianhielscher/Dev/Masterarbeit/code/build/ITK-build/CMakeFiles/CMakeTmp

Run Build Command(s):/usr/bin/make cmTC_493fd/fast 
/Library/Developer/CommandLineTools/usr/bin/make -f CMakeFiles/cmTC_493fd.dir/build.make CMakeFiles/cmTC_493fd.dir/build
Building CXX object CMakeFiles/cmTC_493fd.dir/CheckSymbolExists.cxx.o
/Library/Developer/CommandLineTools/usr/bin/c++    -std=c++11  -Wall -Wcast-align -Wdisabled-optimization -Wextra -Wformat=2 -Winvalid-pch -Wno-format-nonliteral -Wpointer-arith -Wshadow -Wunused -Wwrite-strings -funit-at-a-time -Wno-strict-overflow -Wno-deprecated -Wno-invalid-offsetof -Woverloaded-virtual  -w  -fPIC  -isysroot /Library/Developer/CommandLineTools/SDKs/MacOSX10.14.sdk -fPIE   -o CMakeFiles/cmTC_493fd.dir/CheckSymbolExists.cxx.o -c /Users/fabianhielscher/Dev/Masterarbeit/code/build/ITK-build/CMakeFiles/CMakeTmp/CheckSymbolExists.cxx
/Users/fabianhielscher/Dev/Masterarbeit/code/build/ITK-build/CMakeFiles/CMakeTmp/CheckSymbolExists.cxx:2:10: fatal error: 'ieeefp.h' file not found
#include <ieeefp.h>
         ^~~~~~~~~~
1 error generated.
make[4]: *** [CMakeFiles/cmTC_493fd.dir/CheckSymbolExists.cxx.o] Error 1
make[3]: *** [cmTC_493fd/fast] Error 2

File /Users/fabianhielscher/Dev/Masterarbeit/code/build/ITK-build/CMakeFiles/CMakeTmp/CheckSymbolExists.cxx:
/* */
#include <ieeefp.h>

int main(int argc, char** argv)
{
  (void)argv;
#ifndef finite
  return ((int*)(&finite))[argc];
#else
  (void)argc;
  return 0;
#endif
}

Performing Test VCL_CHAR_IS_SIGNED succeeded with the following output:
Change Dir: /Users/fabianhielscher/Dev/Masterarbeit/code/build/ITK-build/CMakeFiles/CMakeTmp

Run Build Command(s):/usr/bin/make cmTC_2385f/fast 
/Library/Developer/CommandLineTools/usr/bin/make -f CMakeFiles/cmTC_2385f.dir/build.make CMakeFiles/cmTC_2385f.dir/build
Building CXX object CMakeFiles/cmTC_2385f.dir/vxl_platform_tests.cxx.o
/Library/Developer/CommandLineTools/usr/bin/c++    -std=c++11  -Wall -Wcast-align -Wdisabled-optimization -Wextra -Wformat=2 -Winvalid-pch -Wno-format-nonliteral -Wpointer-arith -Wshadow -Wunused -Wwrite-strings -funit-at-a-time -Wno-strict-overflow -Wno-deprecated -Wno-invalid-offsetof -Woverloaded-virtual  -w  -fPIC -DVCL_CHAR_IS_SIGNED -isysroot /Library/Developer/CommandLineTools/SDKs/MacOSX10.14.sdk -fPIE   -o CMakeFiles/cmTC_2385f.dir/vxl_platform_tests.cxx.o -c /Users/fabianhielscher/Dev/Masterarbeit/code/build/ITK/Modules/ThirdParty/VNL/src/vxl/config/cmake/config/vxl_platform_tests.cxx
Linking CXX executable cmTC_2385f
/Library/Frameworks/Python.framework/Versions/3.7/lib/python3.7/site-packages/cmake/data/CMake.app/Contents/bin/cmake -E cmake_link_script CMakeFiles/cmTC_2385f.dir/link.txt --verbose=1
/Library/Developer/CommandLineTools/usr/bin/c++   -std=c++11  -Wall -Wcast-align -Wdisabled-optimization -Wextra -Wformat=2 -Winvalid-pch -Wno-format-nonliteral -Wpointer-arith -Wshadow -Wunused -Wwrite-strings -funit-at-a-time -Wno-strict-overflow -Wno-deprecated -Wno-invalid-offsetof -Woverloaded-virtual  -w  -fPIC -DVCL_CHAR_IS_SIGNED -isysroot /Library/Developer/CommandLineTools/SDKs/MacOSX10.14.sdk -Wl,-search_paths_first -Wl,-headerpad_max_install_names   CMakeFiles/cmTC_2385f.dir/vxl_platform_tests.cxx.o  -o cmTC_2385f -lm 

Looking for 8-bit int. Failed to compile with the following output:
(FLAGS=-DVXL_HAS_TYPE_OF_SIZE)
Change Dir: /Users/fabianhielscher/Dev/Masterarbeit/code/build/ITK-build/CMakeFiles/CMakeTmp

Run Build Command(s):/usr/bin/make cmTC_a52bb/fast 
/Library/Developer/CommandLineTools/usr/bin/make -f CMakeFiles/cmTC_a52bb.dir/build.make CMakeFiles/cmTC_a52bb.dir/build
Building CXX object CMakeFiles/cmTC_a52bb.dir/vxl_platform_tests.cxx.o
/Library/Developer/CommandLineTools/usr/bin/c++   -I/Users/fabianhielscher/Dev/Masterarbeit/code/build/ITK-build/CMakeTmp  -std=c++11  -Wall -Wcast-align -Wdisabled-optimization -Wextra -Wformat=2 -Winvalid-pch -Wno-format-nonliteral -Wpointer-arith -Wshadow -Wunused -Wwrite-strings -funit-at-a-time -Wno-strict-overflow -Wno-deprecated -Wno-invalid-offsetof -Woverloaded-virtual  -w  -fPIC -DVXL_HAS_TYPE_OF_SIZE -isysroot /Library/Developer/CommandLineTools/SDKs/MacOSX10.14.sdk -fPIE   -o CMakeFiles/cmTC_a52bb.dir/vxl_platform_tests.cxx.o -c /Users/fabianhielscher/Dev/Masterarbeit/code/build/ITK/Modules/ThirdParty/VNL/src/vxl/config/cmake/config/vxl_platform_tests.cxx
/Users/fabianhielscher/Dev/Masterarbeit/code/build/ITK/Modules/ThirdParty/VNL/src/vxl/config/cmake/config/vxl_platform_tests.cxx:957:14: error: redeclaration of 'verify_size' with a different type: 'int (*)[8]' vs 'int (*)[16]'
extern int (*verify_size)[THE_SIZE];
             ^
/Users/fabianhielscher/Dev/Masterarbeit/code/build/ITK/Modules/ThirdParty/VNL/src/vxl/config/cmake/config/vxl_platform_tests.cxx:956:14: note: previous declaration is here
extern int (*verify_size)[sizeof(THE_TYPE) * CHAR_BIT];
             ^
1 error generated.
make[4]: *** [CMakeFiles/cmTC_a52bb.dir/vxl_platform_tests.cxx.o] Error 1
make[3]: *** [cmTC_a52bb/fast] Error 2

Looking for 16-bit int. Failed to compile with the following output:
(FLAGS=-DVXL_HAS_TYPE_OF_SIZE)
Change Dir: /Users/fabianhielscher/Dev/Masterarbeit/code/build/ITK-build/CMakeFiles/CMakeTmp

Run Build Command(s):/usr/bin/make cmTC_d0f2e/fast 
/Library/Developer/CommandLineTools/usr/bin/make -f CMakeFiles/cmTC_d0f2e.dir/build.make CMakeFiles/cmTC_d0f2e.dir/build
Building CXX object CMakeFiles/cmTC_d0f2e.dir/vxl_platform_tests.cxx.o
/Library/Developer/CommandLineTools/usr/bin/c++   -I/Users/fabianhielscher/Dev/Masterarbeit/code/build/ITK-build/CMakeTmp  -std=c++11  -Wall -Wcast-align -Wdisabled-optimization -Wextra -Wformat=2 -Winvalid-pch -Wno-format-nonliteral -Wpointer-arith -Wshadow -Wunused -Wwrite-strings -funit-at-a-time -Wno-strict-overflow -Wno-deprecated -Wno-invalid-offsetof -Woverloaded-virtual  -w  -fPIC -DVXL_HAS_TYPE_OF_SIZE -isysroot /Library/Developer/CommandLineTools/SDKs/MacOSX10.14.sdk -fPIE   -o CMakeFiles/cmTC_d0f2e.dir/vxl_platform_tests.cxx.o -c /Users/fabianhielscher/Dev/Masterarbeit/code/build/ITK/Modules/ThirdParty/VNL/src/vxl/config/cmake/config/vxl_platform_tests.cxx
/Users/fabianhielscher/Dev/Masterarbeit/code/build/ITK/Modules/ThirdParty/VNL/src/vxl/config/cmake/config/vxl_platform_tests.cxx:957:14: error: redeclaration of 'verify_size' with a different type: 'int (*)[16]' vs 'int (*)[8]'
extern int (*verify_size)[THE_SIZE];
             ^
/Users/fabianhielscher/Dev/Masterarbeit/code/build/ITK/Modules/ThirdParty/VNL/src/vxl/config/cmake/config/vxl_platform_tests.cxx:956:14: note: previous declaration is here
extern int (*verify_size)[sizeof(THE_TYPE) * CHAR_BIT];
             ^
1 error generated.
make[4]: *** [CMakeFiles/cmTC_d0f2e.dir/vxl_platform_tests.cxx.o] Error 1
make[3]: *** [cmTC_d0f2e/fast] Error 2

Looking for 16-bit int. Failed to compile with the following output:
(FLAGS=-DVXL_HAS_TYPE_OF_SIZE)
Change Dir: /Users/fabianhielscher/Dev/Masterarbeit/code/build/ITK-build/CMakeFiles/CMakeTmp

Run Build Command(s):/usr/bin/make cmTC_6d236/fast 
/Library/Developer/CommandLineTools/usr/bin/make -f CMakeFiles/cmTC_6d236.dir/build.make CMakeFiles/cmTC_6d236.dir/build
Building CXX object CMakeFiles/cmTC_6d236.dir/vxl_platform_tests.cxx.o
/Library/Developer/CommandLineTools/usr/bin/c++   -I/Users/fabianhielscher/Dev/Masterarbeit/code/build/ITK-build/CMakeTmp  -std=c++11  -Wall -Wcast-align -Wdisabled-optimization -Wextra -Wformat=2 -Winvalid-pch -Wno-format-nonliteral -Wpointer-arith -Wshadow -Wunused -Wwrite-strings -funit-at-a-time -Wno-strict-overflow -Wno-deprecated -Wno-invalid-offsetof -Woverloaded-virtual  -w  -fPIC -DVXL_HAS_TYPE_OF_SIZE -isysroot /Library/Developer/CommandLineTools/SDKs/MacOSX10.14.sdk -fPIE   -o CMakeFiles/cmTC_6d236.dir/vxl_platform_tests.cxx.o -c /Users/fabianhielscher/Dev/Masterarbeit/code/build/ITK/Modules/ThirdParty/VNL/src/vxl/config/cmake/config/vxl_platform_tests.cxx
/Users/fabianhielscher/Dev/Masterarbeit/code/build/ITK/Modules/ThirdParty/VNL/src/vxl/config/cmake/config/vxl_platform_tests.cxx:957:14: error: redeclaration of 'verify_size' with a different type: 'int (*)[16]' vs 'int (*)[32]'
extern int (*verify_size)[THE_SIZE];
             ^
/Users/fabianhielscher/Dev/Masterarbeit/code/build/ITK/Modules/ThirdParty/VNL/src/vxl/config/cmake/config/vxl_platform_tests.cxx:956:14: note: previous declaration is here
extern int (*verify_size)[sizeof(THE_TYPE) * CHAR_BIT];
             ^
1 error generated.
make[4]: *** [CMakeFiles/cmTC_6d236.dir/vxl_platform_tests.cxx.o] Error 1
make[3]: *** [cmTC_6d236/fast] Error 2

Looking for 32-bit int. Failed to compile with the following output:
(FLAGS=-DVXL_HAS_TYPE_OF_SIZE)
Change Dir: /Users/fabianhielscher/Dev/Masterarbeit/code/build/ITK-build/CMakeFiles/CMakeTmp

Run Build Command(s):/usr/bin/make cmTC_9785e/fast 
/Library/Developer/CommandLineTools/usr/bin/make -f CMakeFiles/cmTC_9785e.dir/build.make CMakeFiles/cmTC_9785e.dir/build
Building CXX object CMakeFiles/cmTC_9785e.dir/vxl_platform_tests.cxx.o
/Library/Developer/CommandLineTools/usr/bin/c++   -I/Users/fabianhielscher/Dev/Masterarbeit/code/build/ITK-build/CMakeTmp  -std=c++11  -Wall -Wcast-align -Wdisabled-optimization -Wextra -Wformat=2 -Winvalid-pch -Wno-format-nonliteral -Wpointer-arith -Wshadow -Wunused -Wwrite-strings -funit-at-a-time -Wno-strict-overflow -Wno-deprecated -Wno-invalid-offsetof -Woverloaded-virtual  -w  -fPIC -DVXL_HAS_TYPE_OF_SIZE -isysroot /Library/Developer/CommandLineTools/SDKs/MacOSX10.14.sdk -fPIE   -o CMakeFiles/cmTC_9785e.dir/vxl_platform_tests.cxx.o -c /Users/fabianhielscher/Dev/Masterarbeit/code/build/ITK/Modules/ThirdParty/VNL/src/vxl/config/cmake/config/vxl_platform_tests.cxx
/Users/fabianhielscher/Dev/Masterarbeit/code/build/ITK/Modules/ThirdParty/VNL/src/vxl/config/cmake/config/vxl_platform_tests.cxx:957:14: error: redeclaration of 'verify_size' with a different type: 'int (*)[32]' vs 'int (*)[16]'
extern int (*verify_size)[THE_SIZE];
             ^
/Users/fabianhielscher/Dev/Masterarbeit/code/build/ITK/Modules/ThirdParty/VNL/src/vxl/config/cmake/config/vxl_platform_tests.cxx:956:14: note: previous declaration is here
extern int (*verify_size)[sizeof(THE_TYPE) * CHAR_BIT];
             ^
1 error generated.
make[4]: *** [CMakeFiles/cmTC_9785e.dir/vxl_platform_tests.cxx.o] Error 1
make[3]: *** [cmTC_9785e/fast] Error 2

Looking for 32-bit int. Failed to compile with the following output:
(FLAGS=-DVXL_HAS_TYPE_OF_SIZE)
Change Dir: /Users/fabianhielscher/Dev/Masterarbeit/code/build/ITK-build/CMakeFiles/CMakeTmp

Run Build Command(s):/usr/bin/make cmTC_ebc3d/fast 
/Library/Developer/CommandLineTools/usr/bin/make -f CMakeFiles/cmTC_ebc3d.dir/build.make CMakeFiles/cmTC_ebc3d.dir/build
Building CXX object CMakeFiles/cmTC_ebc3d.dir/vxl_platform_tests.cxx.o
/Library/Developer/CommandLineTools/usr/bin/c++   -I/Users/fabianhielscher/Dev/Masterarbeit/code/build/ITK-build/CMakeTmp  -std=c++11  -Wall -Wcast-align -Wdisabled-optimization -Wextra -Wformat=2 -Winvalid-pch -Wno-format-nonliteral -Wpointer-arith -Wshadow -Wunused -Wwrite-strings -funit-at-a-time -Wno-strict-overflow -Wno-deprecated -Wno-invalid-offsetof -Woverloaded-virtual  -w  -fPIC -DVXL_HAS_TYPE_OF_SIZE -isysroot /Library/Developer/CommandLineTools/SDKs/MacOSX10.14.sdk -fPIE   -o CMakeFiles/cmTC_ebc3d.dir/vxl_platform_tests.cxx.o -c /Users/fabianhielscher/Dev/Masterarbeit/code/build/ITK/Modules/ThirdParty/VNL/src/vxl/config/cmake/config/vxl_platform_tests.cxx
/Users/fabianhielscher/Dev/Masterarbeit/code/build/ITK/Modules/ThirdParty/VNL/src/vxl/config/cmake/config/vxl_platform_tests.cxx:957:14: error: redeclaration of 'verify_size' with a different type: 'int (*)[32]' vs 'int (*)[64]'
extern int (*verify_size)[THE_SIZE];
             ^
/Users/fabianhielscher/Dev/Masterarbeit/code/build/ITK/Modules/ThirdParty/VNL/src/vxl/config/cmake/config/vxl_platform_tests.cxx:956:14: note: previous declaration is here
extern int (*verify_size)[sizeof(THE_TYPE) * CHAR_BIT];
             ^
1 error generated.
make[4]: *** [CMakeFiles/cmTC_ebc3d.dir/vxl_platform_tests.cxx.o] Error 1
make[3]: *** [cmTC_ebc3d/fast] Error 2

Looking for 64-bit int. Failed to compile with the following output:
(FLAGS=-DVXL_HAS_TYPE_OF_SIZE)
Change Dir: /Users/fabianhielscher/Dev/Masterarbeit/code/build/ITK-build/CMakeFiles/CMakeTmp

Run Build Command(s):/usr/bin/make cmTC_00bab/fast 
/Library/Developer/CommandLineTools/usr/bin/make -f CMakeFiles/cmTC_00bab.dir/build.make CMakeFiles/cmTC_00bab.dir/build
Building CXX object CMakeFiles/cmTC_00bab.dir/vxl_platform_tests.cxx.o
/Library/Developer/CommandLineTools/usr/bin/c++   -I/Users/fabianhielscher/Dev/Masterarbeit/code/build/ITK-build/CMakeTmp  -std=c++11  -Wall -Wcast-align -Wdisabled-optimization -Wextra -Wformat=2 -Winvalid-pch -Wno-format-nonliteral -Wpointer-arith -Wshadow -Wunused -Wwrite-strings -funit-at-a-time -Wno-strict-overflow -Wno-deprecated -Wno-invalid-offsetof -Woverloaded-virtual  -w  -fPIC -DVXL_HAS_TYPE_OF_SIZE -isysroot /Library/Developer/CommandLineTools/SDKs/MacOSX10.14.sdk -fPIE   -o CMakeFiles/cmTC_00bab.dir/vxl_platform_tests.cxx.o -c /Users/fabianhielscher/Dev/Masterarbeit/code/build/ITK/Modules/ThirdParty/VNL/src/vxl/config/cmake/config/vxl_platform_tests.cxx
/Users/fabianhielscher/Dev/Masterarbeit/code/build/ITK/Modules/ThirdParty/VNL/src/vxl/config/cmake/config/vxl_platform_tests.cxx:944:14: error: unknown type name '__int64'
double cast( THE_TYPE a, unsigned THE_TYPE b, signed THE_TYPE c )
             ^
/Users/fabianhielscher/Dev/Masterarbeit/code/build/ITK-build/CMakeTmp/config.h:1:18: note: expanded from macro 'THE_TYPE'
#define THE_TYPE __int64
                 ^
/Users/fabianhielscher/Dev/Masterarbeit/code/build/ITK/Modules/ThirdParty/VNL/src/vxl/config/cmake/config/vxl_platform_tests.cxx:944:44: error: expected ')'
double cast( THE_TYPE a, unsigned THE_TYPE b, signed THE_TYPE c )
                                           ^
/Users/fabianhielscher/Dev/Masterarbeit/code/build/ITK/Modules/ThirdParty/VNL/src/vxl/config/cmake/config/vxl_platform_tests.cxx:944:12: note: to match this '('
double cast( THE_TYPE a, unsigned THE_TYPE b, signed THE_TYPE c )
           ^
/Users/fabianhielscher/Dev/Masterarbeit/code/build/ITK/Modules/ThirdParty/VNL/src/vxl/config/cmake/config/vxl_platform_tests.cxx:946:32: error: use of undeclared identifier 'b'
  return double( a ) + double( b ) + double( c );
                               ^
/Users/fabianhielscher/Dev/Masterarbeit/code/build/ITK/Modules/ThirdParty/VNL/src/vxl/config/cmake/config/vxl_platform_tests.cxx:946:46: error: use of undeclared identifier 'c'
  return double( a ) + double( b ) + double( c );
                                             ^
/Users/fabianhielscher/Dev/Masterarbeit/code/build/ITK/Modules/ThirdParty/VNL/src/vxl/config/cmake/config/vxl_platform_tests.cxx:956:34: error: use of undeclared identifier '__int64'
extern int (*verify_size)[sizeof(THE_TYPE) * CHAR_BIT];
                                 ^
/Users/fabianhielscher/Dev/Masterarbeit/code/build/ITK-build/CMakeTmp/config.h:1:18: note: expanded from macro 'THE_TYPE'
#define THE_TYPE __int64
                 ^
5 errors generated.
make[4]: *** [CMakeFiles/cmTC_00bab.dir/vxl_platform_tests.cxx.o] Error 1
make[3]: *** [cmTC_00bab/fast] Error 2

Looking for 32-bit float. Failed to compile with the following output:
(FLAGS=-DVXL_HAS_TYPE_OF_SIZE)
Change Dir: /Users/fabianhielscher/Dev/Masterarbeit/code/build/ITK-build/CMakeFiles/CMakeTmp

Run Build Command(s):/usr/bin/make cmTC_f509e/fast 
/Library/Developer/CommandLineTools/usr/bin/make -f CMakeFiles/cmTC_f509e.dir/build.make CMakeFiles/cmTC_f509e.dir/build
Building CXX object CMakeFiles/cmTC_f509e.dir/vxl_platform_tests.cxx.o
/Library/Developer/CommandLineTools/usr/bin/c++   -I/Users/fabianhielscher/Dev/Masterarbeit/code/build/ITK-build/CMakeTmp  -std=c++11  -Wall -Wcast-align -Wdisabled-optimization -Wextra -Wformat=2 -Winvalid-pch -Wno-format-nonliteral -Wpointer-arith -Wshadow -Wunused -Wwrite-strings -funit-at-a-time -Wno-strict-overflow -Wno-deprecated -Wno-invalid-offsetof -Woverloaded-virtual  -w  -fPIC -DVXL_HAS_TYPE_OF_SIZE -isysroot /Library/Developer/CommandLineTools/SDKs/MacOSX10.14.sdk -fPIE   -o CMakeFiles/cmTC_f509e.dir/vxl_platform_tests.cxx.o -c /Users/fabianhielscher/Dev/Masterarbeit/code/build/ITK/Modules/ThirdParty/VNL/src/vxl/config/cmake/config/vxl_platform_tests.cxx
/Users/fabianhielscher/Dev/Masterarbeit/code/build/ITK/Modules/ThirdParty/VNL/src/vxl/config/cmake/config/vxl_platform_tests.cxx:957:14: error: redeclaration of 'verify_size' with a different type: 'int (*)[32]' vs 'int (*)[128]'
extern int (*verify_size)[THE_SIZE];
             ^
/Users/fabianhielscher/Dev/Masterarbeit/code/build/ITK/Modules/ThirdParty/VNL/src/vxl/config/cmake/config/vxl_platform_tests.cxx:956:14: note: previous declaration is here
extern int (*verify_size)[sizeof(THE_TYPE) * CHAR_BIT];
             ^
1 error generated.
make[4]: *** [CMakeFiles/cmTC_f509e.dir/vxl_platform_tests.cxx.o] Error 1
make[3]: *** [cmTC_f509e/fast] Error 2

Looking for 32-bit float. Failed to compile with the following output:
(FLAGS=-DVXL_HAS_TYPE_OF_SIZE)
Change Dir: /Users/fabianhielscher/Dev/Masterarbeit/code/build/ITK-build/CMakeFiles/CMakeTmp

Run Build Command(s):/usr/bin/make cmTC_278a8/fast 
/Library/Developer/CommandLineTools/usr/bin/make -f CMakeFiles/cmTC_278a8.dir/build.make CMakeFiles/cmTC_278a8.dir/build
Building CXX object CMakeFiles/cmTC_278a8.dir/vxl_platform_tests.cxx.o
/Library/Developer/CommandLineTools/usr/bin/c++   -I/Users/fabianhielscher/Dev/Masterarbeit/code/build/ITK-build/CMakeTmp  -std=c++11  -Wall -Wcast-align -Wdisabled-optimization -Wextra -Wformat=2 -Winvalid-pch -Wno-format-nonliteral -Wpointer-arith -Wshadow -Wunused -Wwrite-strings -funit-at-a-time -Wno-strict-overflow -Wno-deprecated -Wno-invalid-offsetof -Woverloaded-virtual  -w  -fPIC -DVXL_HAS_TYPE_OF_SIZE -isysroot /Library/Developer/CommandLineTools/SDKs/MacOSX10.14.sdk -fPIE   -o CMakeFiles/cmTC_278a8.dir/vxl_platform_tests.cxx.o -c /Users/fabianhielscher/Dev/Masterarbeit/code/build/ITK/Modules/ThirdParty/VNL/src/vxl/config/cmake/config/vxl_platform_tests.cxx
/Users/fabianhielscher/Dev/Masterarbeit/code/build/ITK/Modules/ThirdParty/VNL/src/vxl/config/cmake/config/vxl_platform_tests.cxx:957:14: error: redeclaration of 'verify_size' with a different type: 'int (*)[32]' vs 'int (*)[64]'
extern int (*verify_size)[THE_SIZE];
             ^
/Users/fabianhielscher/Dev/Masterarbeit/code/build/ITK/Modules/ThirdParty/VNL/src/vxl/config/cmake/config/vxl_platform_tests.cxx:956:14: note: previous declaration is here
extern int (*verify_size)[sizeof(THE_TYPE) * CHAR_BIT];
             ^
1 error generated.
make[4]: *** [CMakeFiles/cmTC_278a8.dir/vxl_platform_tests.cxx.o] Error 1
make[3]: *** [cmTC_278a8/fast] Error 2

Looking for 64-bit float. Failed to compile with the following output:
(FLAGS=-DVXL_HAS_TYPE_OF_SIZE)
Change Dir: /Users/fabianhielscher/Dev/Masterarbeit/code/build/ITK-build/CMakeFiles/CMakeTmp

Run Build Command(s):/usr/bin/make cmTC_1391d/fast 
/Library/Developer/CommandLineTools/usr/bin/make -f CMakeFiles/cmTC_1391d.dir/build.make CMakeFiles/cmTC_1391d.dir/build
Building CXX object CMakeFiles/cmTC_1391d.dir/vxl_platform_tests.cxx.o
/Library/Developer/CommandLineTools/usr/bin/c++   -I/Users/fabianhielscher/Dev/Masterarbeit/code/build/ITK-build/CMakeTmp  -std=c++11  -Wall -Wcast-align -Wdisabled-optimization -Wextra -Wformat=2 -Winvalid-pch -Wno-format-nonliteral -Wpointer-arith -Wshadow -Wunused -Wwrite-strings -funit-at-a-time -Wno-strict-overflow -Wno-deprecated -Wno-invalid-offsetof -Woverloaded-virtual  -w  -fPIC -DVXL_HAS_TYPE_OF_SIZE -isysroot /Library/Developer/CommandLineTools/SDKs/MacOSX10.14.sdk -fPIE   -o CMakeFiles/cmTC_1391d.dir/vxl_platform_tests.cxx.o -c /Users/fabianhielscher/Dev/Masterarbeit/code/build/ITK/Modules/ThirdParty/VNL/src/vxl/config/cmake/config/vxl_platform_tests.cxx
/Users/fabianhielscher/Dev/Masterarbeit/code/build/ITK/Modules/ThirdParty/VNL/src/vxl/config/cmake/config/vxl_platform_tests.cxx:957:14: error: redeclaration of 'verify_size' with a different type: 'int (*)[64]' vs 'int (*)[32]'
extern int (*verify_size)[THE_SIZE];
             ^
/Users/fabianhielscher/Dev/Masterarbeit/code/build/ITK/Modules/ThirdParty/VNL/src/vxl/config/cmake/config/vxl_platform_tests.cxx:956:14: note: previous declaration is here
extern int (*verify_size)[sizeof(THE_TYPE) * CHAR_BIT];
             ^
1 error generated.
make[4]: *** [CMakeFiles/cmTC_1391d.dir/vxl_platform_tests.cxx.o] Error 1
make[3]: *** [cmTC_1391d/fast] Error 2

Looking for 64-bit float. Failed to compile with the following output:
(FLAGS=-DVXL_HAS_TYPE_OF_SIZE)
Change Dir: /Users/fabianhielscher/Dev/Masterarbeit/code/build/ITK-build/CMakeFiles/CMakeTmp

Run Build Command(s):/usr/bin/make cmTC_c9dd6/fast 
/Library/Developer/CommandLineTools/usr/bin/make -f CMakeFiles/cmTC_c9dd6.dir/build.make CMakeFiles/cmTC_c9dd6.dir/build
Building CXX object CMakeFiles/cmTC_c9dd6.dir/vxl_platform_tests.cxx.o
/Library/Developer/CommandLineTools/usr/bin/c++   -I/Users/fabianhielscher/Dev/Masterarbeit/code/build/ITK-build/CMakeTmp  -std=c++11  -Wall -Wcast-align -Wdisabled-optimization -Wextra -Wformat=2 -Winvalid-pch -Wno-format-nonliteral -Wpointer-arith -Wshadow -Wunused -Wwrite-strings -funit-at-a-time -Wno-strict-overflow -Wno-deprecated -Wno-invalid-offsetof -Woverloaded-virtual  -w  -fPIC -DVXL_HAS_TYPE_OF_SIZE -isysroot /Library/Developer/CommandLineTools/SDKs/MacOSX10.14.sdk -fPIE   -o CMakeFiles/cmTC_c9dd6.dir/vxl_platform_tests.cxx.o -c /Users/fabianhielscher/Dev/Masterarbeit/code/build/ITK/Modules/ThirdParty/VNL/src/vxl/config/cmake/config/vxl_platform_tests.cxx
/Users/fabianhielscher/Dev/Masterarbeit/code/build/ITK/Modules/ThirdParty/VNL/src/vxl/config/cmake/config/vxl_platform_tests.cxx:957:14: error: redeclaration of 'verify_size' with a different type: 'int (*)[64]' vs 'int (*)[128]'
extern int (*verify_size)[THE_SIZE];
             ^
/Users/fabianhielscher/Dev/Masterarbeit/code/build/ITK/Modules/ThirdParty/VNL/src/vxl/config/cmake/config/vxl_platform_tests.cxx:956:14: note: previous declaration is here
extern int (*verify_size)[sizeof(THE_TYPE) * CHAR_BIT];
             ^
1 error generated.
make[4]: *** [CMakeFiles/cmTC_c9dd6.dir/vxl_platform_tests.cxx.o] Error 1
make[3]: *** [cmTC_c9dd6/fast] Error 2

Looking for 96-bit float. Failed to compile with the following output:
(FLAGS=-DVXL_HAS_TYPE_OF_SIZE)
Change Dir: /Users/fabianhielscher/Dev/Masterarbeit/code/build/ITK-build/CMakeFiles/CMakeTmp

Run Build Command(s):/usr/bin/make cmTC_c5dfc/fast 
/Library/Developer/CommandLineTools/usr/bin/make -f CMakeFiles/cmTC_c5dfc.dir/build.make CMakeFiles/cmTC_c5dfc.dir/build
Building CXX object CMakeFiles/cmTC_c5dfc.dir/vxl_platform_tests.cxx.o
/Library/Developer/CommandLineTools/usr/bin/c++   -I/Users/fabianhielscher/Dev/Masterarbeit/code/build/ITK-build/CMakeTmp  -std=c++11  -Wall -Wcast-align -Wdisabled-optimization -Wextra -Wformat=2 -Winvalid-pch -Wno-format-nonliteral -Wpointer-arith -Wshadow -Wunused -Wwrite-strings -funit-at-a-time -Wno-strict-overflow -Wno-deprecated -Wno-invalid-offsetof -Woverloaded-virtual  -w  -fPIC -DVXL_HAS_TYPE_OF_SIZE -isysroot /Library/Developer/CommandLineTools/SDKs/MacOSX10.14.sdk -fPIE   -o CMakeFiles/cmTC_c5dfc.dir/vxl_platform_tests.cxx.o -c /Users/fabianhielscher/Dev/Masterarbeit/code/build/ITK/Modules/ThirdParty/VNL/src/vxl/config/cmake/config/vxl_platform_tests.cxx
/Users/fabianhielscher/Dev/Masterarbeit/code/build/ITK/Modules/ThirdParty/VNL/src/vxl/config/cmake/config/vxl_platform_tests.cxx:957:14: error: redeclaration of 'verify_size' with a different type: 'int (*)[96]' vs 'int (*)[32]'
extern int (*verify_size)[THE_SIZE];
             ^
/Users/fabianhielscher/Dev/Masterarbeit/code/build/ITK/Modules/ThirdParty/VNL/src/vxl/config/cmake/config/vxl_platform_tests.cxx:956:14: note: previous declaration is here
extern int (*verify_size)[sizeof(THE_TYPE) * CHAR_BIT];
             ^
1 error generated.
make[4]: *** [CMakeFiles/cmTC_c5dfc.dir/vxl_platform_tests.cxx.o] Error 1
make[3]: *** [cmTC_c5dfc/fast] Error 2

Looking for 96-bit float. Failed to compile with the following output:
(FLAGS=-DVXL_HAS_TYPE_OF_SIZE)
Change Dir: /Users/fabianhielscher/Dev/Masterarbeit/code/build/ITK-build/CMakeFiles/CMakeTmp

Run Build Command(s):/usr/bin/make cmTC_ff3e2/fast 
/Library/Developer/CommandLineTools/usr/bin/make -f CMakeFiles/cmTC_ff3e2.dir/build.make CMakeFiles/cmTC_ff3e2.dir/build
Building CXX object CMakeFiles/cmTC_ff3e2.dir/vxl_platform_tests.cxx.o
/Library/Developer/CommandLineTools/usr/bin/c++   -I/Users/fabianhielscher/Dev/Masterarbeit/code/build/ITK-build/CMakeTmp  -std=c++11  -Wall -Wcast-align -Wdisabled-optimization -Wextra -Wformat=2 -Winvalid-pch -Wno-format-nonliteral -Wpointer-arith -Wshadow -Wunused -Wwrite-strings -funit-at-a-time -Wno-strict-overflow -Wno-deprecated -Wno-invalid-offsetof -Woverloaded-virtual  -w  -fPIC -DVXL_HAS_TYPE_OF_SIZE -isysroot /Library/Developer/CommandLineTools/SDKs/MacOSX10.14.sdk -fPIE   -o CMakeFiles/cmTC_ff3e2.dir/vxl_platform_tests.cxx.o -c /Users/fabianhielscher/Dev/Masterarbeit/code/build/ITK/Modules/ThirdParty/VNL/src/vxl/config/cmake/config/vxl_platform_tests.cxx
/Users/fabianhielscher/Dev/Masterarbeit/code/build/ITK/Modules/ThirdParty/VNL/src/vxl/config/cmake/config/vxl_platform_tests.cxx:957:14: error: redeclaration of 'verify_size' with a different type: 'int (*)[96]' vs 'int (*)[64]'
extern int (*verify_size)[THE_SIZE];
             ^
/Users/fabianhielscher/Dev/Masterarbeit/code/build/ITK/Modules/ThirdParty/VNL/src/vxl/config/cmake/config/vxl_platform_tests.cxx:956:14: note: previous declaration is here
extern int (*verify_size)[sizeof(THE_TYPE) * CHAR_BIT];
             ^
1 error generated.
make[4]: *** [CMakeFiles/cmTC_ff3e2.dir/vxl_platform_tests.cxx.o] Error 1
make[3]: *** [cmTC_ff3e2/fast] Error 2

Looking for 96-bit float. Failed to compile with the following output:
(FLAGS=-DVXL_HAS_TYPE_OF_SIZE)
Change Dir: /Users/fabianhielscher/Dev/Masterarbeit/code/build/ITK-build/CMakeFiles/CMakeTmp

Run Build Command(s):/usr/bin/make cmTC_a7208/fast 
/Library/Developer/CommandLineTools/usr/bin/make -f CMakeFiles/cmTC_a7208.dir/build.make CMakeFiles/cmTC_a7208.dir/build
Building CXX object CMakeFiles/cmTC_a7208.dir/vxl_platform_tests.cxx.o
/Library/Developer/CommandLineTools/usr/bin/c++   -I/Users/fabianhielscher/Dev/Masterarbeit/code/build/ITK-build/CMakeTmp  -std=c++11  -Wall -Wcast-align -Wdisabled-optimization -Wextra -Wformat=2 -Winvalid-pch -Wno-format-nonliteral -Wpointer-arith -Wshadow -Wunused -Wwrite-strings -funit-at-a-time -Wno-strict-overflow -Wno-deprecated -Wno-invalid-offsetof -Woverloaded-virtual  -w  -fPIC -DVXL_HAS_TYPE_OF_SIZE -isysroot /Library/Developer/CommandLineTools/SDKs/MacOSX10.14.sdk -fPIE   -o CMakeFiles/cmTC_a7208.dir/vxl_platform_tests.cxx.o -c /Users/fabianhielscher/Dev/Masterarbeit/code/build/ITK/Modules/ThirdParty/VNL/src/vxl/config/cmake/config/vxl_platform_tests.cxx
/Users/fabianhielscher/Dev/Masterarbeit/code/build/ITK/Modules/ThirdParty/VNL/src/vxl/config/cmake/config/vxl_platform_tests.cxx:957:14: error: redeclaration of 'verify_size' with a different type: 'int (*)[96]' vs 'int (*)[128]'
extern int (*verify_size)[THE_SIZE];
             ^
/Users/fabianhielscher/Dev/Masterarbeit/code/build/ITK/Modules/ThirdParty/VNL/src/vxl/config/cmake/config/vxl_platform_tests.cxx:956:14: note: previous declaration is here
extern int (*verify_size)[sizeof(THE_TYPE) * CHAR_BIT];
             ^
1 error generated.
make[4]: *** [CMakeFiles/cmTC_a7208.dir/vxl_platform_tests.cxx.o] Error 1
make[3]: *** [cmTC_a7208/fast] Error 2

Looking for 128-bit float. Failed to compile with the following output:
(FLAGS=-DVXL_HAS_TYPE_OF_SIZE)
Change Dir: /Users/fabianhielscher/Dev/Masterarbeit/code/build/ITK-build/CMakeFiles/CMakeTmp

Run Build Command(s):/usr/bin/make cmTC_b8df3/fast 
/Library/Developer/CommandLineTools/usr/bin/make -f CMakeFiles/cmTC_b8df3.dir/build.make CMakeFiles/cmTC_b8df3.dir/build
Building CXX object CMakeFiles/cmTC_b8df3.dir/vxl_platform_tests.cxx.o
/Library/Developer/CommandLineTools/usr/bin/c++   -I/Users/fabianhielscher/Dev/Masterarbeit/code/build/ITK-build/CMakeTmp  -std=c++11  -Wall -Wcast-align -Wdisabled-optimization -Wextra -Wformat=2 -Winvalid-pch -Wno-format-nonliteral -Wpointer-arith -Wshadow -Wunused -Wwrite-strings -funit-at-a-time -Wno-strict-overflow -Wno-deprecated -Wno-invalid-offsetof -Woverloaded-virtual  -w  -fPIC -DVXL_HAS_TYPE_OF_SIZE -isysroot /Library/Developer/CommandLineTools/SDKs/MacOSX10.14.sdk -fPIE   -o CMakeFiles/cmTC_b8df3.dir/vxl_platform_tests.cxx.o -c /Users/fabianhielscher/Dev/Masterarbeit/code/build/ITK/Modules/ThirdParty/VNL/src/vxl/config/cmake/config/vxl_platform_tests.cxx
/Users/fabianhielscher/Dev/Masterarbeit/code/build/ITK/Modules/ThirdParty/VNL/src/vxl/config/cmake/config/vxl_platform_tests.cxx:957:14: error: redeclaration of 'verify_size' with a different type: 'int (*)[128]' vs 'int (*)[32]'
extern int (*verify_size)[THE_SIZE];
             ^
/Users/fabianhielscher/Dev/Masterarbeit/code/build/ITK/Modules/ThirdParty/VNL/src/vxl/config/cmake/config/vxl_platform_tests.cxx:956:14: note: previous declaration is here
extern int (*verify_size)[sizeof(THE_TYPE) * CHAR_BIT];
             ^
1 error generated.
make[4]: *** [CMakeFiles/cmTC_b8df3.dir/vxl_platform_tests.cxx.o] Error 1
make[3]: *** [cmTC_b8df3/fast] Error 2

Looking for 128-bit float. Failed to compile with the following output:
(FLAGS=-DVXL_HAS_TYPE_OF_SIZE)
Change Dir: /Users/fabianhielscher/Dev/Masterarbeit/code/build/ITK-build/CMakeFiles/CMakeTmp

Run Build Command(s):/usr/bin/make cmTC_121ad/fast 
/Library/Developer/CommandLineTools/usr/bin/make -f CMakeFiles/cmTC_121ad.dir/build.make CMakeFiles/cmTC_121ad.dir/build
Building CXX object CMakeFiles/cmTC_121ad.dir/vxl_platform_tests.cxx.o
/Library/Developer/CommandLineTools/usr/bin/c++   -I/Users/fabianhielscher/Dev/Masterarbeit/code/build/ITK-build/CMakeTmp  -std=c++11  -Wall -Wcast-align -Wdisabled-optimization -Wextra -Wformat=2 -Winvalid-pch -Wno-format-nonliteral -Wpointer-arith -Wshadow -Wunused -Wwrite-strings -funit-at-a-time -Wno-strict-overflow -Wno-deprecated -Wno-invalid-offsetof -Woverloaded-virtual  -w  -fPIC -DVXL_HAS_TYPE_OF_SIZE -isysroot /Library/Developer/CommandLineTools/SDKs/MacOSX10.14.sdk -fPIE   -o CMakeFiles/cmTC_121ad.dir/vxl_platform_tests.cxx.o -c /Users/fabianhielscher/Dev/Masterarbeit/code/build/ITK/Modules/ThirdParty/VNL/src/vxl/config/cmake/config/vxl_platform_tests.cxx
/Users/fabianhielscher/Dev/Masterarbeit/code/build/ITK/Modules/ThirdParty/VNL/src/vxl/config/cmake/config/vxl_platform_tests.cxx:957:14: error: redeclaration of 'verify_size' with a different type: 'int (*)[128]' vs 'int (*)[64]'
extern int (*verify_size)[THE_SIZE];
             ^
/Users/fabianhielscher/Dev/Masterarbeit/code/build/ITK/Modules/ThirdParty/VNL/src/vxl/config/cmake/config/vxl_platform_tests.cxx:956:14: note: previous declaration is here
extern int (*verify_size)[sizeof(THE_TYPE) * CHAR_BIT];
             ^
1 error generated.
make[4]: *** [CMakeFiles/cmTC_121ad.dir/vxl_platform_tests.cxx.o] Error 1
make[3]: *** [cmTC_121ad/fast] Error 2

Determining if the function tell exists failed with the following output:
Change Dir: /Users/fabianhielscher/Dev/Masterarbeit/code/build/ITK-build/CMakeFiles/CMakeTmp

Run Build Command(s):/usr/bin/make cmTC_9975c/fast 
/Library/Developer/CommandLineTools/usr/bin/make -f CMakeFiles/cmTC_9975c.dir/build.make CMakeFiles/cmTC_9975c.dir/build
Building C object CMakeFiles/cmTC_9975c.dir/CheckFunctionExists.c.o
/Library/Developer/CommandLineTools/usr/bin/cc   -Wno-uninitialized -Wno-unused-parameter -Wall -Wcast-align -Wdisabled-optimization -Wextra -Wformat=2 -Winvalid-pch -Wno-format-nonliteral -Wpointer-arith -Wshadow -Wunused -Wwrite-strings -funit-at-a-time -Wno-strict-overflow  -w  -fPIC -DCHECK_FUNCTION_EXISTS=tell -isysroot /Library/Developer/CommandLineTools/SDKs/MacOSX10.14.sdk -fPIE   -o CMakeFiles/cmTC_9975c.dir/CheckFunctionExists.c.o   -c /Library/Frameworks/Python.framework/Versions/3.7/lib/python3.7/site-packages/cmake/data/CMake.app/Contents/share/cmake-3.14/Modules/CheckFunctionExists.c
Linking C executable cmTC_9975c
/Library/Frameworks/Python.framework/Versions/3.7/lib/python3.7/site-packages/cmake/data/CMake.app/Contents/bin/cmake -E cmake_link_script CMakeFiles/cmTC_9975c.dir/link.txt --verbose=1
/Library/Developer/CommandLineTools/usr/bin/cc   -Wno-uninitialized -Wno-unused-parameter -Wall -Wcast-align -Wdisabled-optimization -Wextra -Wformat=2 -Winvalid-pch -Wno-format-nonliteral -Wpointer-arith -Wshadow -Wunused -Wwrite-strings -funit-at-a-time -Wno-strict-overflow  -w  -fPIC -DCHECK_FUNCTION_EXISTS=tell -isysroot /Library/Developer/CommandLineTools/SDKs/MacOSX10.14.sdk -Wl,-search_paths_first -Wl,-headerpad_max_install_names   CMakeFiles/cmTC_9975c.dir/CheckFunctionExists.c.o  -o cmTC_9975c -lm 
Undefined symbols for architecture x86_64:
  "_tell", referenced from:
      _main in CheckFunctionExists.c.o
ld: symbol(s) not found for architecture x86_64
clang: error: linker command failed with exit code 1 (use -v to see invocation)
make[4]: *** [cmTC_9975c] Error 1
make[3]: *** [cmTC_9975c/fast] Error 2


Performing Test VCL_NUMERIC_LIMITS_HAS_INFINITY succeeded with the following output:
Change Dir: /Users/fabianhielscher/Dev/Masterarbeit/code/build/ITK-build/CMakeFiles/CMakeTmp

Run Build Command(s):/usr/bin/make cmTC_1e93a/fast 
/Library/Developer/CommandLineTools/usr/bin/make -f CMakeFiles/cmTC_1e93a.dir/build.make CMakeFiles/cmTC_1e93a.dir/build
Building CXX object CMakeFiles/cmTC_1e93a.dir/vxl_platform_tests.cxx.o
/Library/Developer/CommandLineTools/usr/bin/c++    -std=c++11  -Wall -Wcast-align -Wdisabled-optimization -Wextra -Wformat=2 -Winvalid-pch -Wno-format-nonliteral -Wpointer-arith -Wshadow -Wunused -Wwrite-strings -funit-at-a-time -Wno-strict-overflow -Wno-deprecated -Wno-invalid-offsetof -Woverloaded-virtual  -w  -fPIC -DVCL_NUMERIC_LIMITS_HAS_INFINITY -isysroot /Library/Developer/CommandLineTools/SDKs/MacOSX10.14.sdk -fPIE   -o CMakeFiles/cmTC_1e93a.dir/vxl_platform_tests.cxx.o -c /Users/fabianhielscher/Dev/Masterarbeit/code/build/ITK/Modules/ThirdParty/VNL/src/vxl/config/cmake/config/vxl_platform_tests.cxx
Linking CXX executable cmTC_1e93a
/Library/Frameworks/Python.framework/Versions/3.7/lib/python3.7/site-packages/cmake/data/CMake.app/Contents/bin/cmake -E cmake_link_script CMakeFiles/cmTC_1e93a.dir/link.txt --verbose=1
/Library/Developer/CommandLineTools/usr/bin/c++   -std=c++11  -Wall -Wcast-align -Wdisabled-optimization -Wextra -Wformat=2 -Winvalid-pch -Wno-format-nonliteral -Wpointer-arith -Wshadow -Wunused -Wwrite-strings -funit-at-a-time -Wno-strict-overflow -Wno-deprecated -Wno-invalid-offsetof -Woverloaded-virtual  -w  -fPIC -DVCL_NUMERIC_LIMITS_HAS_INFINITY -isysroot /Library/Developer/CommandLineTools/SDKs/MacOSX10.14.sdk -Wl,-search_paths_first -Wl,-headerpad_max_install_names   CMakeFiles/cmTC_1e93a.dir/vxl_platform_tests.cxx.o  -o cmTC_1e93a -lm 

Determining if the include file tr1/type_traits exists failed with the following output:
Change Dir: /Users/fabianhielscher/Dev/Masterarbeit/code/build/ITK-build/CMakeFiles/CMakeTmp

Run Build Command(s):/usr/bin/make cmTC_b9723/fast 
/Library/Developer/CommandLineTools/usr/bin/make -f CMakeFiles/cmTC_b9723.dir/build.make CMakeFiles/cmTC_b9723.dir/build
Building CXX object CMakeFiles/cmTC_b9723.dir/CheckIncludeFile.cxx.o
/Library/Developer/CommandLineTools/usr/bin/c++    -std=c++11  -Wall -Wcast-align -Wdisabled-optimization -Wextra -Wformat=2 -Winvalid-pch -Wno-format-nonliteral -Wpointer-arith -Wshadow -Wunused -Wwrite-strings -funit-at-a-time -Wno-strict-overflow -Wno-deprecated -Wno-invalid-offsetof -Woverloaded-virtual   -isysroot /Library/Developer/CommandLineTools/SDKs/MacOSX10.14.sdk -fPIE   -o CMakeFiles/cmTC_b9723.dir/CheckIncludeFile.cxx.o -c /Users/fabianhielscher/Dev/Masterarbeit/code/build/ITK-build/CMakeFiles/CMakeTmp/CheckIncludeFile.cxx
/Users/fabianhielscher/Dev/Masterarbeit/code/build/ITK-build/CMakeFiles/CMakeTmp/CheckIncludeFile.cxx:1:10: fatal error: 'tr1/type_traits' file not found
#include <tr1/type_traits>
         ^~~~~~~~~~~~~~~~~
1 error generated.
make[4]: *** [CMakeFiles/cmTC_b9723.dir/CheckIncludeFile.cxx.o] Error 1
make[3]: *** [cmTC_b9723/fast] Error 2


Performing Test ITK_PRIVATE_DYNAMIC_CAST failed with the following output:
Change Dir: /Users/fabianhielscher/Dev/Masterarbeit/code/build/ITK-build/CMakeFiles/CMakeTmp

Run Build Command(s):/usr/bin/make cmTC_6a393/fast 
/Library/Developer/CommandLineTools/usr/bin/make -f CMakeFiles/cmTC_6a393.dir/build.make CMakeFiles/cmTC_6a393.dir/build
Building CXX object CMakeFiles/cmTC_6a393.dir/CheckIncludeFile.cxx.o
/Library/Developer/CommandLineTools/usr/bin/c++    -std=c++11  -Wall -Wcast-align -Wdisabled-optimization -Wextra -Wformat=2 -Winvalid-pch -Wno-format-nonliteral -Wpointer-arith -Wshadow -Wunused -Wwrite-strings -funit-at-a-time -Wno-strict-overflow -Wno-deprecated -Wno-invalid-offsetof -Woverloaded-virtual   -isysroot /Library/Developer/CommandLineTools/SDKs/MacOSX10.14.sdk -fPIE   -o CMakeFiles/cmTC_6a393.dir/CheckIncludeFile.cxx.o -c /Users/fabianhielscher/Dev/Masterarbeit/code/build/ITK-build/CMakeFiles/CMakeTmp/CheckIncludeFile.cxx
Linking CXX executable cmTC_6a393
/Library/Frameworks/Python.framework/Versions/3.7/lib/python3.7/site-packages/cmake/data/CMake.app/Contents/bin/cmake -E cmake_link_script CMakeFiles/cmTC_6a393.dir/link.txt --verbose=1
/Library/Developer/CommandLineTools/usr/bin/c++   -std=c++11  -Wall -Wcast-align -Wdisabled-optimization -Wextra -Wformat=2 -Winvalid-pch -Wno-format-nonliteral -Wpointer-arith -Wshadow -Wunused -Wwrite-strings -funit-at-a-time -Wno-strict-overflow -Wno-deprecated -Wno-invalid-offsetof -Woverloaded-virtual   -isysroot /Library/Developer/CommandLineTools/SDKs/MacOSX10.14.sdk -Wl,-search_paths_first -Wl,-headerpad_max_install_names    CMakeFiles/cmTC_6a393.dir/CheckIncludeFile.cxx.o  -o cmTC_6a393 

Determining if files sys/time.h;winsock.h exist failed with the following output:
Change Dir: /Users/fabianhielscher/Dev/Masterarbeit/code/build/ITK-build/CMakeFiles/CMakeTmp

Run Build Command(s):/usr/bin/make cmTC_bf9fa/fast 
/Library/Developer/CommandLineTools/usr/bin/make -f CMakeFiles/cmTC_bf9fa.dir/build.make CMakeFiles/cmTC_bf9fa.dir/build
Building C object CMakeFiles/cmTC_bf9fa.dir/GDCM_HAVE_WINSOCK_H.c.o
/Library/Developer/CommandLineTools/usr/bin/cc   -Wno-uninitialized -Wno-unused-parameter -Wall -Wcast-align -Wdisabled-optimization -Wextra -Wformat=2 -Winvalid-pch -Wno-format-nonliteral -Wpointer-arith -Wshadow -Wunused -Wwrite-strings -funit-at-a-time -Wno-strict-overflow  -w  -isysroot /Library/Developer/CommandLineTools/SDKs/MacOSX10.14.sdk -fPIE   -o CMakeFiles/cmTC_bf9fa.dir/GDCM_HAVE_WINSOCK_H.c.o   -c /Users/fabianhielscher/Dev/Masterarbeit/code/build/ITK-build/CMakeFiles/CheckIncludeFiles/GDCM_HAVE_WINSOCK_H.c
/Users/fabianhielscher/Dev/Masterarbeit/code/build/ITK-build/CMakeFiles/CheckIncludeFiles/GDCM_HAVE_WINSOCK_H.c:3:10: fatal error: 'winsock.h' file not found
#include <winsock.h>
         ^~~~~~~~~~~
1 error generated.
make[4]: *** [CMakeFiles/cmTC_bf9fa.dir/GDCM_HAVE_WINSOCK_H.c.o] Error 1
make[3]: *** [cmTC_bf9fa/fast] Error 2

Source:
/* */
#include <sys/time.h>
#include <winsock.h>


int main(void){return 0;}

Determining if files sys/time.h;byteswap.h exist failed with the following output:
Change Dir: /Users/fabianhielscher/Dev/Masterarbeit/code/build/ITK-build/CMakeFiles/CMakeTmp

Run Build Command(s):/usr/bin/make cmTC_9c659/fast 
/Library/Developer/CommandLineTools/usr/bin/make -f CMakeFiles/cmTC_9c659.dir/build.make CMakeFiles/cmTC_9c659.dir/build
Building C object CMakeFiles/cmTC_9c659.dir/GDCM_HAVE_BYTESWAP_FILE_H.c.o
/Library/Developer/CommandLineTools/usr/bin/cc   -Wno-uninitialized -Wno-unused-parameter -Wall -Wcast-align -Wdisabled-optimization -Wextra -Wformat=2 -Winvalid-pch -Wno-format-nonliteral -Wpointer-arith -Wshadow -Wunused -Wwrite-strings -funit-at-a-time -Wno-strict-overflow  -w  -isysroot /Library/Developer/CommandLineTools/SDKs/MacOSX10.14.sdk -fPIE   -o CMakeFiles/cmTC_9c659.dir/GDCM_HAVE_BYTESWAP_FILE_H.c.o   -c /Users/fabianhielscher/Dev/Masterarbeit/code/build/ITK-build/CMakeFiles/CheckIncludeFiles/GDCM_HAVE_BYTESWAP_FILE_H.c
/Users/fabianhielscher/Dev/Masterarbeit/code/build/ITK-build/CMakeFiles/CheckIncludeFiles/GDCM_HAVE_BYTESWAP_FILE_H.c:3:10: fatal error: 'byteswap.h' file not found
#include <byteswap.h>
         ^~~~~~~~~~~~
1 error generated.
make[4]: *** [CMakeFiles/cmTC_9c659.dir/GDCM_HAVE_BYTESWAP_FILE_H.c.o] Error 1
make[3]: *** [cmTC_9c659/fast] Error 2

Source:
/* */
#include <sys/time.h>
#include <byteswap.h>


int main(void){return 0;}

Determining if the include file rpc.h exists failed with the following output:
Change Dir: /Users/fabianhielscher/Dev/Masterarbeit/code/build/ITK-build/CMakeFiles/CMakeTmp

Run Build Command(s):/usr/bin/make cmTC_a994d/fast 
/Library/Developer/CommandLineTools/usr/bin/make -f CMakeFiles/cmTC_a994d.dir/build.make CMakeFiles/cmTC_a994d.dir/build
Building C object CMakeFiles/cmTC_a994d.dir/CheckIncludeFile.c.o
/Library/Developer/CommandLineTools/usr/bin/cc   -Wno-uninitialized -Wno-unused-parameter -Wall -Wcast-align -Wdisabled-optimization -Wextra -Wformat=2 -Winvalid-pch -Wno-format-nonliteral -Wpointer-arith -Wshadow -Wunused -Wwrite-strings -funit-at-a-time -Wno-strict-overflow  -w  -isysroot /Library/Developer/CommandLineTools/SDKs/MacOSX10.14.sdk -fPIE   -o CMakeFiles/cmTC_a994d.dir/CheckIncludeFile.c.o   -c /Users/fabianhielscher/Dev/Masterarbeit/code/build/ITK-build/CMakeFiles/CMakeTmp/CheckIncludeFile.c
/Users/fabianhielscher/Dev/Masterarbeit/code/build/ITK-build/CMakeFiles/CMakeTmp/CheckIncludeFile.c:1:10: fatal error: 'rpc.h' file not found
#include <rpc.h>
         ^~~~~~~
1 error generated.
make[4]: *** [CMakeFiles/cmTC_a994d.dir/CheckIncludeFile.c.o] Error 1
make[3]: *** [cmTC_a994d/fast] Error 2


Determining if the function _stricmp exists failed with the following output:
Change Dir: /Users/fabianhielscher/Dev/Masterarbeit/code/build/ITK-build/CMakeFiles/CMakeTmp

Run Build Command(s):/usr/bin/make cmTC_3ea1d/fast 
/Library/Developer/CommandLineTools/usr/bin/make -f CMakeFiles/cmTC_3ea1d.dir/build.make CMakeFiles/cmTC_3ea1d.dir/build
Building C object CMakeFiles/cmTC_3ea1d.dir/CheckFunctionExists.c.o
/Library/Developer/CommandLineTools/usr/bin/cc   -Wno-uninitialized -Wno-unused-parameter -Wall -Wcast-align -Wdisabled-optimization -Wextra -Wformat=2 -Winvalid-pch -Wno-format-nonliteral -Wpointer-arith -Wshadow -Wunused -Wwrite-strings -funit-at-a-time -Wno-strict-overflow  -w -DCHECK_FUNCTION_EXISTS=_stricmp -isysroot /Library/Developer/CommandLineTools/SDKs/MacOSX10.14.sdk -fPIE   -o CMakeFiles/cmTC_3ea1d.dir/CheckFunctionExists.c.o   -c /Library/Frameworks/Python.framework/Versions/3.7/lib/python3.7/site-packages/cmake/data/CMake.app/Contents/share/cmake-3.14/Modules/CheckFunctionExists.c
Linking C executable cmTC_3ea1d
/Library/Frameworks/Python.framework/Versions/3.7/lib/python3.7/site-packages/cmake/data/CMake.app/Contents/bin/cmake -E cmake_link_script CMakeFiles/cmTC_3ea1d.dir/link.txt --verbose=1
/Library/Developer/CommandLineTools/usr/bin/cc   -Wno-uninitialized -Wno-unused-parameter -Wall -Wcast-align -Wdisabled-optimization -Wextra -Wformat=2 -Winvalid-pch -Wno-format-nonliteral -Wpointer-arith -Wshadow -Wunused -Wwrite-strings -funit-at-a-time -Wno-strict-overflow  -w -DCHECK_FUNCTION_EXISTS=_stricmp -isysroot /Library/Developer/CommandLineTools/SDKs/MacOSX10.14.sdk -Wl,-search_paths_first -Wl,-headerpad_max_install_names   CMakeFiles/cmTC_3ea1d.dir/CheckFunctionExists.c.o  -o cmTC_3ea1d 
Undefined symbols for architecture x86_64:
  "__stricmp", referenced from:
      _main in CheckFunctionExists.c.o
ld: symbol(s) not found for architecture x86_64
clang: error: linker command failed with exit code 1 (use -v to see invocation)
make[4]: *** [cmTC_3ea1d] Error 1
make[3]: *** [cmTC_3ea1d/fast] Error 2


Determining if the function _strnicmp exists failed with the following output:
Change Dir: /Users/fabianhielscher/Dev/Masterarbeit/code/build/ITK-build/CMakeFiles/CMakeTmp

Run Build Command(s):/usr/bin/make cmTC_3926d/fast 
/Library/Developer/CommandLineTools/usr/bin/make -f CMakeFiles/cmTC_3926d.dir/build.make CMakeFiles/cmTC_3926d.dir/build
Building C object CMakeFiles/cmTC_3926d.dir/CheckFunctionExists.c.o
/Library/Developer/CommandLineTools/usr/bin/cc   -Wno-uninitialized -Wno-unused-parameter -Wall -Wcast-align -Wdisabled-optimization -Wextra -Wformat=2 -Winvalid-pch -Wno-format-nonliteral -Wpointer-arith -Wshadow -Wunused -Wwrite-strings -funit-at-a-time -Wno-strict-overflow  -w -DCHECK_FUNCTION_EXISTS=_strnicmp -isysroot /Library/Developer/CommandLineTools/SDKs/MacOSX10.14.sdk -fPIE   -o CMakeFiles/cmTC_3926d.dir/CheckFunctionExists.c.o   -c /Library/Frameworks/Python.framework/Versions/3.7/lib/python3.7/site-packages/cmake/data/CMake.app/Contents/share/cmake-3.14/Modules/CheckFunctionExists.c
Linking C executable cmTC_3926d
/Library/Frameworks/Python.framework/Versions/3.7/lib/python3.7/site-packages/cmake/data/CMake.app/Contents/bin/cmake -E cmake_link_script CMakeFiles/cmTC_3926d.dir/link.txt --verbose=1
/Library/Developer/CommandLineTools/usr/bin/cc   -Wno-uninitialized -Wno-unused-parameter -Wall -Wcast-align -Wdisabled-optimization -Wextra -Wformat=2 -Winvalid-pch -Wno-format-nonliteral -Wpointer-arith -Wshadow -Wunused -Wwrite-strings -funit-at-a-time -Wno-strict-overflow  -w -DCHECK_FUNCTION_EXISTS=_strnicmp -isysroot /Library/Developer/CommandLineTools/SDKs/MacOSX10.14.sdk -Wl,-search_paths_first -Wl,-headerpad_max_install_names   CMakeFiles/cmTC_3926d.dir/CheckFunctionExists.c.o  -o cmTC_3926d 
Undefined symbols for architecture x86_64:
  "__strnicmp", referenced from:
      _main in CheckFunctionExists.c.o
ld: symbol(s) not found for architecture x86_64
clang: error: linker command failed with exit code 1 (use -v to see invocation)
make[4]: *** [cmTC_3926d] Error 1
make[3]: *** [cmTC_3926d/fast] Error 2


Determining if the function _snprintf exists failed with the following output:
Change Dir: /Users/fabianhielscher/Dev/Masterarbeit/code/build/ITK-build/CMakeFiles/CMakeTmp

Run Build Command(s):/usr/bin/make cmTC_46791/fast 
/Library/Developer/CommandLineTools/usr/bin/make -f CMakeFiles/cmTC_46791.dir/build.make CMakeFiles/cmTC_46791.dir/build
Building C object CMakeFiles/cmTC_46791.dir/CheckFunctionExists.c.o
/Library/Developer/CommandLineTools/usr/bin/cc   -Wno-uninitialized -Wno-unused-parameter -Wall -Wcast-align -Wdisabled-optimization -Wextra -Wformat=2 -Winvalid-pch -Wno-format-nonliteral -Wpointer-arith -Wshadow -Wunused -Wwrite-strings -funit-at-a-time -Wno-strict-overflow  -w -DCHECK_FUNCTION_EXISTS=_snprintf -isysroot /Library/Developer/CommandLineTools/SDKs/MacOSX10.14.sdk -fPIE   -o CMakeFiles/cmTC_46791.dir/CheckFunctionExists.c.o   -c /Library/Frameworks/Python.framework/Versions/3.7/lib/python3.7/site-packages/cmake/data/CMake.app/Contents/share/cmake-3.14/Modules/CheckFunctionExists.c
Linking C executable cmTC_46791
/Library/Frameworks/Python.framework/Versions/3.7/lib/python3.7/site-packages/cmake/data/CMake.app/Contents/bin/cmake -E cmake_link_script CMakeFiles/cmTC_46791.dir/link.txt --verbose=1
/Library/Developer/CommandLineTools/usr/bin/cc   -Wno-uninitialized -Wno-unused-parameter -Wall -Wcast-align -Wdisabled-optimization -Wextra -Wformat=2 -Winvalid-pch -Wno-format-nonliteral -Wpointer-arith -Wshadow -Wunused -Wwrite-strings -funit-at-a-time -Wno-strict-overflow  -w -DCHECK_FUNCTION_EXISTS=_snprintf -isysroot /Library/Developer/CommandLineTools/SDKs/MacOSX10.14.sdk -Wl,-search_paths_first -Wl,-headerpad_max_install_names   CMakeFiles/cmTC_46791.dir/CheckFunctionExists.c.o  -o cmTC_46791 
Undefined symbols for architecture x86_64:
  "__snprintf", referenced from:
      _main in CheckFunctionExists.c.o
ld: symbol(s) not found for architecture x86_64
clang: error: linker command failed with exit code 1 (use -v to see invocation)
make[4]: *** [cmTC_46791] Error 1
make[3]: *** [cmTC_46791/fast] Error 2


Performing C++ SOURCE FILE Test GDCM_HAVE_WCHAR_IFSTREAM failed with the following output:
Change Dir: /Users/fabianhielscher/Dev/Masterarbeit/code/build/ITK-build/CMakeFiles/CMakeTmp

Run Build Command(s):/usr/bin/make cmTC_2c852/fast 
/Library/Developer/CommandLineTools/usr/bin/make -f CMakeFiles/cmTC_2c852.dir/build.make CMakeFiles/cmTC_2c852.dir/build
Building CXX object CMakeFiles/cmTC_2c852.dir/src.cxx.o
/Library/Developer/CommandLineTools/usr/bin/c++   -I/Users/fabianhielscher/Dev/Masterarbeit/code/build/ITK-build/CMakeFiles/CMakeTmp/math.h  -std=c++11  -Wall -Wcast-align -Wdisabled-optimization -Wextra -Wformat=2 -Winvalid-pch -Wno-format-nonliteral -Wpointer-arith -Wshadow -Wunused -Wwrite-strings -funit-at-a-time -Wno-strict-overflow -Wno-deprecated -Wno-invalid-offsetof -Woverloaded-virtual  -w -DGDCM_HAVE_WCHAR_IFSTREAM -isysroot /Library/Developer/CommandLineTools/SDKs/MacOSX10.14.sdk -fPIE   -o CMakeFiles/cmTC_2c852.dir/src.cxx.o -c /Users/fabianhielscher/Dev/Masterarbeit/code/build/ITK-build/CMakeFiles/CMakeTmp/src.cxx
/Users/fabianhielscher/Dev/Masterarbeit/code/build/ITK-build/CMakeFiles/CMakeTmp/src.cxx:2:55: error: no matching constructor for initialization of 'std::ifstream' (aka 'basic_ifstream<char>')
int main() { const wchar_t fn[10] = {}; std::ifstream is( fn ); return 0;}
                                                      ^   ~~
/Library/Developer/CommandLineTools/usr/include/c++/v1/iosfwd:131:32: note: candidate constructor (the implicit copy constructor) not viable: no known conversion from 'const wchar_t [10]' to 'const std::__1::basic_ifstream<char, std::__1::char_traits<char> >' for 1st argument
    class _LIBCPP_TEMPLATE_VIS basic_ifstream;
                               ^
/Library/Developer/CommandLineTools/usr/include/c++/v1/fstream:1127:14: note: candidate constructor not viable: no known conversion from 'const wchar_t [10]' to 'const char *' for 1st argument
    explicit basic_ifstream(const char* __s, ios_base::openmode __mode = ios_base::in);
             ^
/Library/Developer/CommandLineTools/usr/include/c++/v1/fstream:1133:14: note: candidate constructor not viable: no known conversion from 'const wchar_t [10]' to 'const std::__1::string' (aka 'const basic_string<char, char_traits<char>, allocator<char> >') for 1st argument
    explicit basic_ifstream(const string& __s, ios_base::openmode __mode = ios_base::in);
             ^
/Library/Developer/CommandLineTools/usr/include/c++/v1/fstream:1137:5: note: candidate constructor not viable: no known conversion from 'const wchar_t [10]' to 'std::__1::basic_ifstream<char, std::__1::char_traits<char> >' for 1st argument
    basic_ifstream(basic_ifstream&& __rhs);
    ^
/Library/Developer/CommandLineTools/usr/include/c++/v1/fstream:1124:5: note: candidate constructor not viable: requires 0 arguments, but 1 was provided
    basic_ifstream();
    ^
1 error generated.
make[4]: *** [CMakeFiles/cmTC_2c852.dir/src.cxx.o] Error 1
make[3]: *** [cmTC_2c852/fast] Error 2

Source file was:
#include <fstream>
int main() { const wchar_t fn[10] = {}; std::ifstream is( fn ); return 0;}
Determining if files malloc.h exist failed with the following output:
Change Dir: /Users/fabianhielscher/Dev/Masterarbeit/code/build/ITK-build/CMakeFiles/CMakeTmp

Run Build Command(s):/usr/bin/make cmTC_3d144/fast 
/Library/Developer/CommandLineTools/usr/bin/make -f CMakeFiles/cmTC_3d144.dir/build.make CMakeFiles/cmTC_3d144.dir/build
Building C object CMakeFiles/cmTC_3d144.dir/OPJ_HAVE_MALLOC_H.c.o
/Library/Developer/CommandLineTools/usr/bin/cc   -Wno-uninitialized -Wno-unused-parameter -Wall -Wcast-align -Wdisabled-optimization -Wextra -Wformat=2 -Winvalid-pch -Wno-format-nonliteral -Wpointer-arith -Wshadow -Wunused -Wwrite-strings -funit-at-a-time -Wno-strict-overflow  -w  -isysroot /Library/Developer/CommandLineTools/SDKs/MacOSX10.14.sdk -fPIE   -o CMakeFiles/cmTC_3d144.dir/OPJ_HAVE_MALLOC_H.c.o   -c /Users/fabianhielscher/Dev/Masterarbeit/code/build/ITK-build/CMakeFiles/CheckIncludeFiles/OPJ_HAVE_MALLOC_H.c
/Users/fabianhielscher/Dev/Masterarbeit/code/build/ITK-build/CMakeFiles/CheckIncludeFiles/OPJ_HAVE_MALLOC_H.c:2:10: fatal error: 'malloc.h' file not found
#include <malloc.h>
         ^~~~~~~~~~
1 error generated.
make[4]: *** [CMakeFiles/cmTC_3d144.dir/OPJ_HAVE_MALLOC_H.c.o] Error 1
make[3]: *** [cmTC_3d144/fast] Error 2

Source:
/* */
#include <malloc.h>


int main(void){return 0;}

Determining if the _aligned_malloc exist failed with the following output:
Change Dir: /Users/fabianhielscher/Dev/Masterarbeit/code/build/ITK-build/CMakeFiles/CMakeTmp

Run Build Command(s):/usr/bin/make cmTC_325e9/fast 
/Library/Developer/CommandLineTools/usr/bin/make -f CMakeFiles/cmTC_325e9.dir/build.make CMakeFiles/cmTC_325e9.dir/build
Building C object CMakeFiles/cmTC_325e9.dir/CheckSymbolExists.c.o
/Library/Developer/CommandLineTools/usr/bin/cc   -Wno-uninitialized -Wno-unused-parameter -Wall -Wcast-align -Wdisabled-optimization -Wextra -Wformat=2 -Winvalid-pch -Wno-format-nonliteral -Wpointer-arith -Wshadow -Wunused -Wwrite-strings -funit-at-a-time -Wno-strict-overflow  -w  -isysroot /Library/Developer/CommandLineTools/SDKs/MacOSX10.14.sdk -fPIE   -o CMakeFiles/cmTC_325e9.dir/CheckSymbolExists.c.o   -c /Users/fabianhielscher/Dev/Masterarbeit/code/build/ITK-build/CMakeFiles/CMakeTmp/CheckSymbolExists.c
/Users/fabianhielscher/Dev/Masterarbeit/code/build/ITK-build/CMakeFiles/CMakeTmp/CheckSymbolExists.c:2:10: fatal error: 'malloc.h' file not found
#include <malloc.h>
         ^~~~~~~~~~
1 error generated.
make[4]: *** [CMakeFiles/cmTC_325e9.dir/CheckSymbolExists.c.o] Error 1
make[3]: *** [cmTC_325e9/fast] Error 2

File /Users/fabianhielscher/Dev/Masterarbeit/code/build/ITK-build/CMakeFiles/CMakeTmp/CheckSymbolExists.c:
/* */
#include <malloc.h>

int main(int argc, char** argv)
{
  (void)argv;
#ifndef _aligned_malloc
  return ((int*)(&_aligned_malloc))[argc];
#else
  (void)argc;
  return 0;
#endif
}

Determining if the memalign exist failed with the following output:
Change Dir: /Users/fabianhielscher/Dev/Masterarbeit/code/build/ITK-build/CMakeFiles/CMakeTmp

Run Build Command(s):/usr/bin/make cmTC_5a9cf/fast 
/Library/Developer/CommandLineTools/usr/bin/make -f CMakeFiles/cmTC_5a9cf.dir/build.make CMakeFiles/cmTC_5a9cf.dir/build
Building C object CMakeFiles/cmTC_5a9cf.dir/CheckSymbolExists.c.o
/Library/Developer/CommandLineTools/usr/bin/cc   -Wno-uninitialized -Wno-unused-parameter -Wall -Wcast-align -Wdisabled-optimization -Wextra -Wformat=2 -Winvalid-pch -Wno-format-nonliteral -Wpointer-arith -Wshadow -Wunused -Wwrite-strings -funit-at-a-time -Wno-strict-overflow  -w  -isysroot /Library/Developer/CommandLineTools/SDKs/MacOSX10.14.sdk -fPIE   -o CMakeFiles/cmTC_5a9cf.dir/CheckSymbolExists.c.o   -c /Users/fabianhielscher/Dev/Masterarbeit/code/build/ITK-build/CMakeFiles/CMakeTmp/CheckSymbolExists.c
/Users/fabianhielscher/Dev/Masterarbeit/code/build/ITK-build/CMakeFiles/CMakeTmp/CheckSymbolExists.c:2:10: fatal error: 'malloc.h' file not found
#include <malloc.h>
         ^~~~~~~~~~
1 error generated.
make[4]: *** [CMakeFiles/cmTC_5a9cf.dir/CheckSymbolExists.c.o] Error 1
make[3]: *** [cmTC_5a9cf/fast] Error 2

File /Users/fabianhielscher/Dev/Masterarbeit/code/build/ITK-build/CMakeFiles/CMakeTmp/CheckSymbolExists.c:
/* */
#include <malloc.h>

int main(int argc, char** argv)
{
  (void)argv;
#ifndef memalign
  return ((int*)(&memalign))[argc];
#else
  (void)argc;
  return 0;
#endif
}

Determining if the function WSAStartup exists in the ws2_32;m;dl failed with the following output:
Change Dir: /Users/fabianhielscher/Dev/Masterarbeit/code/build/ITK-build/CMakeFiles/CMakeTmp

Run Build Command(s):/usr/bin/make cmTC_a7bda/fast 
/Library/Developer/CommandLineTools/usr/bin/make -f CMakeFiles/cmTC_a7bda.dir/build.make CMakeFiles/cmTC_a7bda.dir/build
Building C object CMakeFiles/cmTC_a7bda.dir/CheckFunctionExists.c.o
/Library/Developer/CommandLineTools/usr/bin/cc   -Wno-uninitialized -Wno-unused-parameter -Wall -Wcast-align -Wdisabled-optimization -Wextra -Wformat=2 -Winvalid-pch -Wno-format-nonliteral -Wpointer-arith -Wshadow -Wunused -Wwrite-strings -funit-at-a-time -Wno-strict-overflow  -w -DCHECK_FUNCTION_EXISTS=WSAStartup -isysroot /Library/Developer/CommandLineTools/SDKs/MacOSX10.14.sdk -fPIE   -o CMakeFiles/cmTC_a7bda.dir/CheckFunctionExists.c.o   -c /Library/Frameworks/Python.framework/Versions/3.7/lib/python3.7/site-packages/cmake/data/CMake.app/Contents/share/cmake-3.14/Modules/CheckFunctionExists.c
Linking C executable cmTC_a7bda
/Library/Frameworks/Python.framework/Versions/3.7/lib/python3.7/site-packages/cmake/data/CMake.app/Contents/bin/cmake -E cmake_link_script CMakeFiles/cmTC_a7bda.dir/link.txt --verbose=1
/Library/Developer/CommandLineTools/usr/bin/cc   -Wno-uninitialized -Wno-unused-parameter -Wall -Wcast-align -Wdisabled-optimization -Wextra -Wformat=2 -Winvalid-pch -Wno-format-nonliteral -Wpointer-arith -Wshadow -Wunused -Wwrite-strings -funit-at-a-time -Wno-strict-overflow  -w -DCHECK_FUNCTION_EXISTS=WSAStartup -isysroot /Library/Developer/CommandLineTools/SDKs/MacOSX10.14.sdk -Wl,-search_paths_first -Wl,-headerpad_max_install_names    CMakeFiles/cmTC_a7bda.dir/CheckFunctionExists.c.o  -o cmTC_a7bda -lws2_32 -lm -ldl 
ld: library not found for -lws2_32
clang: error: linker command failed with exit code 1 (use -v to see invocation)
make[4]: *** [cmTC_a7bda] Error 1
make[3]: *** [cmTC_a7bda/fast] Error 2


Determining if the function gethostbyname exists in the wsock32;m;dl failed with the following output:
Change Dir: /Users/fabianhielscher/Dev/Masterarbeit/code/build/ITK-build/CMakeFiles/CMakeTmp

Run Build Command(s):/usr/bin/make cmTC_a5f8b/fast 
/Library/Developer/CommandLineTools/usr/bin/make -f CMakeFiles/cmTC_a5f8b.dir/build.make CMakeFiles/cmTC_a5f8b.dir/build
Building C object CMakeFiles/cmTC_a5f8b.dir/CheckFunctionExists.c.o
/Library/Developer/CommandLineTools/usr/bin/cc   -Wno-uninitialized -Wno-unused-parameter -Wall -Wcast-align -Wdisabled-optimization -Wextra -Wformat=2 -Winvalid-pch -Wno-format-nonliteral -Wpointer-arith -Wshadow -Wunused -Wwrite-strings -funit-at-a-time -Wno-strict-overflow  -w -DCHECK_FUNCTION_EXISTS=gethostbyname -isysroot /Library/Developer/CommandLineTools/SDKs/MacOSX10.14.sdk -fPIE   -o CMakeFiles/cmTC_a5f8b.dir/CheckFunctionExists.c.o   -c /Library/Frameworks/Python.framework/Versions/3.7/lib/python3.7/site-packages/cmake/data/CMake.app/Contents/share/cmake-3.14/Modules/CheckFunctionExists.c
Linking C executable cmTC_a5f8b
/Library/Frameworks/Python.framework/Versions/3.7/lib/python3.7/site-packages/cmake/data/CMake.app/Contents/bin/cmake -E cmake_link_script CMakeFiles/cmTC_a5f8b.dir/link.txt --verbose=1
/Library/Developer/CommandLineTools/usr/bin/cc   -Wno-uninitialized -Wno-unused-parameter -Wall -Wcast-align -Wdisabled-optimization -Wextra -Wformat=2 -Winvalid-pch -Wno-format-nonliteral -Wpointer-arith -Wshadow -Wunused -Wwrite-strings -funit-at-a-time -Wno-strict-overflow  -w -DCHECK_FUNCTION_EXISTS=gethostbyname -isysroot /Library/Developer/CommandLineTools/SDKs/MacOSX10.14.sdk -Wl,-search_paths_first -Wl,-headerpad_max_install_names    CMakeFiles/cmTC_a5f8b.dir/CheckFunctionExists.c.o  -o cmTC_a5f8b -lwsock32 -lm -ldl 
ld: library not found for -lwsock32
clang: error: linker command failed with exit code 1 (use -v to see invocation)
make[4]: *** [cmTC_a5f8b] Error 1
make[3]: *** [cmTC_a5f8b/fast] Error 2


Determining if the function gethostname exists in the ucb;m;dl failed with the following output:
Change Dir: /Users/fabianhielscher/Dev/Masterarbeit/code/build/ITK-build/CMakeFiles/CMakeTmp

Run Build Command(s):/usr/bin/make cmTC_c4020/fast 
/Library/Developer/CommandLineTools/usr/bin/make -f CMakeFiles/cmTC_c4020.dir/build.make CMakeFiles/cmTC_c4020.dir/build
Building C object CMakeFiles/cmTC_c4020.dir/CheckFunctionExists.c.o
/Library/Developer/CommandLineTools/usr/bin/cc   -Wno-uninitialized -Wno-unused-parameter -Wall -Wcast-align -Wdisabled-optimization -Wextra -Wformat=2 -Winvalid-pch -Wno-format-nonliteral -Wpointer-arith -Wshadow -Wunused -Wwrite-strings -funit-at-a-time -Wno-strict-overflow  -w -DCHECK_FUNCTION_EXISTS=gethostname -isysroot /Library/Developer/CommandLineTools/SDKs/MacOSX10.14.sdk -fPIE   -o CMakeFiles/cmTC_c4020.dir/CheckFunctionExists.c.o   -c /Library/Frameworks/Python.framework/Versions/3.7/lib/python3.7/site-packages/cmake/data/CMake.app/Contents/share/cmake-3.14/Modules/CheckFunctionExists.c
Linking C executable cmTC_c4020
/Library/Frameworks/Python.framework/Versions/3.7/lib/python3.7/site-packages/cmake/data/CMake.app/Contents/bin/cmake -E cmake_link_script CMakeFiles/cmTC_c4020.dir/link.txt --verbose=1
/Library/Developer/CommandLineTools/usr/bin/cc   -Wno-uninitialized -Wno-unused-parameter -Wall -Wcast-align -Wdisabled-optimization -Wextra -Wformat=2 -Winvalid-pch -Wno-format-nonliteral -Wpointer-arith -Wshadow -Wunused -Wwrite-strings -funit-at-a-time -Wno-strict-overflow  -w -DCHECK_FUNCTION_EXISTS=gethostname -isysroot /Library/Developer/CommandLineTools/SDKs/MacOSX10.14.sdk -Wl,-search_paths_first -Wl,-headerpad_max_install_names    CMakeFiles/cmTC_c4020.dir/CheckFunctionExists.c.o  -o cmTC_c4020 -lucb -lm -ldl 
ld: library not found for -lucb
clang: error: linker command failed with exit code 1 (use -v to see invocation)
make[4]: *** [cmTC_c4020] Error 1
make[3]: *** [cmTC_c4020/fast] Error 2


Determining if files sys/resource.h;sys/time.h;unistd.h;sys/ioctl.h;sys/stat.h;sys/socket.h;sys/types.h;stddef.h;setjmp.h;features.h exist failed with the following output:
Change Dir: /Users/fabianhielscher/Dev/Masterarbeit/code/build/ITK-build/CMakeFiles/CMakeTmp

Run Build Command(s):/usr/bin/make cmTC_0f509/fast 
/Library/Developer/CommandLineTools/usr/bin/make -f CMakeFiles/cmTC_0f509.dir/build.make CMakeFiles/cmTC_0f509.dir/build
Building C object CMakeFiles/cmTC_0f509.dir/H5_HAVE_FEATURES_H.c.o
/Library/Developer/CommandLineTools/usr/bin/cc   -Wno-uninitialized -Wno-unused-parameter -Wall -Wcast-align -Wdisabled-optimization -Wextra -Wformat=2 -Winvalid-pch -Wno-format-nonliteral -Wpointer-arith -Wshadow -Wunused -Wwrite-strings -funit-at-a-time -Wno-strict-overflow  -w  -isysroot /Library/Developer/CommandLineTools/SDKs/MacOSX10.14.sdk -fPIE   -o CMakeFiles/cmTC_0f509.dir/H5_HAVE_FEATURES_H.c.o   -c /Users/fabianhielscher/Dev/Masterarbeit/code/build/ITK-build/CMakeFiles/CheckIncludeFiles/H5_HAVE_FEATURES_H.c
/Users/fabianhielscher/Dev/Masterarbeit/code/build/ITK-build/CMakeFiles/CheckIncludeFiles/H5_HAVE_FEATURES_H.c:11:10: fatal error: 'features.h' file not found
#include <features.h>
         ^~~~~~~~~~~~
1 error generated.
make[4]: *** [CMakeFiles/cmTC_0f509.dir/H5_HAVE_FEATURES_H.c.o] Error 1
make[3]: *** [cmTC_0f509/fast] Error 2

Source:
/* */
#include <sys/resource.h>
#include <sys/time.h>
#include <unistd.h>
#include <sys/ioctl.h>
#include <sys/stat.h>
#include <sys/socket.h>
#include <sys/types.h>
#include <stddef.h>
#include <setjmp.h>
#include <features.h>


int main(void){return 0;}

Determining if files sys/resource.h;sys/time.h;unistd.h;sys/ioctl.h;sys/stat.h;sys/socket.h;sys/types.h;stddef.h;setjmp.h;dirent.h;stdint.h;mach/mach_time.h;io.h exist failed with the following output:
Change Dir: /Users/fabianhielscher/Dev/Masterarbeit/code/build/ITK-build/CMakeFiles/CMakeTmp

Run Build Command(s):/usr/bin/make cmTC_1315f/fast 
/Library/Developer/CommandLineTools/usr/bin/make -f CMakeFiles/cmTC_1315f.dir/build.make CMakeFiles/cmTC_1315f.dir/build
Building C object CMakeFiles/cmTC_1315f.dir/H5_HAVE_IO_H.c.o
/Library/Developer/CommandLineTools/usr/bin/cc   -Wno-uninitialized -Wno-unused-parameter -Wall -Wcast-align -Wdisabled-optimization -Wextra -Wformat=2 -Winvalid-pch -Wno-format-nonliteral -Wpointer-arith -Wshadow -Wunused -Wwrite-strings -funit-at-a-time -Wno-strict-overflow  -w  -isysroot /Library/Developer/CommandLineTools/SDKs/MacOSX10.14.sdk -fPIE   -o CMakeFiles/cmTC_1315f.dir/H5_HAVE_IO_H.c.o   -c /Users/fabianhielscher/Dev/Masterarbeit/code/build/ITK-build/CMakeFiles/CheckIncludeFiles/H5_HAVE_IO_H.c
/Users/fabianhielscher/Dev/Masterarbeit/code/build/ITK-build/CMakeFiles/CheckIncludeFiles/H5_HAVE_IO_H.c:14:10: fatal error: 'io.h' file not found
#include <io.h>
         ^~~~~~
1 error generated.
make[4]: *** [CMakeFiles/cmTC_1315f.dir/H5_HAVE_IO_H.c.o] Error 1
make[3]: *** [cmTC_1315f/fast] Error 2

Source:
/* */
#include <sys/resource.h>
#include <sys/time.h>
#include <unistd.h>
#include <sys/ioctl.h>
#include <sys/stat.h>
#include <sys/socket.h>
#include <sys/types.h>
#include <stddef.h>
#include <setjmp.h>
#include <dirent.h>
#include <stdint.h>
#include <mach/mach_time.h>
#include <io.h>


int main(void){return 0;}

Determining if files sys/resource.h;sys/time.h;unistd.h;sys/ioctl.h;sys/stat.h;sys/socket.h;sys/types.h;stddef.h;setjmp.h;dirent.h;stdint.h;mach/mach_time.h;winsock2.h exist failed with the following output:
Change Dir: /Users/fabianhielscher/Dev/Masterarbeit/code/build/ITK-build/CMakeFiles/CMakeTmp

Run Build Command(s):/usr/bin/make cmTC_79c2d/fast 
/Library/Developer/CommandLineTools/usr/bin/make -f CMakeFiles/cmTC_79c2d.dir/build.make CMakeFiles/cmTC_79c2d.dir/build
Building C object CMakeFiles/cmTC_79c2d.dir/H5_HAVE_WINSOCK2_H.c.o
/Library/Developer/CommandLineTools/usr/bin/cc   -Wno-uninitialized -Wno-unused-parameter -Wall -Wcast-align -Wdisabled-optimization -Wextra -Wformat=2 -Winvalid-pch -Wno-format-nonliteral -Wpointer-arith -Wshadow -Wunused -Wwrite-strings -funit-at-a-time -Wno-strict-overflow  -w  -isysroot /Library/Developer/CommandLineTools/SDKs/MacOSX10.14.sdk -fPIE   -o CMakeFiles/cmTC_79c2d.dir/H5_HAVE_WINSOCK2_H.c.o   -c /Users/fabianhielscher/Dev/Masterarbeit/code/build/ITK-build/CMakeFiles/CheckIncludeFiles/H5_HAVE_WINSOCK2_H.c
/Users/fabianhielscher/Dev/Masterarbeit/code/build/ITK-build/CMakeFiles/CheckIncludeFiles/H5_HAVE_WINSOCK2_H.c:14:10: fatal error: 'winsock2.h' file not found
#include <winsock2.h>
         ^~~~~~~~~~~~
1 error generated.
make[4]: *** [CMakeFiles/cmTC_79c2d.dir/H5_HAVE_WINSOCK2_H.c.o] Error 1
make[3]: *** [cmTC_79c2d/fast] Error 2

Source:
/* */
#include <sys/resource.h>
#include <sys/time.h>
#include <unistd.h>
#include <sys/ioctl.h>
#include <sys/stat.h>
#include <sys/socket.h>
#include <sys/types.h>
#include <stddef.h>
#include <setjmp.h>
#include <dirent.h>
#include <stdint.h>
#include <mach/mach_time.h>
#include <winsock2.h>


int main(void){return 0;}

Determining if files sys/resource.h;sys/time.h;unistd.h;sys/ioctl.h;sys/stat.h;sys/socket.h;sys/types.h;stddef.h;setjmp.h;dirent.h;stdint.h;mach/mach_time.h;sys/timeb.h;globus/common.h exist failed with the following output:
Change Dir: /Users/fabianhielscher/Dev/Masterarbeit/code/build/ITK-build/CMakeFiles/CMakeTmp

Run Build Command(s):/usr/bin/make cmTC_9c81d/fast 
/Library/Developer/CommandLineTools/usr/bin/make -f CMakeFiles/cmTC_9c81d.dir/build.make CMakeFiles/cmTC_9c81d.dir/build
Building C object CMakeFiles/cmTC_9c81d.dir/H5_HAVE_GLOBUS_COMMON_H.c.o
/Library/Developer/CommandLineTools/usr/bin/cc   -Wno-uninitialized -Wno-unused-parameter -Wall -Wcast-align -Wdisabled-optimization -Wextra -Wformat=2 -Winvalid-pch -Wno-format-nonliteral -Wpointer-arith -Wshadow -Wunused -Wwrite-strings -funit-at-a-time -Wno-strict-overflow  -w  -isysroot /Library/Developer/CommandLineTools/SDKs/MacOSX10.14.sdk -fPIE   -o CMakeFiles/cmTC_9c81d.dir/H5_HAVE_GLOBUS_COMMON_H.c.o   -c /Users/fabianhielscher/Dev/Masterarbeit/code/build/ITK-build/CMakeFiles/CheckIncludeFiles/H5_HAVE_GLOBUS_COMMON_H.c
/Users/fabianhielscher/Dev/Masterarbeit/code/build/ITK-build/CMakeFiles/CheckIncludeFiles/H5_HAVE_GLOBUS_COMMON_H.c:15:10: fatal error: 'globus/common.h' file not found
#include <globus/common.h>
         ^~~~~~~~~~~~~~~~~
1 error generated.
make[4]: *** [CMakeFiles/cmTC_9c81d.dir/H5_HAVE_GLOBUS_COMMON_H.c.o] Error 1
make[3]: *** [cmTC_9c81d/fast] Error 2

Source:
/* */
#include <sys/resource.h>
#include <sys/time.h>
#include <unistd.h>
#include <sys/ioctl.h>
#include <sys/stat.h>
#include <sys/socket.h>
#include <sys/types.h>
#include <stddef.h>
#include <setjmp.h>
#include <dirent.h>
#include <stdint.h>
#include <mach/mach_time.h>
#include <sys/timeb.h>
#include <globus/common.h>


int main(void){return 0;}

Determining if files sys/resource.h;sys/time.h;unistd.h;sys/ioctl.h;sys/stat.h;sys/socket.h;sys/types.h;stddef.h;setjmp.h;dirent.h;stdint.h;mach/mach_time.h;sys/timeb.h;pdb.h exist failed with the following output:
Change Dir: /Users/fabianhielscher/Dev/Masterarbeit/code/build/ITK-build/CMakeFiles/CMakeTmp

Run Build Command(s):/usr/bin/make cmTC_241f4/fast 
/Library/Developer/CommandLineTools/usr/bin/make -f CMakeFiles/cmTC_241f4.dir/build.make CMakeFiles/cmTC_241f4.dir/build
Building C object CMakeFiles/cmTC_241f4.dir/H5_HAVE_PDB_H.c.o
/Library/Developer/CommandLineTools/usr/bin/cc   -Wno-uninitialized -Wno-unused-parameter -Wall -Wcast-align -Wdisabled-optimization -Wextra -Wformat=2 -Winvalid-pch -Wno-format-nonliteral -Wpointer-arith -Wshadow -Wunused -Wwrite-strings -funit-at-a-time -Wno-strict-overflow  -w  -isysroot /Library/Developer/CommandLineTools/SDKs/MacOSX10.14.sdk -fPIE   -o CMakeFiles/cmTC_241f4.dir/H5_HAVE_PDB_H.c.o   -c /Users/fabianhielscher/Dev/Masterarbeit/code/build/ITK-build/CMakeFiles/CheckIncludeFiles/H5_HAVE_PDB_H.c
/Users/fabianhielscher/Dev/Masterarbeit/code/build/ITK-build/CMakeFiles/CheckIncludeFiles/H5_HAVE_PDB_H.c:15:10: fatal error: 'pdb.h' file not found
#include <pdb.h>
         ^~~~~~~
1 error generated.
make[4]: *** [CMakeFiles/cmTC_241f4.dir/H5_HAVE_PDB_H.c.o] Error 1
make[3]: *** [cmTC_241f4/fast] Error 2

Source:
/* */
#include <sys/resource.h>
#include <sys/time.h>
#include <unistd.h>
#include <sys/ioctl.h>
#include <sys/stat.h>
#include <sys/socket.h>
#include <sys/types.h>
#include <stddef.h>
#include <setjmp.h>
#include <dirent.h>
#include <stdint.h>
#include <mach/mach_time.h>
#include <sys/timeb.h>
#include <pdb.h>


int main(void){return 0;}

Determining if files sys/resource.h;sys/time.h;unistd.h;sys/ioctl.h;sys/stat.h;sys/socket.h;sys/types.h;stddef.h;setjmp.h;dirent.h;stdint.h;mach/mach_time.h;sys/timeb.h;pthread.h;srbclient.h exist failed with the following output:
Change Dir: /Users/fabianhielscher/Dev/Masterarbeit/code/build/ITK-build/CMakeFiles/CMakeTmp

Run Build Command(s):/usr/bin/make cmTC_f9f56/fast 
/Library/Developer/CommandLineTools/usr/bin/make -f CMakeFiles/cmTC_f9f56.dir/build.make CMakeFiles/cmTC_f9f56.dir/build
Building C object CMakeFiles/cmTC_f9f56.dir/H5_HAVE_SRBCLIENT_H.c.o
/Library/Developer/CommandLineTools/usr/bin/cc   -Wno-uninitialized -Wno-unused-parameter -Wall -Wcast-align -Wdisabled-optimization -Wextra -Wformat=2 -Winvalid-pch -Wno-format-nonliteral -Wpointer-arith -Wshadow -Wunused -Wwrite-strings -funit-at-a-time -Wno-strict-overflow  -w  -isysroot /Library/Developer/CommandLineTools/SDKs/MacOSX10.14.sdk -fPIE   -o CMakeFiles/cmTC_f9f56.dir/H5_HAVE_SRBCLIENT_H.c.o   -c /Users/fabianhielscher/Dev/Masterarbeit/code/build/ITK-build/CMakeFiles/CheckIncludeFiles/H5_HAVE_SRBCLIENT_H.c
/Users/fabianhielscher/Dev/Masterarbeit/code/build/ITK-build/CMakeFiles/CheckIncludeFiles/H5_HAVE_SRBCLIENT_H.c:16:10: fatal error: 'srbclient.h' file not found
#include <srbclient.h>
         ^~~~~~~~~~~~~
1 error generated.
make[4]: *** [CMakeFiles/cmTC_f9f56.dir/H5_HAVE_SRBCLIENT_H.c.o] Error 1
make[3]: *** [cmTC_f9f56/fast] Error 2

Source:
/* */
#include <sys/resource.h>
#include <sys/time.h>
#include <unistd.h>
#include <sys/ioctl.h>
#include <sys/stat.h>
#include <sys/socket.h>
#include <sys/types.h>
#include <stddef.h>
#include <setjmp.h>
#include <dirent.h>
#include <stdint.h>
#include <mach/mach_time.h>
#include <sys/timeb.h>
#include <pthread.h>
#include <srbclient.h>


int main(void){return 0;}

Performing Other Test HAVE_OFF64_T failed with the following output:
Change Dir: /Users/fabianhielscher/Dev/Masterarbeit/code/build/ITK-build/CMakeFiles/CMakeTmp

Run Build Command(s):/usr/bin/make cmTC_3a0ff/fast 
/Library/Developer/CommandLineTools/usr/bin/make -f CMakeFiles/cmTC_3a0ff.dir/build.make CMakeFiles/cmTC_3a0ff.dir/build
Building C object CMakeFiles/cmTC_3a0ff.dir/HDFTests.c.o
/Library/Developer/CommandLineTools/usr/bin/cc   -Wno-uninitialized -Wno-unused-parameter -Wall -Wcast-align -Wdisabled-optimization -Wextra -Wformat=2 -Winvalid-pch -Wno-format-nonliteral -Wpointer-arith -Wshadow -Wunused -Wwrite-strings -funit-at-a-time -Wno-strict-overflow  -w -DHAVE_OFF64_T  -DHAVE_SYS_TIME_H -DHAVE_UNISTD_H -DHAVE_SYS_TYPES_H -DHAVE_SYS_SOCKET_H -isysroot /Library/Developer/CommandLineTools/SDKs/MacOSX10.14.sdk -fPIE   -o CMakeFiles/cmTC_3a0ff.dir/HDFTests.c.o   -c /Users/fabianhielscher/Dev/Masterarbeit/code/build/ITK/Modules/ThirdParty/HDF5/src/itkhdf5/config/cmake_ext_mod/HDFTests.c
/Users/fabianhielscher/Dev/Masterarbeit/code/build/ITK/Modules/ThirdParty/HDF5/src/itkhdf5/config/cmake_ext_mod/HDFTests.c:292:3: error: unknown type name 'off64_t'; did you mean 'off_t'?
  off64_t n = 0;
  ^~~~~~~
  off_t
/Library/Developer/CommandLineTools/SDKs/MacOSX10.14.sdk/usr/include/sys/_types/_off_t.h:31:33: note: 'off_t' declared here
typedef __darwin_off_t          off_t;
                                ^
1 error generated.
make[4]: *** [CMakeFiles/cmTC_3a0ff.dir/HDFTests.c.o] Error 1
make[3]: *** [cmTC_3a0ff/fast] Error 2

Determining size of __int64 failed with the following output:
Change Dir: /Users/fabianhielscher/Dev/Masterarbeit/code/build/ITK-build/CMakeFiles/CMakeTmp

Run Build Command(s):/usr/bin/make cmTC_1b0b8/fast 
/Library/Developer/CommandLineTools/usr/bin/make -f CMakeFiles/cmTC_1b0b8.dir/build.make CMakeFiles/cmTC_1b0b8.dir/build
Building C object CMakeFiles/cmTC_1b0b8.dir/H5_SIZEOF___INT64.c.o
/Library/Developer/CommandLineTools/usr/bin/cc   -Wno-uninitialized -Wno-unused-parameter -Wall -Wcast-align -Wdisabled-optimization -Wextra -Wformat=2 -Winvalid-pch -Wno-format-nonliteral -Wpointer-arith -Wshadow -Wunused -Wwrite-strings -funit-at-a-time -Wno-strict-overflow  -w  -isysroot /Library/Developer/CommandLineTools/SDKs/MacOSX10.14.sdk -fPIE   -o CMakeFiles/cmTC_1b0b8.dir/H5_SIZEOF___INT64.c.o   -c /Users/fabianhielscher/Dev/Masterarbeit/code/build/ITK-build/CMakeFiles/CheckTypeSize/H5_SIZEOF___INT64.c
/Users/fabianhielscher/Dev/Masterarbeit/code/build/ITK-build/CMakeFiles/CheckTypeSize/H5_SIZEOF___INT64.c:25:12: error: use of undeclared identifier '__int64'
  ('0' + ((SIZE / 10000)%10)),
           ^
/Users/fabianhielscher/Dev/Masterarbeit/code/build/ITK-build/CMakeFiles/CheckTypeSize/H5_SIZEOF___INT64.c:23:22: note: expanded from macro 'SIZE'
#define SIZE (sizeof(__int64))
                     ^
/Users/fabianhielscher/Dev/Masterarbeit/code/build/ITK-build/CMakeFiles/CheckTypeSize/H5_SIZEOF___INT64.c:26:12: error: use of undeclared identifier '__int64'
  ('0' + ((SIZE / 1000)%10)),
           ^
/Users/fabianhielscher/Dev/Masterarbeit/code/build/ITK-build/CMakeFiles/CheckTypeSize/H5_SIZEOF___INT64.c:23:22: note: expanded from macro 'SIZE'
#define SIZE (sizeof(__int64))
                     ^
/Users/fabianhielscher/Dev/Masterarbeit/code/build/ITK-build/CMakeFiles/CheckTypeSize/H5_SIZEOF___INT64.c:27:12: error: use of undeclared identifier '__int64'
  ('0' + ((SIZE / 100)%10)),
           ^
/Users/fabianhielscher/Dev/Masterarbeit/code/build/ITK-build/CMakeFiles/CheckTypeSize/H5_SIZEOF___INT64.c:23:22: note: expanded from macro 'SIZE'
#define SIZE (sizeof(__int64))
                     ^
/Users/fabianhielscher/Dev/Masterarbeit/code/build/ITK-build/CMakeFiles/CheckTypeSize/H5_SIZEOF___INT64.c:28:12: error: use of undeclared identifier '__int64'
  ('0' + ((SIZE / 10)%10)),
           ^
/Users/fabianhielscher/Dev/Masterarbeit/code/build/ITK-build/CMakeFiles/CheckTypeSize/H5_SIZEOF___INT64.c:23:22: note: expanded from macro 'SIZE'
#define SIZE (sizeof(__int64))
                     ^
/Users/fabianhielscher/Dev/Masterarbeit/code/build/ITK-build/CMakeFiles/CheckTypeSize/H5_SIZEOF___INT64.c:29:12: error: use of undeclared identifier '__int64'
  ('0' +  (SIZE    % 10)),
           ^
/Users/fabianhielscher/Dev/Masterarbeit/code/build/ITK-build/CMakeFiles/CheckTypeSize/H5_SIZEOF___INT64.c:23:22: note: expanded from macro 'SIZE'
#define SIZE (sizeof(__int64))
                     ^
5 errors generated.
make[4]: *** [CMakeFiles/cmTC_1b0b8.dir/H5_SIZEOF___INT64.c.o] Error 1
make[3]: *** [cmTC_1b0b8/fast] Error 2

/Users/fabianhielscher/Dev/Masterarbeit/code/build/ITK-build/CMakeFiles/CheckTypeSize/H5_SIZEOF___INT64.c:
#include <sys/types.h>
#include <stdint.h>
#include <stddef.h>


#undef KEY
#if defined(__i386)
# define KEY '_','_','i','3','8','6'
#elif defined(__x86_64)
# define KEY '_','_','x','8','6','_','6','4'
#elif defined(__ppc__)
# define KEY '_','_','p','p','c','_','_'
#elif defined(__ppc64__)
# define KEY '_','_','p','p','c','6','4','_','_'
#elif defined(__aarch64__)
# define KEY '_','_','a','a','r','c','h','6','4','_','_'
#elif defined(__ARM_ARCH_7A__)
# define KEY '_','_','A','R','M','_','A','R','C','H','_','7','A','_','_'
#elif defined(__ARM_ARCH_7S__)
# define KEY '_','_','A','R','M','_','A','R','C','H','_','7','S','_','_'
#endif

#define SIZE (sizeof(__int64))
char info_size[] =  {'I', 'N', 'F', 'O', ':', 's','i','z','e','[',
  ('0' + ((SIZE / 10000)%10)),
  ('0' + ((SIZE / 1000)%10)),
  ('0' + ((SIZE / 100)%10)),
  ('0' + ((SIZE / 10)%10)),
  ('0' +  (SIZE    % 10)),
  ']',
#ifdef KEY
  ' ','k','e','y','[', KEY, ']',
#endif
  '\0'};

#ifdef __CLASSIC_C__
int main(argc, argv) int argc; char *argv[];
#else
int main(int argc, char *argv[])
#endif
{
  int require = 0;
  require += info_size[argc];
  (void)argv;
  return require;
}


Determining size of off64_t failed with the following output:
Change Dir: /Users/fabianhielscher/Dev/Masterarbeit/code/build/ITK-build/CMakeFiles/CMakeTmp

Run Build Command(s):/usr/bin/make cmTC_fe838/fast 
/Library/Developer/CommandLineTools/usr/bin/make -f CMakeFiles/cmTC_fe838.dir/build.make CMakeFiles/cmTC_fe838.dir/build
Building C object CMakeFiles/cmTC_fe838.dir/H5_SIZEOF_OFF64_T.c.o
/Library/Developer/CommandLineTools/usr/bin/cc   -Wno-uninitialized -Wno-unused-parameter -Wall -Wcast-align -Wdisabled-optimization -Wextra -Wformat=2 -Winvalid-pch -Wno-format-nonliteral -Wpointer-arith -Wshadow -Wunused -Wwrite-strings -funit-at-a-time -Wno-strict-overflow  -w  -isysroot /Library/Developer/CommandLineTools/SDKs/MacOSX10.14.sdk -fPIE   -o CMakeFiles/cmTC_fe838.dir/H5_SIZEOF_OFF64_T.c.o   -c /Users/fabianhielscher/Dev/Masterarbeit/code/build/ITK-build/CMakeFiles/CheckTypeSize/H5_SIZEOF_OFF64_T.c
/Users/fabianhielscher/Dev/Masterarbeit/code/build/ITK-build/CMakeFiles/CheckTypeSize/H5_SIZEOF_OFF64_T.c:25:12: error: use of undeclared identifier 'off64_t'
  ('0' + ((SIZE / 10000)%10)),
           ^
/Users/fabianhielscher/Dev/Masterarbeit/code/build/ITK-build/CMakeFiles/CheckTypeSize/H5_SIZEOF_OFF64_T.c:23:22: note: expanded from macro 'SIZE'
#define SIZE (sizeof(off64_t))
                     ^
/Users/fabianhielscher/Dev/Masterarbeit/code/build/ITK-build/CMakeFiles/CheckTypeSize/H5_SIZEOF_OFF64_T.c:26:12: error: use of undeclared identifier 'off64_t'
  ('0' + ((SIZE / 1000)%10)),
           ^
/Users/fabianhielscher/Dev/Masterarbeit/code/build/ITK-build/CMakeFiles/CheckTypeSize/H5_SIZEOF_OFF64_T.c:23:22: note: expanded from macro 'SIZE'
#define SIZE (sizeof(off64_t))
                     ^
/Users/fabianhielscher/Dev/Masterarbeit/code/build/ITK-build/CMakeFiles/CheckTypeSize/H5_SIZEOF_OFF64_T.c:27:12: error: use of undeclared identifier 'off64_t'
  ('0' + ((SIZE / 100)%10)),
           ^
/Users/fabianhielscher/Dev/Masterarbeit/code/build/ITK-build/CMakeFiles/CheckTypeSize/H5_SIZEOF_OFF64_T.c:23:22: note: expanded from macro 'SIZE'
#define SIZE (sizeof(off64_t))
                     ^
/Users/fabianhielscher/Dev/Masterarbeit/code/build/ITK-build/CMakeFiles/CheckTypeSize/H5_SIZEOF_OFF64_T.c:28:12: error: use of undeclared identifier 'off64_t'
  ('0' + ((SIZE / 10)%10)),
           ^
/Users/fabianhielscher/Dev/Masterarbeit/code/build/ITK-build/CMakeFiles/CheckTypeSize/H5_SIZEOF_OFF64_T.c:23:22: note: expanded from macro 'SIZE'
#define SIZE (sizeof(off64_t))
                     ^
/Users/fabianhielscher/Dev/Masterarbeit/code/build/ITK-build/CMakeFiles/CheckTypeSize/H5_SIZEOF_OFF64_T.c:29:12: error: use of undeclared identifier 'off64_t'
  ('0' +  (SIZE    % 10)),
           ^
/Users/fabianhielscher/Dev/Masterarbeit/code/build/ITK-build/CMakeFiles/CheckTypeSize/H5_SIZEOF_OFF64_T.c:23:22: note: expanded from macro 'SIZE'
#define SIZE (sizeof(off64_t))
                     ^
5 errors generated.
make[4]: *** [CMakeFiles/cmTC_fe838.dir/H5_SIZEOF_OFF64_T.c.o] Error 1
make[3]: *** [cmTC_fe838/fast] Error 2

/Users/fabianhielscher/Dev/Masterarbeit/code/build/ITK-build/CMakeFiles/CheckTypeSize/H5_SIZEOF_OFF64_T.c:
#include <sys/types.h>
#include <stdint.h>
#include <stddef.h>


#undef KEY
#if defined(__i386)
# define KEY '_','_','i','3','8','6'
#elif defined(__x86_64)
# define KEY '_','_','x','8','6','_','6','4'
#elif defined(__ppc__)
# define KEY '_','_','p','p','c','_','_'
#elif defined(__ppc64__)
# define KEY '_','_','p','p','c','6','4','_','_'
#elif defined(__aarch64__)
# define KEY '_','_','a','a','r','c','h','6','4','_','_'
#elif defined(__ARM_ARCH_7A__)
# define KEY '_','_','A','R','M','_','A','R','C','H','_','7','A','_','_'
#elif defined(__ARM_ARCH_7S__)
# define KEY '_','_','A','R','M','_','A','R','C','H','_','7','S','_','_'
#endif

#define SIZE (sizeof(off64_t))
char info_size[] =  {'I', 'N', 'F', 'O', ':', 's','i','z','e','[',
  ('0' + ((SIZE / 10000)%10)),
  ('0' + ((SIZE / 1000)%10)),
  ('0' + ((SIZE / 100)%10)),
  ('0' + ((SIZE / 10)%10)),
  ('0' +  (SIZE    % 10)),
  ']',
#ifdef KEY
  ' ','k','e','y','[', KEY, ']',
#endif
  '\0'};

#ifdef __CLASSIC_C__
int main(argc, argv) int argc; char *argv[];
#else
int main(int argc, char *argv[])
#endif
{
  int require = 0;
  require += info_size[argc];
  (void)argv;
  return require;
}


Determining if the variable CLOCK_MONOTONIC exists failed with the following output:
Change Dir: /Users/fabianhielscher/Dev/Masterarbeit/code/build/ITK-build/CMakeFiles/CMakeTmp

Run Build Command(s):/usr/bin/make cmTC_59dfd/fast 
/Library/Developer/CommandLineTools/usr/bin/make -f CMakeFiles/cmTC_59dfd.dir/build.make CMakeFiles/cmTC_59dfd.dir/build
Building C object CMakeFiles/cmTC_59dfd.dir/CheckVariableExists.c.o
/Library/Developer/CommandLineTools/usr/bin/cc   -Wno-uninitialized -Wno-unused-parameter -Wall -Wcast-align -Wdisabled-optimization -Wextra -Wformat=2 -Winvalid-pch -Wno-format-nonliteral -Wpointer-arith -Wshadow -Wunused -Wwrite-strings -funit-at-a-time -Wno-strict-overflow  -w -DCHECK_VARIABLE_EXISTS=CLOCK_MONOTONIC -isysroot /Library/Developer/CommandLineTools/SDKs/MacOSX10.14.sdk -fPIE   -o CMakeFiles/cmTC_59dfd.dir/CheckVariableExists.c.o   -c /Library/Frameworks/Python.framework/Versions/3.7/lib/python3.7/site-packages/cmake/data/CMake.app/Contents/share/cmake-3.14/Modules/CheckVariableExists.c
Linking C executable cmTC_59dfd
/Library/Frameworks/Python.framework/Versions/3.7/lib/python3.7/site-packages/cmake/data/CMake.app/Contents/bin/cmake -E cmake_link_script CMakeFiles/cmTC_59dfd.dir/link.txt --verbose=1
/Library/Developer/CommandLineTools/usr/bin/cc   -Wno-uninitialized -Wno-unused-parameter -Wall -Wcast-align -Wdisabled-optimization -Wextra -Wformat=2 -Winvalid-pch -Wno-format-nonliteral -Wpointer-arith -Wshadow -Wunused -Wwrite-strings -funit-at-a-time -Wno-strict-overflow  -w -DCHECK_VARIABLE_EXISTS=CLOCK_MONOTONIC -isysroot /Library/Developer/CommandLineTools/SDKs/MacOSX10.14.sdk -Wl,-search_paths_first -Wl,-headerpad_max_install_names    CMakeFiles/cmTC_59dfd.dir/CheckVariableExists.c.o  -o cmTC_59dfd -lm -ldl 
Undefined symbols for architecture x86_64:
  "_CLOCK_MONOTONIC", referenced from:
      _main in CheckVariableExists.c.o
ld: symbol(s) not found for architecture x86_64
clang: error: linker command failed with exit code 1 (use -v to see invocation)
make[4]: *** [cmTC_59dfd] Error 1
make[3]: *** [cmTC_59dfd/fast] Error 2


Performing Other Test HAVE___TM_GMTOFF failed with the following output:
Change Dir: /Users/fabianhielscher/Dev/Masterarbeit/code/build/ITK-build/CMakeFiles/CMakeTmp

Run Build Command(s):/usr/bin/make cmTC_b692e/fast 
/Library/Developer/CommandLineTools/usr/bin/make -f CMakeFiles/cmTC_b692e.dir/build.make CMakeFiles/cmTC_b692e.dir/build
Building C object CMakeFiles/cmTC_b692e.dir/HDFTests.c.o
/Library/Developer/CommandLineTools/usr/bin/cc   -Wno-uninitialized -Wno-unused-parameter -Wall -Wcast-align -Wdisabled-optimization -Wextra -Wformat=2 -Winvalid-pch -Wno-format-nonliteral -Wpointer-arith -Wshadow -Wunused -Wwrite-strings -funit-at-a-time -Wno-strict-overflow  -w -DHAVE___TM_GMTOFF  -DHAVE_SYS_TIME_H -DHAVE_UNISTD_H -DHAVE_SYS_TYPES_H -DHAVE_SYS_SOCKET_H -isysroot /Library/Developer/CommandLineTools/SDKs/MacOSX10.14.sdk -fPIE   -o CMakeFiles/cmTC_b692e.dir/HDFTests.c.o   -c /Users/fabianhielscher/Dev/Masterarbeit/code/build/ITK/Modules/ThirdParty/HDF5/src/itkhdf5/config/cmake_ext_mod/HDFTests.c
/Users/fabianhielscher/Dev/Masterarbeit/code/build/ITK/Modules/ThirdParty/HDF5/src/itkhdf5/config/cmake_ext_mod/HDFTests.c:170:30: error: no member named '__tm_gmtoff' in 'struct tm'; did you mean 'tm_gmtoff'?
SIMPLE_TEST(struct tm tm; tm.__tm_gmtoff=0);
                             ^~~~~~~~~~~
                             tm_gmtoff
/Users/fabianhielscher/Dev/Masterarbeit/code/build/ITK/Modules/ThirdParty/HDF5/src/itkhdf5/config/cmake_ext_mod/HDFTests.c:1:36: note: expanded from macro 'SIMPLE_TEST'
#define SIMPLE_TEST(x) int main(){ x; return 0; }
                                   ^
/Library/Developer/CommandLineTools/SDKs/MacOSX10.14.sdk/usr/include/time.h:84:7: note: 'tm_gmtoff' declared here
        long    tm_gmtoff;      /* offset from UTC in seconds */
                ^
1 error generated.
make[4]: *** [CMakeFiles/cmTC_b692e.dir/HDFTests.c.o] Error 1
make[3]: *** [cmTC_b692e/fast] Error 2

Performing Other Test HAVE_TM_ZONE failed with the following output:
Change Dir: /Users/fabianhielscher/Dev/Masterarbeit/code/build/ITK-build/CMakeFiles/CMakeTmp

Run Build Command(s):/usr/bin/make cmTC_b192a/fast 
/Library/Developer/CommandLineTools/usr/bin/make -f CMakeFiles/cmTC_b192a.dir/build.make CMakeFiles/cmTC_b192a.dir/build
Building C object CMakeFiles/cmTC_b192a.dir/HDFTests.c.o
/Library/Developer/CommandLineTools/usr/bin/cc   -Wno-uninitialized -Wno-unused-parameter -Wall -Wcast-align -Wdisabled-optimization -Wextra -Wformat=2 -Winvalid-pch -Wno-format-nonliteral -Wpointer-arith -Wshadow -Wunused -Wwrite-strings -funit-at-a-time -Wno-strict-overflow  -w -DHAVE_TM_ZONE  -DHAVE_SYS_TIME_H -DHAVE_UNISTD_H -DHAVE_SYS_TYPES_H -DHAVE_SYS_SOCKET_H -isysroot /Library/Developer/CommandLineTools/SDKs/MacOSX10.14.sdk -fPIE   -o CMakeFiles/cmTC_b192a.dir/HDFTests.c.o   -c /Users/fabianhielscher/Dev/Masterarbeit/code/build/ITK/Modules/ThirdParty/HDF5/src/itkhdf5/config/cmake_ext_mod/HDFTests.c
Linking C executable cmTC_b192a
/Library/Frameworks/Python.framework/Versions/3.7/lib/python3.7/site-packages/cmake/data/CMake.app/Contents/bin/cmake -E cmake_link_script CMakeFiles/cmTC_b192a.dir/link.txt --verbose=1
/Library/Developer/CommandLineTools/usr/bin/cc   -Wno-uninitialized -Wno-unused-parameter -Wall -Wcast-align -Wdisabled-optimization -Wextra -Wformat=2 -Winvalid-pch -Wno-format-nonliteral -Wpointer-arith -Wshadow -Wunused -Wwrite-strings -funit-at-a-time -Wno-strict-overflow  -w -DHAVE_TM_ZONE  -DHAVE_SYS_TIME_H -DHAVE_UNISTD_H -DHAVE_SYS_TYPES_H -DHAVE_SYS_SOCKET_H -isysroot /Library/Developer/CommandLineTools/SDKs/MacOSX10.14.sdk -Wl,-search_paths_first -Wl,-headerpad_max_install_names    CMakeFiles/cmTC_b192a.dir/HDFTests.c.o  -o cmTC_b192a -lm -ldl 
Undefined symbols for architecture x86_64:
  "_main", referenced from:
     implicit entry/start for main executable
ld: symbol(s) not found for architecture x86_64
clang: error: linker command failed with exit code 1 (use -v to see invocation)
make[4]: *** [cmTC_b192a] Error 1
make[3]: *** [cmTC_b192a/fast] Error 2

Performing Other Test HAVE_STRUCT_TM_TM_ZONE failed with the following output:
Change Dir: /Users/fabianhielscher/Dev/Masterarbeit/code/build/ITK-build/CMakeFiles/CMakeTmp

Run Build Command(s):/usr/bin/make cmTC_a4bfa/fast 
/Library/Developer/CommandLineTools/usr/bin/make -f CMakeFiles/cmTC_a4bfa.dir/build.make CMakeFiles/cmTC_a4bfa.dir/build
Building C object CMakeFiles/cmTC_a4bfa.dir/HDFTests.c.o
/Library/Developer/CommandLineTools/usr/bin/cc   -Wno-uninitialized -Wno-unused-parameter -Wall -Wcast-align -Wdisabled-optimization -Wextra -Wformat=2 -Winvalid-pch -Wno-format-nonliteral -Wpointer-arith -Wshadow -Wunused -Wwrite-strings -funit-at-a-time -Wno-strict-overflow  -w -DHAVE_STRUCT_TM_TM_ZONE  -DHAVE_SYS_TIME_H -DHAVE_UNISTD_H -DHAVE_SYS_TYPES_H -DHAVE_SYS_SOCKET_H -isysroot /Library/Developer/CommandLineTools/SDKs/MacOSX10.14.sdk -fPIE   -o CMakeFiles/cmTC_a4bfa.dir/HDFTests.c.o   -c /Users/fabianhielscher/Dev/Masterarbeit/code/build/ITK/Modules/ThirdParty/HDF5/src/itkhdf5/config/cmake_ext_mod/HDFTests.c
Linking C executable cmTC_a4bfa
/Library/Frameworks/Python.framework/Versions/3.7/lib/python3.7/site-packages/cmake/data/CMake.app/Contents/bin/cmake -E cmake_link_script CMakeFiles/cmTC_a4bfa.dir/link.txt --verbose=1
/Library/Developer/CommandLineTools/usr/bin/cc   -Wno-uninitialized -Wno-unused-parameter -Wall -Wcast-align -Wdisabled-optimization -Wextra -Wformat=2 -Winvalid-pch -Wno-format-nonliteral -Wpointer-arith -Wshadow -Wunused -Wwrite-strings -funit-at-a-time -Wno-strict-overflow  -w -DHAVE_STRUCT_TM_TM_ZONE  -DHAVE_SYS_TIME_H -DHAVE_UNISTD_H -DHAVE_SYS_TYPES_H -DHAVE_SYS_SOCKET_H -isysroot /Library/Developer/CommandLineTools/SDKs/MacOSX10.14.sdk -Wl,-search_paths_first -Wl,-headerpad_max_install_names    CMakeFiles/cmTC_a4bfa.dir/HDFTests.c.o  -o cmTC_a4bfa -lm -ldl 
Undefined symbols for architecture x86_64:
  "_main", referenced from:
     implicit entry/start for main executable
ld: symbol(s) not found for architecture x86_64
clang: error: linker command failed with exit code 1 (use -v to see invocation)
make[4]: *** [cmTC_a4bfa] Error 1
make[3]: *** [cmTC_a4bfa/fast] Error 2

Performing Other Test HAVE_STRUCT_VIDEOCONFIG failed with the following output:
Change Dir: /Users/fabianhielscher/Dev/Masterarbeit/code/build/ITK-build/CMakeFiles/CMakeTmp

Run Build Command(s):/usr/bin/make cmTC_a1833/fast 
/Library/Developer/CommandLineTools/usr/bin/make -f CMakeFiles/cmTC_a1833.dir/build.make CMakeFiles/cmTC_a1833.dir/build
Building C object CMakeFiles/cmTC_a1833.dir/HDFTests.c.o
/Library/Developer/CommandLineTools/usr/bin/cc   -Wno-uninitialized -Wno-unused-parameter -Wall -Wcast-align -Wdisabled-optimization -Wextra -Wformat=2 -Winvalid-pch -Wno-format-nonliteral -Wpointer-arith -Wshadow -Wunused -Wwrite-strings -funit-at-a-time -Wno-strict-overflow  -w -DHAVE_STRUCT_VIDEOCONFIG  -DHAVE_SYS_TIME_H -DHAVE_UNISTD_H -DHAVE_SYS_TYPES_H -DHAVE_SYS_SOCKET_H -isysroot /Library/Developer/CommandLineTools/SDKs/MacOSX10.14.sdk -fPIE   -o CMakeFiles/cmTC_a1833.dir/HDFTests.c.o   -c /Users/fabianhielscher/Dev/Masterarbeit/code/build/ITK/Modules/ThirdParty/HDF5/src/itkhdf5/config/cmake_ext_mod/HDFTests.c
/Users/fabianhielscher/Dev/Masterarbeit/code/build/ITK/Modules/ThirdParty/HDF5/src/itkhdf5/config/cmake_ext_mod/HDFTests.c:447:32: error: variable has incomplete type 'struct videoconfig'
SIMPLE_TEST(struct videoconfig w; w.numtextcols=0);
                               ^
/Users/fabianhielscher/Dev/Masterarbeit/code/build/ITK/Modules/ThirdParty/HDF5/src/itkhdf5/config/cmake_ext_mod/HDFTests.c:447:20: note: forward declaration of 'struct videoconfig'
SIMPLE_TEST(struct videoconfig w; w.numtextcols=0);
                   ^
1 error generated.
make[4]: *** [CMakeFiles/cmTC_a1833.dir/HDFTests.c.o] Error 1
make[3]: *** [cmTC_a1833/fast] Error 2

Performing Other Test HAVE_STRUCT_TEXT_INFO failed with the following output:
Change Dir: /Users/fabianhielscher/Dev/Masterarbeit/code/build/ITK-build/CMakeFiles/CMakeTmp

Run Build Command(s):/usr/bin/make cmTC_35c93/fast 
/Library/Developer/CommandLineTools/usr/bin/make -f CMakeFiles/cmTC_35c93.dir/build.make CMakeFiles/cmTC_35c93.dir/build
Building C object CMakeFiles/cmTC_35c93.dir/HDFTests.c.o
/Library/Developer/CommandLineTools/usr/bin/cc   -Wno-uninitialized -Wno-unused-parameter -Wall -Wcast-align -Wdisabled-optimization -Wextra -Wformat=2 -Winvalid-pch -Wno-format-nonliteral -Wpointer-arith -Wshadow -Wunused -Wwrite-strings -funit-at-a-time -Wno-strict-overflow  -w -DHAVE_STRUCT_TEXT_INFO  -DHAVE_SYS_TIME_H -DHAVE_UNISTD_H -DHAVE_SYS_TYPES_H -DHAVE_SYS_SOCKET_H -isysroot /Library/Developer/CommandLineTools/SDKs/MacOSX10.14.sdk -fPIE   -o CMakeFiles/cmTC_35c93.dir/HDFTests.c.o   -c /Users/fabianhielscher/Dev/Masterarbeit/code/build/ITK/Modules/ThirdParty/HDF5/src/itkhdf5/config/cmake_ext_mod/HDFTests.c
/Users/fabianhielscher/Dev/Masterarbeit/code/build/ITK/Modules/ThirdParty/HDF5/src/itkhdf5/config/cmake_ext_mod/HDFTests.c:453:30: error: variable has incomplete type 'struct text_info'
SIMPLE_TEST(struct text_info w; w.screenwidth=0);
                             ^
/Users/fabianhielscher/Dev/Masterarbeit/code/build/ITK/Modules/ThirdParty/HDF5/src/itkhdf5/config/cmake_ext_mod/HDFTests.c:453:20: note: forward declaration of 'struct text_info'
SIMPLE_TEST(struct text_info w; w.screenwidth=0);
                   ^
1 error generated.
make[4]: *** [CMakeFiles/cmTC_35c93.dir/HDFTests.c.o] Error 1
make[3]: *** [cmTC_35c93/fast] Error 2

Determining if the function _getvideoconfig exists failed with the following output:
Change Dir: /Users/fabianhielscher/Dev/Masterarbeit/code/build/ITK-build/CMakeFiles/CMakeTmp

Run Build Command(s):/usr/bin/make cmTC_c85d3/fast 
/Library/Developer/CommandLineTools/usr/bin/make -f CMakeFiles/cmTC_c85d3.dir/build.make CMakeFiles/cmTC_c85d3.dir/build
Building C object CMakeFiles/cmTC_c85d3.dir/CheckFunctionExists.c.o
/Library/Developer/CommandLineTools/usr/bin/cc   -Wno-uninitialized -Wno-unused-parameter -Wall -Wcast-align -Wdisabled-optimization -Wextra -Wformat=2 -Winvalid-pch -Wno-format-nonliteral -Wpointer-arith -Wshadow -Wunused -Wwrite-strings -funit-at-a-time -Wno-strict-overflow  -w -DCHECK_FUNCTION_EXISTS=_getvideoconfig -isysroot /Library/Developer/CommandLineTools/SDKs/MacOSX10.14.sdk -fPIE   -o CMakeFiles/cmTC_c85d3.dir/CheckFunctionExists.c.o   -c /Library/Frameworks/Python.framework/Versions/3.7/lib/python3.7/site-packages/cmake/data/CMake.app/Contents/share/cmake-3.14/Modules/CheckFunctionExists.c
Linking C executable cmTC_c85d3
/Library/Frameworks/Python.framework/Versions/3.7/lib/python3.7/site-packages/cmake/data/CMake.app/Contents/bin/cmake -E cmake_link_script CMakeFiles/cmTC_c85d3.dir/link.txt --verbose=1
/Library/Developer/CommandLineTools/usr/bin/cc   -Wno-uninitialized -Wno-unused-parameter -Wall -Wcast-align -Wdisabled-optimization -Wextra -Wformat=2 -Winvalid-pch -Wno-format-nonliteral -Wpointer-arith -Wshadow -Wunused -Wwrite-strings -funit-at-a-time -Wno-strict-overflow  -w -DCHECK_FUNCTION_EXISTS=_getvideoconfig -isysroot /Library/Developer/CommandLineTools/SDKs/MacOSX10.14.sdk -Wl,-search_paths_first -Wl,-headerpad_max_install_names   CMakeFiles/cmTC_c85d3.dir/CheckFunctionExists.c.o  -o cmTC_c85d3 -lm -ldl 
Undefined symbols for architecture x86_64:
  "__getvideoconfig", referenced from:
      _main in CheckFunctionExists.c.o
ld: symbol(s) not found for architecture x86_64
clang: error: linker command failed with exit code 1 (use -v to see invocation)
make[4]: *** [cmTC_c85d3] Error 1
make[3]: *** [cmTC_c85d3/fast] Error 2


Determining if the function gettextinfo exists failed with the following output:
Change Dir: /Users/fabianhielscher/Dev/Masterarbeit/code/build/ITK-build/CMakeFiles/CMakeTmp

Run Build Command(s):/usr/bin/make cmTC_806a8/fast 
/Library/Developer/CommandLineTools/usr/bin/make -f CMakeFiles/cmTC_806a8.dir/build.make CMakeFiles/cmTC_806a8.dir/build
Building C object CMakeFiles/cmTC_806a8.dir/CheckFunctionExists.c.o
/Library/Developer/CommandLineTools/usr/bin/cc   -Wno-uninitialized -Wno-unused-parameter -Wall -Wcast-align -Wdisabled-optimization -Wextra -Wformat=2 -Winvalid-pch -Wno-format-nonliteral -Wpointer-arith -Wshadow -Wunused -Wwrite-strings -funit-at-a-time -Wno-strict-overflow  -w -DCHECK_FUNCTION_EXISTS=gettextinfo -isysroot /Library/Developer/CommandLineTools/SDKs/MacOSX10.14.sdk -fPIE   -o CMakeFiles/cmTC_806a8.dir/CheckFunctionExists.c.o   -c /Library/Frameworks/Python.framework/Versions/3.7/lib/python3.7/site-packages/cmake/data/CMake.app/Contents/share/cmake-3.14/Modules/CheckFunctionExists.c
Linking C executable cmTC_806a8
/Library/Frameworks/Python.framework/Versions/3.7/lib/python3.7/site-packages/cmake/data/CMake.app/Contents/bin/cmake -E cmake_link_script CMakeFiles/cmTC_806a8.dir/link.txt --verbose=1
/Library/Developer/CommandLineTools/usr/bin/cc   -Wno-uninitialized -Wno-unused-parameter -Wall -Wcast-align -Wdisabled-optimization -Wextra -Wformat=2 -Winvalid-pch -Wno-format-nonliteral -Wpointer-arith -Wshadow -Wunused -Wwrite-strings -funit-at-a-time -Wno-strict-overflow  -w -DCHECK_FUNCTION_EXISTS=gettextinfo -isysroot /Library/Developer/CommandLineTools/SDKs/MacOSX10.14.sdk -Wl,-search_paths_first -Wl,-headerpad_max_install_names   CMakeFiles/cmTC_806a8.dir/CheckFunctionExists.c.o  -o cmTC_806a8 -lm -ldl 
Undefined symbols for architecture x86_64:
  "_gettextinfo", referenced from:
      _main in CheckFunctionExists.c.o
ld: symbol(s) not found for architecture x86_64
clang: error: linker command failed with exit code 1 (use -v to see invocation)
make[4]: *** [cmTC_806a8] Error 1
make[3]: *** [cmTC_806a8/fast] Error 2


Determining if the function _scrsize exists failed with the following output:
Change Dir: /Users/fabianhielscher/Dev/Masterarbeit/code/build/ITK-build/CMakeFiles/CMakeTmp

Run Build Command(s):/usr/bin/make cmTC_f27d0/fast 
/Library/Developer/CommandLineTools/usr/bin/make -f CMakeFiles/cmTC_f27d0.dir/build.make CMakeFiles/cmTC_f27d0.dir/build
Building C object CMakeFiles/cmTC_f27d0.dir/CheckFunctionExists.c.o
/Library/Developer/CommandLineTools/usr/bin/cc   -Wno-uninitialized -Wno-unused-parameter -Wall -Wcast-align -Wdisabled-optimization -Wextra -Wformat=2 -Winvalid-pch -Wno-format-nonliteral -Wpointer-arith -Wshadow -Wunused -Wwrite-strings -funit-at-a-time -Wno-strict-overflow  -w -DCHECK_FUNCTION_EXISTS=_scrsize -isysroot /Library/Developer/CommandLineTools/SDKs/MacOSX10.14.sdk -fPIE   -o CMakeFiles/cmTC_f27d0.dir/CheckFunctionExists.c.o   -c /Library/Frameworks/Python.framework/Versions/3.7/lib/python3.7/site-packages/cmake/data/CMake.app/Contents/share/cmake-3.14/Modules/CheckFunctionExists.c
Linking C executable cmTC_f27d0
/Library/Frameworks/Python.framework/Versions/3.7/lib/python3.7/site-packages/cmake/data/CMake.app/Contents/bin/cmake -E cmake_link_script CMakeFiles/cmTC_f27d0.dir/link.txt --verbose=1
/Library/Developer/CommandLineTools/usr/bin/cc   -Wno-uninitialized -Wno-unused-parameter -Wall -Wcast-align -Wdisabled-optimization -Wextra -Wformat=2 -Winvalid-pch -Wno-format-nonliteral -Wpointer-arith -Wshadow -Wunused -Wwrite-strings -funit-at-a-time -Wno-strict-overflow  -w -DCHECK_FUNCTION_EXISTS=_scrsize -isysroot /Library/Developer/CommandLineTools/SDKs/MacOSX10.14.sdk -Wl,-search_paths_first -Wl,-headerpad_max_install_names   CMakeFiles/cmTC_f27d0.dir/CheckFunctionExists.c.o  -o cmTC_f27d0 -lm -ldl 
Undefined symbols for architecture x86_64:
  "__scrsize", referenced from:
      _main in CheckFunctionExists.c.o
ld: symbol(s) not found for architecture x86_64
clang: error: linker command failed with exit code 1 (use -v to see invocation)
make[4]: *** [cmTC_f27d0] Error 1
make[3]: *** [cmTC_f27d0/fast] Error 2


Determining if the function GetConsoleScreenBufferInfo exists failed with the following output:
Change Dir: /Users/fabianhielscher/Dev/Masterarbeit/code/build/ITK-build/CMakeFiles/CMakeTmp

Run Build Command(s):/usr/bin/make cmTC_9a55d/fast 
/Library/Developer/CommandLineTools/usr/bin/make -f CMakeFiles/cmTC_9a55d.dir/build.make CMakeFiles/cmTC_9a55d.dir/build
Building C object CMakeFiles/cmTC_9a55d.dir/CheckFunctionExists.c.o
/Library/Developer/CommandLineTools/usr/bin/cc   -Wno-uninitialized -Wno-unused-parameter -Wall -Wcast-align -Wdisabled-optimization -Wextra -Wformat=2 -Winvalid-pch -Wno-format-nonliteral -Wpointer-arith -Wshadow -Wunused -Wwrite-strings -funit-at-a-time -Wno-strict-overflow  -w -DCHECK_FUNCTION_EXISTS=GetConsoleScreenBufferInfo -isysroot /Library/Developer/CommandLineTools/SDKs/MacOSX10.14.sdk -fPIE   -o CMakeFiles/cmTC_9a55d.dir/CheckFunctionExists.c.o   -c /Library/Frameworks/Python.framework/Versions/3.7/lib/python3.7/site-packages/cmake/data/CMake.app/Contents/share/cmake-3.14/Modules/CheckFunctionExists.c
Linking C executable cmTC_9a55d
/Library/Frameworks/Python.framework/Versions/3.7/lib/python3.7/site-packages/cmake/data/CMake.app/Contents/bin/cmake -E cmake_link_script CMakeFiles/cmTC_9a55d.dir/link.txt --verbose=1
/Library/Developer/CommandLineTools/usr/bin/cc   -Wno-uninitialized -Wno-unused-parameter -Wall -Wcast-align -Wdisabled-optimization -Wextra -Wformat=2 -Winvalid-pch -Wno-format-nonliteral -Wpointer-arith -Wshadow -Wunused -Wwrite-strings -funit-at-a-time -Wno-strict-overflow  -w -DCHECK_FUNCTION_EXISTS=GetConsoleScreenBufferInfo -isysroot /Library/Developer/CommandLineTools/SDKs/MacOSX10.14.sdk -Wl,-search_paths_first -Wl,-headerpad_max_install_names   CMakeFiles/cmTC_9a55d.dir/CheckFunctionExists.c.o  -o cmTC_9a55d -lm -ldl 
Undefined symbols for architecture x86_64:
  "_GetConsoleScreenBufferInfo", referenced from:
      _main in CheckFunctionExists.c.o
ld: symbol(s) not found for architecture x86_64
clang: error: linker command failed with exit code 1 (use -v to see invocation)
make[4]: *** [cmTC_9a55d] Error 1
make[3]: *** [cmTC_9a55d/fast] Error 2


Determining if the function setsysinfo exists failed with the following output:
Change Dir: /Users/fabianhielscher/Dev/Masterarbeit/code/build/ITK-build/CMakeFiles/CMakeTmp

Run Build Command(s):/usr/bin/make cmTC_1dcd7/fast 
/Library/Developer/CommandLineTools/usr/bin/make -f CMakeFiles/cmTC_1dcd7.dir/build.make CMakeFiles/cmTC_1dcd7.dir/build
Building C object CMakeFiles/cmTC_1dcd7.dir/CheckFunctionExists.c.o
/Library/Developer/CommandLineTools/usr/bin/cc   -Wno-uninitialized -Wno-unused-parameter -Wall -Wcast-align -Wdisabled-optimization -Wextra -Wformat=2 -Winvalid-pch -Wno-format-nonliteral -Wpointer-arith -Wshadow -Wunused -Wwrite-strings -funit-at-a-time -Wno-strict-overflow  -w -DCHECK_FUNCTION_EXISTS=setsysinfo -isysroot /Library/Developer/CommandLineTools/SDKs/MacOSX10.14.sdk -fPIE   -o CMakeFiles/cmTC_1dcd7.dir/CheckFunctionExists.c.o   -c /Library/Frameworks/Python.framework/Versions/3.7/lib/python3.7/site-packages/cmake/data/CMake.app/Contents/share/cmake-3.14/Modules/CheckFunctionExists.c
Linking C executable cmTC_1dcd7
/Library/Frameworks/Python.framework/Versions/3.7/lib/python3.7/site-packages/cmake/data/CMake.app/Contents/bin/cmake -E cmake_link_script CMakeFiles/cmTC_1dcd7.dir/link.txt --verbose=1
/Library/Developer/CommandLineTools/usr/bin/cc   -Wno-uninitialized -Wno-unused-parameter -Wall -Wcast-align -Wdisabled-optimization -Wextra -Wformat=2 -Winvalid-pch -Wno-format-nonliteral -Wpointer-arith -Wshadow -Wunused -Wwrite-strings -funit-at-a-time -Wno-strict-overflow  -w -DCHECK_FUNCTION_EXISTS=setsysinfo -isysroot /Library/Developer/CommandLineTools/SDKs/MacOSX10.14.sdk -Wl,-search_paths_first -Wl,-headerpad_max_install_names   CMakeFiles/cmTC_1dcd7.dir/CheckFunctionExists.c.o  -o cmTC_1dcd7 -lm -ldl 
Undefined symbols for architecture x86_64:
  "_setsysinfo", referenced from:
      _main in CheckFunctionExists.c.o
ld: symbol(s) not found for architecture x86_64
clang: error: linker command failed with exit code 1 (use -v to see invocation)
make[4]: *** [cmTC_1dcd7] Error 1
make[3]: *** [cmTC_1dcd7/fast] Error 2


Performing CXX Test OLD_HEADER_FILENAME failed with the following output:
Change Dir: /Users/fabianhielscher/Dev/Masterarbeit/code/build/ITK-build/CMakeFiles/CMakeTmp

Run Build Command(s):/usr/bin/make cmTC_6885c/fast 
/Library/Developer/CommandLineTools/usr/bin/make -f CMakeFiles/cmTC_6885c.dir/build.make CMakeFiles/cmTC_6885c.dir/build
Building CXX object CMakeFiles/cmTC_6885c.dir/HDFCXXTests.cpp.o
/Library/Developer/CommandLineTools/usr/bin/c++    -std=c++11  -Wall -Wcast-align -Wdisabled-optimization -Wextra -Wformat=2 -Winvalid-pch -Wno-format-nonliteral -Wpointer-arith -Wshadow -Wunused -Wwrite-strings -funit-at-a-time -Wno-strict-overflow -Wno-deprecated -Wno-invalid-offsetof -Woverloaded-virtual  -w -DOLD_HEADER_FILENAME  -DHAVE_SYS_TIME_H -DHAVE_UNISTD_H -DHAVE_SYS_TYPES_H -DHAVE_SYS_SOCKET_H -isysroot /Library/Developer/CommandLineTools/SDKs/MacOSX10.14.sdk -fPIE   -o CMakeFiles/cmTC_6885c.dir/HDFCXXTests.cpp.o -c /Users/fabianhielscher/Dev/Masterarbeit/code/build/ITK/Modules/ThirdParty/HDF5/src/itkhdf5/config/cmake_ext_mod/HDFCXXTests.cpp
Linking CXX executable cmTC_6885c
/Library/Frameworks/Python.framework/Versions/3.7/lib/python3.7/site-packages/cmake/data/CMake.app/Contents/bin/cmake -E cmake_link_script CMakeFiles/cmTC_6885c.dir/link.txt --verbose=1
/Library/Developer/CommandLineTools/usr/bin/c++   -std=c++11  -Wall -Wcast-align -Wdisabled-optimization -Wextra -Wformat=2 -Winvalid-pch -Wno-format-nonliteral -Wpointer-arith -Wshadow -Wunused -Wwrite-strings -funit-at-a-time -Wno-strict-overflow -Wno-deprecated -Wno-invalid-offsetof -Woverloaded-virtual  -w -DOLD_HEADER_FILENAME  -DHAVE_SYS_TIME_H -DHAVE_UNISTD_H -DHAVE_SYS_TYPES_H -DHAVE_SYS_SOCKET_H -isysroot /Library/Developer/CommandLineTools/SDKs/MacOSX10.14.sdk -Wl,-search_paths_first -Wl,-headerpad_max_install_names    CMakeFiles/cmTC_6885c.dir/HDFCXXTests.cpp.o  -o cmTC_6885c -lm -ldl 

Performing CXX Test H5_NO_NAMESPACE failed with the following output:
Change Dir: /Users/fabianhielscher/Dev/Masterarbeit/code/build/ITK-build/CMakeFiles/CMakeTmp

Run Build Command(s):/usr/bin/make cmTC_16c6d/fast 
/Library/Developer/CommandLineTools/usr/bin/make -f CMakeFiles/cmTC_16c6d.dir/build.make CMakeFiles/cmTC_16c6d.dir/build
Building CXX object CMakeFiles/cmTC_16c6d.dir/HDFCXXTests.cpp.o
/Library/Developer/CommandLineTools/usr/bin/c++    -std=c++11  -Wall -Wcast-align -Wdisabled-optimization -Wextra -Wformat=2 -Winvalid-pch -Wno-format-nonliteral -Wpointer-arith -Wshadow -Wunused -Wwrite-strings -funit-at-a-time -Wno-strict-overflow -Wno-deprecated -Wno-invalid-offsetof -Woverloaded-virtual  -w -DH5_NO_NAMESPACE  -DHAVE_SYS_TIME_H -DHAVE_UNISTD_H -DHAVE_SYS_TYPES_H -DHAVE_SYS_SOCKET_H -isysroot /Library/Developer/CommandLineTools/SDKs/MacOSX10.14.sdk -fPIE   -o CMakeFiles/cmTC_16c6d.dir/HDFCXXTests.cpp.o -c /Users/fabianhielscher/Dev/Masterarbeit/code/build/ITK/Modules/ThirdParty/HDF5/src/itkhdf5/config/cmake_ext_mod/HDFCXXTests.cpp
Linking CXX executable cmTC_16c6d
/Library/Frameworks/Python.framework/Versions/3.7/lib/python3.7/site-packages/cmake/data/CMake.app/Contents/bin/cmake -E cmake_link_script CMakeFiles/cmTC_16c6d.dir/link.txt --verbose=1
/Library/Developer/CommandLineTools/usr/bin/c++   -std=c++11  -Wall -Wcast-align -Wdisabled-optimization -Wextra -Wformat=2 -Winvalid-pch -Wno-format-nonliteral -Wpointer-arith -Wshadow -Wunused -Wwrite-strings -funit-at-a-time -Wno-strict-overflow -Wno-deprecated -Wno-invalid-offsetof -Woverloaded-virtual  -w -DH5_NO_NAMESPACE  -DHAVE_SYS_TIME_H -DHAVE_UNISTD_H -DHAVE_SYS_TYPES_H -DHAVE_SYS_SOCKET_H -isysroot /Library/Developer/CommandLineTools/SDKs/MacOSX10.14.sdk -Wl,-search_paths_first -Wl,-headerpad_max_install_names    CMakeFiles/cmTC_16c6d.dir/HDFCXXTests.cpp.o  -o cmTC_16c6d -lm -ldl 
Undefined symbols for architecture x86_64:
  "_main", referenced from:
     implicit entry/start for main executable
ld: symbol(s) not found for architecture x86_64
clang: error: linker command failed with exit code 1 (use -v to see invocation)
make[4]: *** [cmTC_16c6d] Error 1
make[3]: *** [cmTC_16c6d/fast] Error 2

Performing CXX Test H5_NO_STD failed with the following output:
Change Dir: /Users/fabianhielscher/Dev/Masterarbeit/code/build/ITK-build/CMakeFiles/CMakeTmp

Run Build Command(s):/usr/bin/make cmTC_14241/fast 
/Library/Developer/CommandLineTools/usr/bin/make -f CMakeFiles/cmTC_14241.dir/build.make CMakeFiles/cmTC_14241.dir/build
Building CXX object CMakeFiles/cmTC_14241.dir/HDFCXXTests.cpp.o
/Library/Developer/CommandLineTools/usr/bin/c++    -std=c++11  -Wall -Wcast-align -Wdisabled-optimization -Wextra -Wformat=2 -Winvalid-pch -Wno-format-nonliteral -Wpointer-arith -Wshadow -Wunused -Wwrite-strings -funit-at-a-time -Wno-strict-overflow -Wno-deprecated -Wno-invalid-offsetof -Woverloaded-virtual  -w -DH5_NO_STD  -DHAVE_SYS_TIME_H -DHAVE_UNISTD_H -DHAVE_SYS_TYPES_H -DHAVE_SYS_SOCKET_H -isysroot /Library/Developer/CommandLineTools/SDKs/MacOSX10.14.sdk -fPIE   -o CMakeFiles/cmTC_14241.dir/HDFCXXTests.cpp.o -c /Users/fabianhielscher/Dev/Masterarbeit/code/build/ITK/Modules/ThirdParty/HDF5/src/itkhdf5/config/cmake_ext_mod/HDFCXXTests.cpp
Linking CXX executable cmTC_14241
/Library/Frameworks/Python.framework/Versions/3.7/lib/python3.7/site-packages/cmake/data/CMake.app/Contents/bin/cmake -E cmake_link_script CMakeFiles/cmTC_14241.dir/link.txt --verbose=1
/Library/Developer/CommandLineTools/usr/bin/c++   -std=c++11  -Wall -Wcast-align -Wdisabled-optimization -Wextra -Wformat=2 -Winvalid-pch -Wno-format-nonliteral -Wpointer-arith -Wshadow -Wunused -Wwrite-strings -funit-at-a-time -Wno-strict-overflow -Wno-deprecated -Wno-invalid-offsetof -Woverloaded-virtual  -w -DH5_NO_STD  -DHAVE_SYS_TIME_H -DHAVE_UNISTD_H -DHAVE_SYS_TYPES_H -DHAVE_SYS_SOCKET_H -isysroot /Library/Developer/CommandLineTools/SDKs/MacOSX10.14.sdk -Wl,-search_paths_first -Wl,-headerpad_max_install_names    CMakeFiles/cmTC_14241.dir/HDFCXXTests.cpp.o  -o cmTC_14241 -lm -ldl 
Undefined symbols for architecture x86_64:
  "_main", referenced from:
     implicit entry/start for main executable
ld: symbol(s) not found for architecture x86_64
clang: error: linker command failed with exit code 1 (use -v to see invocation)
make[4]: *** [cmTC_14241] Error 1
make[3]: *** [cmTC_14241/fast] Error 2

Performing CXX Test BOOL_NOTDEFINED failed with the following output:
Change Dir: /Users/fabianhielscher/Dev/Masterarbeit/code/build/ITK-build/CMakeFiles/CMakeTmp

Run Build Command(s):/usr/bin/make cmTC_f89fb/fast 
/Library/Developer/CommandLineTools/usr/bin/make -f CMakeFiles/cmTC_f89fb.dir/build.make CMakeFiles/cmTC_f89fb.dir/build
Building CXX object CMakeFiles/cmTC_f89fb.dir/HDFCXXTests.cpp.o
/Library/Developer/CommandLineTools/usr/bin/c++    -std=c++11  -Wall -Wcast-align -Wdisabled-optimization -Wextra -Wformat=2 -Winvalid-pch -Wno-format-nonliteral -Wpointer-arith -Wshadow -Wunused -Wwrite-strings -funit-at-a-time -Wno-strict-overflow -Wno-deprecated -Wno-invalid-offsetof -Woverloaded-virtual  -w -DBOOL_NOTDEFINED  -DHAVE_SYS_TIME_H -DHAVE_UNISTD_H -DHAVE_SYS_TYPES_H -DHAVE_SYS_SOCKET_H -isysroot /Library/Developer/CommandLineTools/SDKs/MacOSX10.14.sdk -fPIE   -o CMakeFiles/cmTC_f89fb.dir/HDFCXXTests.cpp.o -c /Users/fabianhielscher/Dev/Masterarbeit/code/build/ITK/Modules/ThirdParty/HDF5/src/itkhdf5/config/cmake_ext_mod/HDFCXXTests.cpp
Linking CXX executable cmTC_f89fb
/Library/Frameworks/Python.framework/Versions/3.7/lib/python3.7/site-packages/cmake/data/CMake.app/Contents/bin/cmake -E cmake_link_script CMakeFiles/cmTC_f89fb.dir/link.txt --verbose=1
/Library/Developer/CommandLineTools/usr/bin/c++   -std=c++11  -Wall -Wcast-align -Wdisabled-optimization -Wextra -Wformat=2 -Winvalid-pch -Wno-format-nonliteral -Wpointer-arith -Wshadow -Wunused -Wwrite-strings -funit-at-a-time -Wno-strict-overflow -Wno-deprecated -Wno-invalid-offsetof -Woverloaded-virtual  -w -DBOOL_NOTDEFINED  -DHAVE_SYS_TIME_H -DHAVE_UNISTD_H -DHAVE_SYS_TYPES_H -DHAVE_SYS_SOCKET_H -isysroot /Library/Developer/CommandLineTools/SDKs/MacOSX10.14.sdk -Wl,-search_paths_first -Wl,-headerpad_max_install_names    CMakeFiles/cmTC_f89fb.dir/HDFCXXTests.cpp.o  -o cmTC_f89fb -lm -ldl 

Performing CXX Test NO_STATIC_CAST failed with the following output:
Change Dir: /Users/fabianhielscher/Dev/Masterarbeit/code/build/ITK-build/CMakeFiles/CMakeTmp

Run Build Command(s):/usr/bin/make cmTC_05a27/fast 
/Library/Developer/CommandLineTools/usr/bin/make -f CMakeFiles/cmTC_05a27.dir/build.make CMakeFiles/cmTC_05a27.dir/build
Building CXX object CMakeFiles/cmTC_05a27.dir/HDFCXXTests.cpp.o
/Library/Developer/CommandLineTools/usr/bin/c++    -std=c++11  -Wall -Wcast-align -Wdisabled-optimization -Wextra -Wformat=2 -Winvalid-pch -Wno-format-nonliteral -Wpointer-arith -Wshadow -Wunused -Wwrite-strings -funit-at-a-time -Wno-strict-overflow -Wno-deprecated -Wno-invalid-offsetof -Woverloaded-virtual  -w -DNO_STATIC_CAST  -DHAVE_SYS_TIME_H -DHAVE_UNISTD_H -DHAVE_SYS_TYPES_H -DHAVE_SYS_SOCKET_H -isysroot /Library/Developer/CommandLineTools/SDKs/MacOSX10.14.sdk -fPIE   -o CMakeFiles/cmTC_05a27.dir/HDFCXXTests.cpp.o -c /Users/fabianhielscher/Dev/Masterarbeit/code/build/ITK/Modules/ThirdParty/HDF5/src/itkhdf5/config/cmake_ext_mod/HDFCXXTests.cpp
Linking CXX executable cmTC_05a27
/Library/Frameworks/Python.framework/Versions/3.7/lib/python3.7/site-packages/cmake/data/CMake.app/Contents/bin/cmake -E cmake_link_script CMakeFiles/cmTC_05a27.dir/link.txt --verbose=1
/Library/Developer/CommandLineTools/usr/bin/c++   -std=c++11  -Wall -Wcast-align -Wdisabled-optimization -Wextra -Wformat=2 -Winvalid-pch -Wno-format-nonliteral -Wpointer-arith -Wshadow -Wunused -Wwrite-strings -funit-at-a-time -Wno-strict-overflow -Wno-deprecated -Wno-invalid-offsetof -Woverloaded-virtual  -w -DNO_STATIC_CAST  -DHAVE_SYS_TIME_H -DHAVE_UNISTD_H -DHAVE_SYS_TYPES_H -DHAVE_SYS_SOCKET_H -isysroot /Library/Developer/CommandLineTools/SDKs/MacOSX10.14.sdk -Wl,-search_paths_first -Wl,-headerpad_max_install_names    CMakeFiles/cmTC_05a27.dir/HDFCXXTests.cpp.o  -o cmTC_05a27 -lm -ldl 

Determining if the function clock_gettime exists in the rt failed with the following output:
Change Dir: /Users/fabianhielscher/Dev/Masterarbeit/code/build/ITK-build/CMakeFiles/CMakeTmp

Run Build Command(s):/usr/bin/make cmTC_a924a/fast 
/Library/Developer/CommandLineTools/usr/bin/make -f CMakeFiles/cmTC_a924a.dir/build.make CMakeFiles/cmTC_a924a.dir/build
Building C object CMakeFiles/cmTC_a924a.dir/CheckFunctionExists.c.o
/Library/Developer/CommandLineTools/usr/bin/cc   -Wno-uninitialized -Wno-unused-parameter -Wall -Wcast-align -Wdisabled-optimization -Wextra -Wformat=2 -Winvalid-pch -Wno-format-nonliteral -Wpointer-arith -Wshadow -Wunused -Wwrite-strings -funit-at-a-time -Wno-strict-overflow  -w -DCHECK_FUNCTION_EXISTS=clock_gettime -isysroot /Library/Developer/CommandLineTools/SDKs/MacOSX10.14.sdk -fPIE   -o CMakeFiles/cmTC_a924a.dir/CheckFunctionExists.c.o   -c /Library/Frameworks/Python.framework/Versions/3.7/lib/python3.7/site-packages/cmake/data/CMake.app/Contents/share/cmake-3.14/Modules/CheckFunctionExists.c
Linking C executable cmTC_a924a
/Library/Frameworks/Python.framework/Versions/3.7/lib/python3.7/site-packages/cmake/data/CMake.app/Contents/bin/cmake -E cmake_link_script CMakeFiles/cmTC_a924a.dir/link.txt --verbose=1
/Library/Developer/CommandLineTools/usr/bin/cc   -Wno-uninitialized -Wno-unused-parameter -Wall -Wcast-align -Wdisabled-optimization -Wextra -Wformat=2 -Winvalid-pch -Wno-format-nonliteral -Wpointer-arith -Wshadow -Wunused -Wwrite-strings -funit-at-a-time -Wno-strict-overflow  -w -DCHECK_FUNCTION_EXISTS=clock_gettime -isysroot /Library/Developer/CommandLineTools/SDKs/MacOSX10.14.sdk -Wl,-search_paths_first -Wl,-headerpad_max_install_names    CMakeFiles/cmTC_a924a.dir/CheckFunctionExists.c.o  -o cmTC_a924a -lrt -lm -ldl 
ld: library not found for -lrt
clang: error: linker command failed with exit code 1 (use -v to see invocation)
make[4]: *** [cmTC_a924a] Error 1
make[3]: *** [cmTC_a924a/fast] Error 2


Determining if the function clock_gettime exists in the posix4 failed with the following output:
Change Dir: /Users/fabianhielscher/Dev/Masterarbeit/code/build/ITK-build/CMakeFiles/CMakeTmp

Run Build Command(s):/usr/bin/make cmTC_044a5/fast 
/Library/Developer/CommandLineTools/usr/bin/make -f CMakeFiles/cmTC_044a5.dir/build.make CMakeFiles/cmTC_044a5.dir/build
Building C object CMakeFiles/cmTC_044a5.dir/CheckFunctionExists.c.o
/Library/Developer/CommandLineTools/usr/bin/cc   -Wno-uninitialized -Wno-unused-parameter -Wall -Wcast-align -Wdisabled-optimization -Wextra -Wformat=2 -Winvalid-pch -Wno-format-nonliteral -Wpointer-arith -Wshadow -Wunused -Wwrite-strings -funit-at-a-time -Wno-strict-overflow  -w -DCHECK_FUNCTION_EXISTS=clock_gettime -isysroot /Library/Developer/CommandLineTools/SDKs/MacOSX10.14.sdk -fPIE   -o CMakeFiles/cmTC_044a5.dir/CheckFunctionExists.c.o   -c /Library/Frameworks/Python.framework/Versions/3.7/lib/python3.7/site-packages/cmake/data/CMake.app/Contents/share/cmake-3.14/Modules/CheckFunctionExists.c
Linking C executable cmTC_044a5
/Library/Frameworks/Python.framework/Versions/3.7/lib/python3.7/site-packages/cmake/data/CMake.app/Contents/bin/cmake -E cmake_link_script CMakeFiles/cmTC_044a5.dir/link.txt --verbose=1
/Library/Developer/CommandLineTools/usr/bin/cc   -Wno-uninitialized -Wno-unused-parameter -Wall -Wcast-align -Wdisabled-optimization -Wextra -Wformat=2 -Winvalid-pch -Wno-format-nonliteral -Wpointer-arith -Wshadow -Wunused -Wwrite-strings -funit-at-a-time -Wno-strict-overflow  -w -DCHECK_FUNCTION_EXISTS=clock_gettime -isysroot /Library/Developer/CommandLineTools/SDKs/MacOSX10.14.sdk -Wl,-search_paths_first -Wl,-headerpad_max_install_names    CMakeFiles/cmTC_044a5.dir/CheckFunctionExists.c.o  -o cmTC_044a5 -lposix4 -lm -ldl 
ld: library not found for -lposix4
clang: error: linker command failed with exit code 1 (use -v to see invocation)
make[4]: *** [cmTC_044a5] Error 1
make[3]: *** [cmTC_044a5/fast] Error 2


Test TEST_DIRECT_VFD_WORKS Compile failed with the following output:
 Change Dir: /Users/fabianhielscher/Dev/Masterarbeit/code/build/ITK-build/CMakeFiles/CMakeTmp

Run Build Command(s):/usr/bin/make cmTC_b943d/fast 
/Library/Developer/CommandLineTools/usr/bin/make -f CMakeFiles/cmTC_b943d.dir/build.make CMakeFiles/cmTC_b943d.dir/build
Building C object CMakeFiles/cmTC_b943d.dir/HDFTests.c.o
/Library/Developer/CommandLineTools/usr/bin/cc   -Wno-uninitialized -Wno-unused-parameter -Wall -Wcast-align -Wdisabled-optimization -Wextra -Wformat=2 -Winvalid-pch -Wno-format-nonliteral -Wpointer-arith -Wshadow -Wunused -Wwrite-strings -funit-at-a-time -Wno-strict-overflow  -w -DTEST_DIRECT_VFD_WORKS -D_GNU_SOURCE -isysroot /Library/Developer/CommandLineTools/SDKs/MacOSX10.14.sdk -fPIE   -o CMakeFiles/cmTC_b943d.dir/HDFTests.c.o   -c /Users/fabianhielscher/Dev/Masterarbeit/code/build/ITK/Modules/ThirdParty/HDF5/src/itkhdf5/config/cmake_ext_mod/HDFTests.c
/Users/fabianhielscher/Dev/Masterarbeit/code/build/ITK/Modules/ThirdParty/HDF5/src/itkhdf5/config/cmake_ext_mod/HDFTests.c:314:49: error: use of undeclared identifier 'O_DIRECT'
   if((fid=open("tst_file", O_CREAT | O_TRUNC | O_DIRECT, 0755))<0)
                                                ^
1 error generated.
make[4]: *** [CMakeFiles/cmTC_b943d.dir/HDFTests.c.o] Error 1
make[3]: *** [cmTC_b943d/fast] Error 2

Test H5_LDOUBLE_TO_LONG_SPECIAL Run failed with the following output and exit code:
 Change Dir: /Users/fabianhielscher/Dev/Masterarbeit/code/build/ITK-build/CMakeFiles/CMakeTmp

Run Build Command(s):/usr/bin/make cmTC_aca21/fast 
/Library/Developer/CommandLineTools/usr/bin/make -f CMakeFiles/cmTC_aca21.dir/build.make CMakeFiles/cmTC_aca21.dir/build
Building C object CMakeFiles/cmTC_aca21.dir/ConversionTests.c.o
/Library/Developer/CommandLineTools/usr/bin/cc   -Wno-uninitialized -Wno-unused-parameter -Wall -Wcast-align -Wdisabled-optimization -Wextra -Wformat=2 -Winvalid-pch -Wno-format-nonliteral -Wpointer-arith -Wshadow -Wunused -Wwrite-strings -funit-at-a-time -Wno-strict-overflow  -w -DH5_LDOUBLE_TO_LONG_SPECIAL_TEST -isysroot /Library/Developer/CommandLineTools/SDKs/MacOSX10.14.sdk -fPIE   -o CMakeFiles/cmTC_aca21.dir/ConversionTests.c.o   -c /Users/fabianhielscher/Dev/Masterarbeit/code/build/ITK/Modules/ThirdParty/HDF5/src/itkhdf5/config/cmake/ConversionTests.c
Linking C executable cmTC_aca21
/Library/Frameworks/Python.framework/Versions/3.7/lib/python3.7/site-packages/cmake/data/CMake.app/Contents/bin/cmake -E cmake_link_script CMakeFiles/cmTC_aca21.dir/link.txt --verbose=1
/Library/Developer/CommandLineTools/usr/bin/cc   -Wno-uninitialized -Wno-unused-parameter -Wall -Wcast-align -Wdisabled-optimization -Wextra -Wformat=2 -Winvalid-pch -Wno-format-nonliteral -Wpointer-arith -Wshadow -Wunused -Wwrite-strings -funit-at-a-time -Wno-strict-overflow  -w -DH5_LDOUBLE_TO_LONG_SPECIAL_TEST -isysroot /Library/Developer/CommandLineTools/SDKs/MacOSX10.14.sdk -Wl,-search_paths_first -Wl,-headerpad_max_install_names    CMakeFiles/cmTC_aca21.dir/ConversionTests.c.o  -o cmTC_aca21 

Test H5_LONG_TO_LDOUBLE_SPECIAL Run failed with the following output and exit code:
 Change Dir: /Users/fabianhielscher/Dev/Masterarbeit/code/build/ITK-build/CMakeFiles/CMakeTmp

Run Build Command(s):/usr/bin/make cmTC_84040/fast 
/Library/Developer/CommandLineTools/usr/bin/make -f CMakeFiles/cmTC_84040.dir/build.make CMakeFiles/cmTC_84040.dir/build
Building C object CMakeFiles/cmTC_84040.dir/ConversionTests.c.o
/Library/Developer/CommandLineTools/usr/bin/cc   -Wno-uninitialized -Wno-unused-parameter -Wall -Wcast-align -Wdisabled-optimization -Wextra -Wformat=2 -Winvalid-pch -Wno-format-nonliteral -Wpointer-arith -Wshadow -Wunused -Wwrite-strings -funit-at-a-time -Wno-strict-overflow  -w -DH5_LONG_TO_LDOUBLE_SPECIAL_TEST -isysroot /Library/Developer/CommandLineTools/SDKs/MacOSX10.14.sdk -fPIE   -o CMakeFiles/cmTC_84040.dir/ConversionTests.c.o   -c /Users/fabianhielscher/Dev/Masterarbeit/code/build/ITK/Modules/ThirdParty/HDF5/src/itkhdf5/config/cmake/ConversionTests.c
Linking C executable cmTC_84040
/Library/Frameworks/Python.framework/Versions/3.7/lib/python3.7/site-packages/cmake/data/CMake.app/Contents/bin/cmake -E cmake_link_script CMakeFiles/cmTC_84040.dir/link.txt --verbose=1
/Library/Developer/CommandLineTools/usr/bin/cc   -Wno-uninitialized -Wno-unused-parameter -Wall -Wcast-align -Wdisabled-optimization -Wextra -Wformat=2 -Winvalid-pch -Wno-format-nonliteral -Wpointer-arith -Wshadow -Wunused -Wwrite-strings -funit-at-a-time -Wno-strict-overflow  -w -DH5_LONG_TO_LDOUBLE_SPECIAL_TEST -isysroot /Library/Developer/CommandLineTools/SDKs/MacOSX10.14.sdk -Wl,-search_paths_first -Wl,-headerpad_max_install_names    CMakeFiles/cmTC_84040.dir/ConversionTests.c.o  -o cmTC_84040 

Determining if files malloc.h exist failed with the following output:
Change Dir: /Users/fabianhielscher/Dev/Masterarbeit/code/build/ITK-build/CMakeFiles/CMakeTmp

Run Build Command(s):/usr/bin/make cmTC_27c7f/fast 
/Library/Developer/CommandLineTools/usr/bin/make -f CMakeFiles/cmTC_27c7f.dir/build.make CMakeFiles/cmTC_27c7f.dir/build
Building C object CMakeFiles/cmTC_27c7f.dir/HAVE_MALLOC_H.c.o
/Library/Developer/CommandLineTools/usr/bin/cc   -Wno-uninitialized -Wno-unused-parameter -Wall -Wcast-align -Wdisabled-optimization -Wextra -Wformat=2 -Winvalid-pch -Wno-format-nonliteral -Wpointer-arith -Wshadow -Wunused -Wwrite-strings -funit-at-a-time -Wno-strict-overflow  -w  -isysroot /Library/Developer/CommandLineTools/SDKs/MacOSX10.14.sdk -fPIE   -o CMakeFiles/cmTC_27c7f.dir/HAVE_MALLOC_H.c.o   -c /Users/fabianhielscher/Dev/Masterarbeit/code/build/ITK-build/CMakeFiles/CheckIncludeFiles/HAVE_MALLOC_H.c
/Users/fabianhielscher/Dev/Masterarbeit/code/build/ITK-build/CMakeFiles/CheckIncludeFiles/HAVE_MALLOC_H.c:2:10: fatal error: 'malloc.h' file not found
#include <malloc.h>
         ^~~~~~~~~~
1 error generated.
make[4]: *** [CMakeFiles/cmTC_27c7f.dir/HAVE_MALLOC_H.c.o] Error 1
make[3]: *** [cmTC_27c7f/fast] Error 2

Source:
/* */
#include <malloc.h>


int main(void){return 0;}

Determining if files windows.h exist failed with the following output:
Change Dir: /Users/fabianhielscher/Dev/Masterarbeit/code/build/ITK-build/CMakeFiles/CMakeTmp

Run Build Command(s):/usr/bin/make cmTC_e5f1e/fast 
/Library/Developer/CommandLineTools/usr/bin/make -f CMakeFiles/cmTC_e5f1e.dir/build.make CMakeFiles/cmTC_e5f1e.dir/build
Building C object CMakeFiles/cmTC_e5f1e.dir/HAVE_WINDOWS_H.c.o
/Library/Developer/CommandLineTools/usr/bin/cc   -Wno-uninitialized -Wno-unused-parameter -Wall -Wcast-align -Wdisabled-optimization -Wextra -Wformat=2 -Winvalid-pch -Wno-format-nonliteral -Wpointer-arith -Wshadow -Wunused -Wwrite-strings -funit-at-a-time -Wno-strict-overflow  -w  -isysroot /Library/Developer/CommandLineTools/SDKs/MacOSX10.14.sdk -fPIE   -o CMakeFiles/cmTC_e5f1e.dir/HAVE_WINDOWS_H.c.o   -c /Users/fabianhielscher/Dev/Masterarbeit/code/build/ITK-build/CMakeFiles/CheckIncludeFiles/HAVE_WINDOWS_H.c
/Users/fabianhielscher/Dev/Masterarbeit/code/build/ITK-build/CMakeFiles/CheckIncludeFiles/HAVE_WINDOWS_H.c:2:10: fatal error: 'windows.h' file not found
#include <windows.h>
         ^~~~~~~~~~~
1 error generated.
make[4]: *** [CMakeFiles/cmTC_e5f1e.dir/HAVE_WINDOWS_H.c.o] Error 1
make[3]: *** [cmTC_e5f1e/fast] Error 2

Source:
/* */
#include <windows.h>


int main(void){return 0;}

Determining if files ieeefp.h exist failed with the following output:
Change Dir: /Users/fabianhielscher/Dev/Masterarbeit/code/build/ITK-build/CMakeFiles/CMakeTmp

Run Build Command(s):/usr/bin/make cmTC_fab47/fast 
/Library/Developer/CommandLineTools/usr/bin/make -f CMakeFiles/cmTC_fab47.dir/build.make CMakeFiles/cmTC_fab47.dir/build
Building C object CMakeFiles/cmTC_fab47.dir/HAVE_IEEEFP_H.c.o
/Library/Developer/CommandLineTools/usr/bin/cc   -Wno-uninitialized -Wno-unused-parameter -Wall -Wcast-align -Wdisabled-optimization -Wextra -Wformat=2 -Winvalid-pch -Wno-format-nonliteral -Wpointer-arith -Wshadow -Wunused -Wwrite-strings -funit-at-a-time -Wno-strict-overflow  -w  -isysroot /Library/Developer/CommandLineTools/SDKs/MacOSX10.14.sdk -fPIE   -o CMakeFiles/cmTC_fab47.dir/HAVE_IEEEFP_H.c.o   -c /Users/fabianhielscher/Dev/Masterarbeit/code/build/ITK-build/CMakeFiles/CheckIncludeFiles/HAVE_IEEEFP_H.c
/Users/fabianhielscher/Dev/Masterarbeit/code/build/ITK-build/CMakeFiles/CheckIncludeFiles/HAVE_IEEEFP_H.c:2:10: fatal error: 'ieeefp.h' file not found
#include <ieeefp.h>
         ^~~~~~~~~~
1 error generated.
make[4]: *** [CMakeFiles/cmTC_fab47.dir/HAVE_IEEEFP_H.c.o] Error 1
make[3]: *** [cmTC_fab47/fast] Error 2

Source:
/* */
#include <ieeefp.h>


int main(void){return 0;}

Determining if the function clock_gettime exists in the rt failed with the following output:
Change Dir: /Users/fabianhielscher/Dev/Masterarbeit/code/build/ITK-build/CMakeFiles/CMakeTmp

Run Build Command(s):/usr/bin/make cmTC_4e6a0/fast 
/Library/Developer/CommandLineTools/usr/bin/make -f CMakeFiles/cmTC_4e6a0.dir/build.make CMakeFiles/cmTC_4e6a0.dir/build
Building C object CMakeFiles/cmTC_4e6a0.dir/CheckFunctionExists.c.o
/Library/Developer/CommandLineTools/usr/bin/cc   -Wno-uninitialized -Wno-unused-parameter -Wall -Wcast-align -Wdisabled-optimization -Wextra -Wformat=2 -Winvalid-pch -Wno-format-nonliteral -Wpointer-arith -Wshadow -Wunused -Wwrite-strings -funit-at-a-time -Wno-strict-overflow  -w   -fPIC -DCHECK_FUNCTION_EXISTS=clock_gettime -isysroot /Library/Developer/CommandLineTools/SDKs/MacOSX10.14.sdk -fPIE   -o CMakeFiles/cmTC_4e6a0.dir/CheckFunctionExists.c.o   -c /Library/Frameworks/Python.framework/Versions/3.7/lib/python3.7/site-packages/cmake/data/CMake.app/Contents/share/cmake-3.14/Modules/CheckFunctionExists.c
Linking C executable cmTC_4e6a0
/Library/Frameworks/Python.framework/Versions/3.7/lib/python3.7/site-packages/cmake/data/CMake.app/Contents/bin/cmake -E cmake_link_script CMakeFiles/cmTC_4e6a0.dir/link.txt --verbose=1
/Library/Developer/CommandLineTools/usr/bin/cc   -Wno-uninitialized -Wno-unused-parameter -Wall -Wcast-align -Wdisabled-optimization -Wextra -Wformat=2 -Winvalid-pch -Wno-format-nonliteral -Wpointer-arith -Wshadow -Wunused -Wwrite-strings -funit-at-a-time -Wno-strict-overflow  -w   -fPIC -DCHECK_FUNCTION_EXISTS=clock_gettime -isysroot /Library/Developer/CommandLineTools/SDKs/MacOSX10.14.sdk -Wl,-search_paths_first -Wl,-headerpad_max_install_names    CMakeFiles/cmTC_4e6a0.dir/CheckFunctionExists.c.o  -o cmTC_4e6a0  -L/Users/fabianhielscher/Dev/Masterarbeit/code/build/ITK-build/CMakeFiles/CMakeTmp/time.h -Wl,-rpath,/Users/fabianhielscher/Dev/Masterarbeit/code/build/ITK-build/CMakeFiles/CMakeTmp/time.h -lrt 
ld: library not found for -lrt
clang: error: linker command failed with exit code 1 (use -v to see invocation)
make[4]: *** [cmTC_4e6a0] Error 1
make[3]: *** [cmTC_4e6a0/fast] Error 2


Determining if files sys/ndir.h exist failed with the following output:
Change Dir: /Users/fabianhielscher/Dev/Masterarbeit/code/build/ITK-build/CMakeFiles/CMakeTmp

Run Build Command(s):/usr/bin/make cmTC_d0f84/fast 
/Library/Developer/CommandLineTools/usr/bin/make -f CMakeFiles/cmTC_d0f84.dir/build.make CMakeFiles/cmTC_d0f84.dir/build
Building C object CMakeFiles/cmTC_d0f84.dir/HAVE_SYS_NDIR_H.c.o
/Library/Developer/CommandLineTools/usr/bin/cc   -Wno-uninitialized -Wno-unused-parameter -Wall -Wcast-align -Wdisabled-optimization -Wextra -Wformat=2 -Winvalid-pch -Wno-format-nonliteral -Wpointer-arith -Wshadow -Wunused -Wwrite-strings -funit-at-a-time -Wno-strict-overflow  -w   -fPIC  -isysroot /Library/Developer/CommandLineTools/SDKs/MacOSX10.14.sdk -fPIE   -o CMakeFiles/cmTC_d0f84.dir/HAVE_SYS_NDIR_H.c.o   -c /Users/fabianhielscher/Dev/Masterarbeit/code/build/ITK-build/CMakeFiles/CheckIncludeFiles/HAVE_SYS_NDIR_H.c
/Users/fabianhielscher/Dev/Masterarbeit/code/build/ITK-build/CMakeFiles/CheckIncludeFiles/HAVE_SYS_NDIR_H.c:2:10: fatal error: 'sys/ndir.h' file not found
#include <sys/ndir.h>
         ^~~~~~~~~~~~
1 error generated.
make[4]: *** [CMakeFiles/cmTC_d0f84.dir/HAVE_SYS_NDIR_H.c.o] Error 1
make[3]: *** [cmTC_d0f84/fast] Error 2

Source:
/* */
#include <sys/ndir.h>


int main(void){return 0;}

Determining if files values.h exist failed with the following output:
Change Dir: /Users/fabianhielscher/Dev/Masterarbeit/code/build/ITK-build/CMakeFiles/CMakeTmp

Run Build Command(s):/usr/bin/make cmTC_21a96/fast 
/Library/Developer/CommandLineTools/usr/bin/make -f CMakeFiles/cmTC_21a96.dir/build.make CMakeFiles/cmTC_21a96.dir/build
Building C object CMakeFiles/cmTC_21a96.dir/HAVE_VALUES_H.c.o
/Library/Developer/CommandLineTools/usr/bin/cc   -Wno-uninitialized -Wno-unused-parameter -Wall -Wcast-align -Wdisabled-optimization -Wextra -Wformat=2 -Winvalid-pch -Wno-format-nonliteral -Wpointer-arith -Wshadow -Wunused -Wwrite-strings -funit-at-a-time -Wno-strict-overflow  -w   -fPIC  -isysroot /Library/Developer/CommandLineTools/SDKs/MacOSX10.14.sdk -fPIE   -o CMakeFiles/cmTC_21a96.dir/HAVE_VALUES_H.c.o   -c /Users/fabianhielscher/Dev/Masterarbeit/code/build/ITK-build/CMakeFiles/CheckIncludeFiles/HAVE_VALUES_H.c
/Users/fabianhielscher/Dev/Masterarbeit/code/build/ITK-build/CMakeFiles/CheckIncludeFiles/HAVE_VALUES_H.c:2:10: fatal error: 'values.h' file not found
#include <values.h>
         ^~~~~~~~~~
1 error generated.
make[4]: *** [CMakeFiles/cmTC_21a96.dir/HAVE_VALUES_H.c.o] Error 1
make[3]: *** [cmTC_21a96/fast] Error 2

Source:
/* */
#include <values.h>


int main(void){return 0;}

Determining if files vfork.h exist failed with the following output:
Change Dir: /Users/fabianhielscher/Dev/Masterarbeit/code/build/ITK-build/CMakeFiles/CMakeTmp

Run Build Command(s):/usr/bin/make cmTC_5b5c0/fast 
/Library/Developer/CommandLineTools/usr/bin/make -f CMakeFiles/cmTC_5b5c0.dir/build.make CMakeFiles/cmTC_5b5c0.dir/build
Building C object CMakeFiles/cmTC_5b5c0.dir/HAVE_VFORK_H.c.o
/Library/Developer/CommandLineTools/usr/bin/cc   -Wno-uninitialized -Wno-unused-parameter -Wall -Wcast-align -Wdisabled-optimization -Wextra -Wformat=2 -Winvalid-pch -Wno-format-nonliteral -Wpointer-arith -Wshadow -Wunused -Wwrite-strings -funit-at-a-time -Wno-strict-overflow  -w   -fPIC  -isysroot /Library/Developer/CommandLineTools/SDKs/MacOSX10.14.sdk -fPIE   -o CMakeFiles/cmTC_5b5c0.dir/HAVE_VFORK_H.c.o   -c /Users/fabianhielscher/Dev/Masterarbeit/code/build/ITK-build/CMakeFiles/CheckIncludeFiles/HAVE_VFORK_H.c
/Users/fabianhielscher/Dev/Masterarbeit/code/build/ITK-build/CMakeFiles/CheckIncludeFiles/HAVE_VFORK_H.c:2:10: fatal error: 'vfork.h' file not found
#include <vfork.h>
         ^~~~~~~~~
1 error generated.
make[4]: *** [CMakeFiles/cmTC_5b5c0.dir/HAVE_VFORK_H.c.o] Error 1
make[3]: *** [cmTC_5b5c0/fast] Error 2

Source:
/* */
#include <vfork.h>


int main(void){return 0;}

Value of the 22nd bit of a 32-bit quiet-NaN is 1TestQnanhibit.c produced following output:
Change Dir: /Users/fabianhielscher/Dev/Masterarbeit/code/build/ITK-build/CMakeFiles/CMakeTmp

Run Build Command(s):/usr/bin/make cmTC_b8bd8/fast 
/Library/Developer/CommandLineTools/usr/bin/make -f CMakeFiles/cmTC_b8bd8.dir/build.make CMakeFiles/cmTC_b8bd8.dir/build
Building C object CMakeFiles/cmTC_b8bd8.dir/TestQnanhibit.c.o
/Library/Developer/CommandLineTools/usr/bin/cc   -Wno-uninitialized -Wno-unused-parameter -Wall -Wcast-align -Wdisabled-optimization -Wextra -Wformat=2 -Winvalid-pch -Wno-format-nonliteral -Wpointer-arith -Wshadow -Wunused -Wwrite-strings -funit-at-a-time -Wno-strict-overflow  -w  -isysroot /Library/Developer/CommandLineTools/SDKs/MacOSX10.14.sdk -fPIE   -o CMakeFiles/cmTC_b8bd8.dir/TestQnanhibit.c.o   -c /Users/fabianhielscher/Dev/Masterarbeit/code/build/ITK/Modules/ThirdParty/NrrdIO/src/NrrdIO/CMake/TestQnanhibit.c
Linking C executable cmTC_b8bd8
/Library/Frameworks/Python.framework/Versions/3.7/lib/python3.7/site-packages/cmake/data/CMake.app/Contents/bin/cmake -E cmake_link_script CMakeFiles/cmTC_b8bd8.dir/link.txt --verbose=1
/Library/Developer/CommandLineTools/usr/bin/cc   -Wno-uninitialized -Wno-unused-parameter -Wall -Wcast-align -Wdisabled-optimization -Wextra -Wformat=2 -Winvalid-pch -Wno-format-nonliteral -Wpointer-arith -Wshadow -Wunused -Wwrite-strings -funit-at-a-time -Wno-strict-overflow  -w  -isysroot /Library/Developer/CommandLineTools/SDKs/MacOSX10.14.sdk -Wl,-search_paths_first -Wl,-headerpad_max_install_names    CMakeFiles/cmTC_b8bd8.dir/TestQnanhibit.c.o  -o cmTC_b8bd8 
-DTEEM_QNANHIBIT=1


